Using Python 3.13.5 environment at: .venv-rocm
Resolved 12 packages in 1m 08s
Downloading sympy (6.0MiB)
Downloading setuptools (1.2MiB)
Downloading networkx (2.0MiB)
Downloading torch (4.5GiB)
Downloading triton-rocm (288.5MiB)
Downloading numpy (15.9MiB)
 Downloaded setuptools
 Downloaded networkx
 Downloaded sympy
 Downloaded numpy
 Downloaded triton-rocm
 Downloaded torch
Prepared 12 packages in 4m 56s
Installed 12 packages in 154ms
 + filelock==3.29.0
 + fsspec==2026.4.0
 + jinja2==3.1.6
 + markupsafe==3.0.3
 + mpmath==1.3.0
 + networkx==3.6.1
 + numpy==2.4.4
 + setuptools==78.1.0
 + sympy==1.14.0
 + torch==2.10.0+rocm7.0
 + triton-rocm==3.6.0
 + typing-extensions==4.15.0
