params: 94M total / 56M active | mode=joint lambda_pred=0.0
Warning: You are sending unauthenticated requests to the HF Hub. Please set a HF_TOKEN to enable higher rate limits and faster downloads.
step     0 | lm 10.998 | pred 2.149 | 649 tok/s
step    20 | lm 10.569 | pred 2.149 | 8207 tok/s
step    40 | lm 9.337 | pred 2.164 | 11520 tok/s
step    60 | lm 8.449 | pred 2.066 | 13366 tok/s
step    80 | lm 7.531 | pred 2.221 | 14540 tok/s
step   100 | lm 7.706 | pred 2.131 | 15364 tok/s
step   120 | lm 7.443 | pred 2.139 | 15957 tok/s
step   140 | lm 7.439 | pred 2.119 | 16418 tok/s
step   160 | lm 7.679 | pred 2.117 | 16791 tok/s
step   180 | lm 7.317 | pred 2.153 | 17110 tok/s
step   200 | lm 6.848 | pred 2.157 | 17373 tok/s
step   220 | lm 7.502 | pred 2.144 | 17596 tok/s
step   240 | lm 7.495 | pred 2.167 | 17783 tok/s
  eval step 250: lm 7.177 pred 2.145 hit@k [h1: 0.253]
step   260 | lm 7.126 | pred 2.135 | 17673 tok/s
step   280 | lm 7.205 | pred 2.132 | 17806 tok/s
step   300 | lm 6.867 | pred 2.139 | 17941 tok/s
step   320 | lm 7.381 | pred 2.150 | 18067 tok/s
step   340 | lm 7.426 | pred 2.139 | 18178 tok/s
step   360 | lm 7.210 | pred 2.147 | 18278 tok/s
step   380 | lm 6.828 | pred 2.141 | 18369 tok/s
step   400 | lm 7.053 | pred 2.138 | 18451 tok/s
step   420 | lm 6.838 | pred 2.139 | 18526 tok/s
step   440 | lm 7.231 | pred 2.142 | 18595 tok/s
step   460 | lm 7.018 | pred 2.140 | 18660 tok/s
step   480 | lm 7.262 | pred 2.147 | 18719 tok/s
  eval step 500: lm 6.607 pred 2.146 hit@k [h1: 0.257]
step   500 | lm 7.007 | pred 2.144 | 18640 tok/s
step   520 | lm 6.950 | pred 2.139 | 18696 tok/s
step   540 | lm 6.749 | pred 2.144 | 18746 tok/s
step   560 | lm 7.650 | pred 2.143 | 18794 tok/s
step   580 | lm 7.084 | pred 2.141 | 18839 tok/s
step   600 | lm 6.972 | pred 2.147 | 18881 tok/s
step   620 | lm 6.705 | pred 2.146 | 18922 tok/s
step   640 | lm 7.215 | pred 2.140 | 18957 tok/s
step   660 | lm 6.865 | pred 2.141 | 18991 tok/s
step   680 | lm 6.539 | pred 2.140 | 19022 tok/s
step   700 | lm 6.699 | pred 2.137 | 19051 tok/s
step   720 | lm 6.870 | pred 2.148 | 19082 tok/s
step   740 | lm 7.013 | pred 2.147 | 19111 tok/s
  eval step 750: lm 6.607 pred 2.137 hit@k [h1: 0.257]
step   760 | lm 7.071 | pred 2.139 | 19049 tok/s
step   780 | lm 6.803 | pred 2.131 | 19077 tok/s
step   800 | lm 6.747 | pred 2.141 | 19105 tok/s
step   820 | lm 7.145 | pred 2.142 | 19131 tok/s
step   840 | lm 6.467 | pred 2.139 | 19153 tok/s
step   860 | lm 7.387 | pred 2.149 | 19178 tok/s
step   880 | lm 6.381 | pred 2.135 | 19201 tok/s
step   900 | lm 6.434 | pred 2.142 | 19224 tok/s
step   920 | lm 6.611 | pred 2.152 | 19243 tok/s
step   940 | lm 7.041 | pred 2.149 | 19258 tok/s
step   960 | lm 6.793 | pred 2.142 | 19275 tok/s
step   980 | lm 7.051 | pred 2.143 | 19285 tok/s
  eval step 1000: lm 6.767 pred 2.143 hit@k [h1: 0.254]
step  1000 | lm 6.888 | pred 2.143 | 19229 tok/s
step  1020 | lm 6.551 | pred 2.149 | 19247 tok/s
step  1040 | lm 6.103 | pred 2.143 | 19264 tok/s
step  1060 | lm 6.816 | pred 2.144 | 19282 tok/s
step  1080 | lm 6.501 | pred 2.145 | 19297 tok/s
step  1100 | lm 6.563 | pred 2.145 | 19312 tok/s
step  1120 | lm 6.620 | pred 2.142 | 19326 tok/s
step  1140 | lm 6.596 | pred 2.143 | 19340 tok/s
step  1160 | lm 6.659 | pred 2.148 | 19354 tok/s
step  1180 | lm 6.435 | pred 2.140 | 19367 tok/s
step  1200 | lm 6.556 | pred 2.141 | 19380 tok/s
step  1220 | lm 6.681 | pred 2.145 | 19392 tok/s
step  1240 | lm 5.845 | pred 2.146 | 19405 tok/s
  eval step 1250: lm 6.471 pred 2.142 hit@k [h1: 0.255]
step  1260 | lm 6.458 | pred 2.141 | 19360 tok/s
step  1280 | lm 6.668 | pred 2.143 | 19371 tok/s
step  1300 | lm 6.529 | pred 2.146 | 19382 tok/s
step  1320 | lm 6.609 | pred 2.143 | 19395 tok/s
step  1340 | lm 6.540 | pred 2.139 | 19408 tok/s
step  1360 | lm 6.360 | pred 2.136 | 19418 tok/s
step  1380 | lm 6.244 | pred 2.138 | 19429 tok/s
step  1400 | lm 6.377 | pred 2.135 | 19439 tok/s
step  1420 | lm 7.305 | pred 2.143 | 19449 tok/s
step  1440 | lm 6.582 | pred 2.152 | 19459 tok/s
step  1460 | lm 6.916 | pred 2.145 | 19469 tok/s
step  1480 | lm 6.682 | pred 2.139 | 19480 tok/s
  eval step 1500: lm 6.449 pred 2.143 hit@k [h1: 0.252]
step  1500 | lm 6.996 | pred 2.145 | 19442 tok/s
step  1520 | lm 6.551 | pred 2.143 | 19451 tok/s
step  1540 | lm 7.189 | pred 2.150 | 19460 tok/s
step  1560 | lm 6.321 | pred 2.140 | 19467 tok/s
step  1580 | lm 6.825 | pred 2.142 | 19476 tok/s
step  1600 | lm 6.383 | pred 2.145 | 19484 tok/s
step  1620 | lm 6.465 | pred 2.142 | 19492 tok/s
step  1640 | lm 6.393 | pred 2.141 | 19500 tok/s
step  1660 | lm 6.590 | pred 2.144 | 19506 tok/s
step  1680 | lm 6.701 | pred 2.136 | 19514 tok/s
step  1700 | lm 6.119 | pred 2.145 | 19522 tok/s
step  1720 | lm 6.404 | pred 2.142 | 19521 tok/s
step  1740 | lm 6.391 | pred 2.144 | 19524 tok/s
  eval step 1750: lm 6.855 pred 2.146 hit@k [h1: 0.248]
step  1760 | lm 6.567 | pred 2.143 | 19492 tok/s
step  1780 | lm 6.579 | pred 2.148 | 19500 tok/s
step  1800 | lm 6.073 | pred 2.141 | 19507 tok/s
step  1820 | lm 6.359 | pred 2.144 | 19515 tok/s
step  1840 | lm 6.757 | pred 2.143 | 19522 tok/s
step  1860 | lm 6.320 | pred 2.151 | 19528 tok/s
step  1880 | lm 6.523 | pred 2.141 | 19534 tok/s
step  1900 | lm 6.202 | pred 2.144 | 19540 tok/s
step  1920 | lm 6.084 | pred 2.142 | 19547 tok/s
step  1940 | lm 6.220 | pred 2.142 | 19553 tok/s
step  1960 | lm 6.265 | pred 2.143 | 19559 tok/s
step  1980 | lm 6.451 | pred 2.138 | 19565 tok/s
  eval step 2000: lm 6.407 pred 2.140 hit@k [h1: 0.255]
step  2000 | lm 6.590 | pred 2.144 | 19535 tok/s
step  2020 | lm 6.248 | pred 2.144 | 19542 tok/s
step  2040 | lm 5.748 | pred 2.142 | 19548 tok/s
step  2060 | lm 6.236 | pred 2.147 | 19555 tok/s
step  2080 | lm 6.341 | pred 2.142 | 19561 tok/s
step  2100 | lm 6.643 | pred 2.141 | 19567 tok/s
step  2120 | lm 6.842 | pred 2.148 | 19572 tok/s
step  2140 | lm 6.393 | pred 2.142 | 19577 tok/s
step  2160 | lm 6.549 | pred 2.141 | 19583 tok/s
step  2180 | lm 6.468 | pred 2.144 | 19589 tok/s
step  2200 | lm 5.935 | pred 2.141 | 19593 tok/s
step  2220 | lm 6.254 | pred 2.142 | 19599 tok/s
step  2240 | lm 6.497 | pred 2.147 | 19603 tok/s
  eval step 2250: lm 6.358 pred 2.142 hit@k [h1: 0.251]
step  2260 | lm 6.535 | pred 2.145 | 19576 tok/s
step  2280 | lm 6.248 | pred 2.142 | 19581 tok/s
step  2300 | lm 6.390 | pred 2.134 | 19585 tok/s
step  2320 | lm 6.246 | pred 2.144 | 19591 tok/s
step  2340 | lm 6.014 | pred 2.143 | 19596 tok/s
step  2360 | lm 6.423 | pred 2.148 | 19602 tok/s
step  2380 | lm 6.530 | pred 2.148 | 19606 tok/s
step  2400 | lm 6.138 | pred 2.148 | 19611 tok/s
step  2420 | lm 6.460 | pred 2.148 | 19616 tok/s
step  2440 | lm 6.373 | pred 2.139 | 19617 tok/s
step  2460 | lm 6.343 | pred 2.141 | 19615 tok/s
step  2480 | lm 6.587 | pred 2.148 | 19614 tok/s
  eval step 2500: lm 6.240 pred 2.146 hit@k [h1: 0.246]
step  2500 | lm 6.265 | pred 2.147 | 19587 tok/s
step  2520 | lm 6.489 | pred 2.151 | 19592 tok/s
step  2540 | lm 6.077 | pred 2.142 | 19596 tok/s
step  2560 | lm 6.119 | pred 2.141 | 19600 tok/s
step  2580 | lm 6.252 | pred 2.143 | 19604 tok/s
step  2600 | lm 5.865 | pred 2.135 | 19609 tok/s
step  2620 | lm 6.002 | pred 2.140 | 19613 tok/s
step  2640 | lm 6.254 | pred 2.145 | 19618 tok/s
step  2660 | lm 6.137 | pred 2.143 | 19623 tok/s
step  2680 | lm 6.267 | pred 2.144 | 19626 tok/s
step  2700 | lm 6.120 | pred 2.139 | 19630 tok/s
step  2720 | lm 6.480 | pred 2.139 | 19634 tok/s
step  2740 | lm 5.954 | pred 2.140 | 19638 tok/s
  eval step 2750: lm 6.293 pred 2.141 hit@k [h1: 0.248]
step  2760 | lm 6.084 | pred 2.138 | 19616 tok/s
step  2780 | lm 6.687 | pred 2.143 | 19620 tok/s
step  2800 | lm 6.389 | pred 2.150 | 19625 tok/s
step  2820 | lm 5.880 | pred 2.141 | 19628 tok/s
step  2840 | lm 5.959 | pred 2.135 | 19632 tok/s
step  2860 | lm 6.878 | pred 2.138 | 19636 tok/s
step  2880 | lm 6.405 | pred 2.141 | 19639 tok/s
step  2900 | lm 5.825 | pred 2.140 | 19643 tok/s
step  2920 | lm 6.163 | pred 2.142 | 19647 tok/s
step  2940 | lm 6.286 | pred 2.139 | 19650 tok/s
step  2960 | lm 6.249 | pred 2.140 | 19654 tok/s
step  2980 | lm 6.061 | pred 2.140 | 19657 tok/s
  eval step 3000: lm 6.136 pred 2.141 hit@k [h1: 0.251]
step  3000 | lm 5.989 | pred 2.141 | 19637 tok/s
step  3020 | lm 6.315 | pred 2.139 | 19640 tok/s
step  3040 | lm 6.341 | pred 2.134 | 19644 tok/s
step  3060 | lm 6.640 | pred 2.140 | 19647 tok/s
step  3080 | lm 6.375 | pred 2.139 | 19651 tok/s
step  3100 | lm 6.153 | pred 2.134 | 19654 tok/s
step  3120 | lm 6.066 | pred 2.138 | 19657 tok/s
step  3140 | lm 6.053 | pred 2.142 | 19661 tok/s
step  3160 | lm 6.212 | pred 2.139 | 19662 tok/s
step  3180 | lm 6.220 | pred 2.137 | 19663 tok/s
step  3200 | lm 5.512 | pred 2.136 | 19665 tok/s
step  3220 | lm 6.368 | pred 2.142 | 19669 tok/s
step  3240 | lm 5.793 | pred 2.138 | 19672 tok/s
  eval step 3250: lm 6.161 pred 2.140 hit@k [h1: 0.251]
step  3260 | lm 6.318 | pred 2.136 | 19653 tok/s
step  3280 | lm 6.048 | pred 2.141 | 19656 tok/s
step  3300 | lm 6.194 | pred 2.143 | 19660 tok/s
step  3320 | lm 6.270 | pred 2.140 | 19663 tok/s
step  3340 | lm 6.297 | pred 2.139 | 19666 tok/s
step  3360 | lm 6.239 | pred 2.141 | 19670 tok/s
step  3380 | lm 5.804 | pred 2.136 | 19673 tok/s
step  3400 | lm 6.097 | pred 2.140 | 19676 tok/s
step  3420 | lm 6.615 | pred 2.139 | 19679 tok/s
step  3440 | lm 6.838 | pred 2.136 | 19682 tok/s
step  3460 | lm 5.962 | pred 2.135 | 19683 tok/s
step  3480 | lm 6.104 | pred 2.140 | 19686 tok/s
  eval step 3500: lm 6.588 pred 2.141 hit@k [h1: 0.250]
step  3500 | lm 5.979 | pred 2.139 | 19667 tok/s
step  3520 | lm 6.022 | pred 2.131 | 19670 tok/s
step  3540 | lm 6.128 | pred 2.140 | 19674 tok/s
step  3560 | lm 5.699 | pred 2.136 | 19676 tok/s
step  3580 | lm 5.951 | pred 2.138 | 19679 tok/s
step  3600 | lm 6.043 | pred 2.139 | 19682 tok/s
step  3620 | lm 5.656 | pred 2.133 | 19684 tok/s
step  3640 | lm 5.833 | pred 2.135 | 19687 tok/s
step  3660 | lm 6.123 | pred 2.142 | 19689 tok/s
step  3680 | lm 6.007 | pred 2.137 | 19692 tok/s
step  3700 | lm 6.272 | pred 2.139 | 19694 tok/s
step  3720 | lm 5.845 | pred 2.136 | 19697 tok/s
step  3740 | lm 5.566 | pred 2.130 | 19699 tok/s
  eval step 3750: lm 5.954 pred 2.136 hit@k [h1: 0.255]
step  3760 | lm 5.955 | pred 2.140 | 19682 tok/s
step  3780 | lm 6.136 | pred 2.138 | 19685 tok/s
step  3800 | lm 6.271 | pred 2.133 | 19688 tok/s
step  3820 | lm 5.905 | pred 2.137 | 19691 tok/s
step  3840 | lm 6.096 | pred 2.136 | 19693 tok/s
step  3860 | lm 5.956 | pred 2.138 | 19696 tok/s
step  3880 | lm 6.076 | pred 2.137 | 19698 tok/s
step  3900 | lm 5.658 | pred 2.138 | 19700 tok/s
step  3920 | lm 6.160 | pred 2.143 | 19700 tok/s
step  3940 | lm 6.569 | pred 2.139 | 19701 tok/s
step  3960 | lm 6.218 | pred 2.133 | 19703 tok/s
step  3980 | lm 6.200 | pred 2.136 | 19705 tok/s
  eval step 4000: lm 5.959 pred 2.141 hit@k [h1: 0.252]
step  4000 | lm 5.916 | pred 2.138 | 19689 tok/s
step  4020 | lm 7.109 | pred 2.140 | 19691 tok/s
step  4040 | lm 5.737 | pred 2.136 | 19693 tok/s
step  4060 | lm 5.741 | pred 2.137 | 19695 tok/s
step  4080 | lm 5.590 | pred 2.138 | 19697 tok/s
step  4100 | lm 5.700 | pred 2.137 | 19699 tok/s
step  4120 | lm 5.809 | pred 2.134 | 19701 tok/s
step  4140 | lm 5.833 | pred 2.139 | 19703 tok/s
step  4160 | lm 6.167 | pred 2.142 | 19705 tok/s
step  4180 | lm 6.151 | pred 2.137 | 19707 tok/s
step  4200 | lm 5.939 | pred 2.133 | 19710 tok/s
step  4220 | lm 5.843 | pred 2.138 | 19712 tok/s
step  4240 | lm 6.082 | pred 2.138 | 19714 tok/s
  eval step 4250: lm 6.271 pred 2.138 hit@k [h1: 0.252]
step  4260 | lm 5.711 | pred 2.141 | 19699 tok/s
step  4280 | lm 5.829 | pred 2.136 | 19701 tok/s
step  4300 | lm 6.345 | pred 2.138 | 19703 tok/s
step  4320 | lm 5.755 | pred 2.137 | 19704 tok/s
step  4340 | lm 6.106 | pred 2.138 | 19706 tok/s
step  4360 | lm 6.269 | pred 2.136 | 19709 tok/s
step  4380 | lm 6.038 | pred 2.137 | 19711 tok/s
step  4400 | lm 6.045 | pred 2.135 | 19714 tok/s
step  4420 | lm 6.187 | pred 2.137 | 19715 tok/s
step  4440 | lm 6.655 | pred 2.134 | 19717 tok/s
step  4460 | lm 5.858 | pred 2.137 | 19720 tok/s
step  4480 | lm 5.827 | pred 2.140 | 19722 tok/s
  eval step 4500: lm 6.057 pred 2.138 hit@k [h1: 0.253]
step  4500 | lm 5.863 | pred 2.138 | 19707 tok/s
step  4520 | lm 5.888 | pred 2.136 | 19707 tok/s
step  4540 | lm 6.000 | pred 2.137 | 19709 tok/s
step  4560 | lm 5.934 | pred 2.136 | 19711 tok/s
step  4580 | lm 6.109 | pred 2.135 | 19713 tok/s
step  4600 | lm 5.920 | pred 2.140 | 19715 tok/s
step  4620 | lm 5.815 | pred 2.137 | 19714 tok/s
step  4640 | lm 5.884 | pred 2.138 | 19715 tok/s
step  4660 | lm 5.800 | pred 2.141 | 19716 tok/s
step  4680 | lm 5.520 | pred 2.135 | 19719 tok/s
step  4700 | lm 6.787 | pred 2.140 | 19721 tok/s
step  4720 | lm 6.083 | pred 2.139 | 19722 tok/s
step  4740 | lm 6.060 | pred 2.137 | 19724 tok/s
  eval step 4750: lm 6.041 pred 2.140 hit@k [h1: 0.250]
step  4760 | lm 5.878 | pred 2.137 | 19711 tok/s
step  4780 | lm 5.565 | pred 2.138 | 19713 tok/s
step  4800 | lm 5.921 | pred 2.133 | 19715 tok/s
step  4820 | lm 5.827 | pred 2.135 | 19716 tok/s
step  4840 | lm 5.257 | pred 2.137 | 19718 tok/s
step  4860 | lm 5.907 | pred 2.140 | 19720 tok/s
step  4880 | lm 5.979 | pred 2.140 | 19722 tok/s
step  4900 | lm 6.070 | pred 2.137 | 19724 tok/s
step  4920 | lm 5.750 | pred 2.135 | 19726 tok/s
step  4940 | lm 5.791 | pred 2.137 | 19728 tok/s
step  4960 | lm 5.841 | pred 2.132 | 19730 tok/s
step  4980 | lm 6.567 | pred 2.136 | 19732 tok/s
  eval step 5000: lm 6.131 pred 2.136 hit@k [h1: 0.254]
step  5000 | lm 5.597 | pred 2.136 | 19719 tok/s
step  5020 | lm 6.730 | pred 2.134 | 19721 tok/s
step  5040 | lm 5.519 | pred 2.136 | 19723 tok/s
step  5060 | lm 5.976 | pred 2.137 | 19725 tok/s
step  5080 | lm 5.973 | pred 2.139 | 19727 tok/s
step  5100 | lm 6.490 | pred 2.140 | 19728 tok/s
step  5120 | lm 6.484 | pred 2.126 | 19730 tok/s
step  5140 | lm 6.208 | pred 2.135 | 19732 tok/s
step  5160 | lm 5.741 | pred 2.136 | 19734 tok/s
step  5180 | lm 6.119 | pred 2.137 | 19736 tok/s
step  5200 | lm 5.840 | pred 2.139 | 19737 tok/s
step  5220 | lm 6.061 | pred 2.136 | 19739 tok/s
step  5240 | lm 5.956 | pred 2.135 | 19741 tok/s
  eval step 5250: lm 5.815 pred 2.135 hit@k [h1: 0.251]
step  5260 | lm 5.947 | pred 2.139 | 19729 tok/s
step  5280 | lm 6.039 | pred 2.134 | 19731 tok/s
step  5300 | lm 6.240 | pred 2.137 | 19732 tok/s
step  5320 | lm 5.789 | pred 2.134 | 19734 tok/s
step  5340 | lm 6.210 | pred 2.136 | 19735 tok/s
step  5360 | lm 5.925 | pred 2.139 | 19736 tok/s
step  5380 | lm 6.873 | pred 2.138 | 19737 tok/s
step  5400 | lm 6.181 | pred 2.138 | 19737 tok/s
step  5420 | lm 5.940 | pred 2.141 | 19737 tok/s
step  5440 | lm 6.672 | pred 2.135 | 19739 tok/s
step  5460 | lm 6.060 | pred 2.138 | 19741 tok/s
step  5480 | lm 5.979 | pred 2.134 | 19742 tok/s
  eval step 5500: lm 5.835 pred 2.135 hit@k [h1: 0.256]
step  5500 | lm 5.449 | pred 2.135 | 19730 tok/s
step  5520 | lm 5.988 | pred 2.141 | 19732 tok/s
step  5540 | lm 5.713 | pred 2.135 | 19733 tok/s
step  5560 | lm 5.659 | pred 2.136 | 19735 tok/s
step  5580 | lm 5.546 | pred 2.136 | 19737 tok/s
step  5600 | lm 6.265 | pred 2.138 | 19738 tok/s
step  5620 | lm 5.652 | pred 2.139 | 19740 tok/s
step  5640 | lm 5.829 | pred 2.135 | 19741 tok/s
step  5660 | lm 5.772 | pred 2.136 | 19743 tok/s
step  5680 | lm 5.905 | pred 2.139 | 19745 tok/s
step  5700 | lm 5.629 | pred 2.135 | 19746 tok/s
step  5720 | lm 5.925 | pred 2.136 | 19748 tok/s
step  5740 | lm 6.018 | pred 2.135 | 19749 tok/s
  eval step 5750: lm 5.972 pred 2.136 hit@k [h1: 0.253]
step  5760 | lm 5.529 | pred 2.137 | 19738 tok/s
step  5780 | lm 6.189 | pred 2.137 | 19739 tok/s
step  5800 | lm 5.953 | pred 2.138 | 19741 tok/s
step  5820 | lm 6.152 | pred 2.137 | 19743 tok/s
step  5840 | lm 5.634 | pred 2.140 | 19744 tok/s
step  5860 | lm 5.705 | pred 2.137 | 19746 tok/s
step  5880 | lm 5.473 | pred 2.132 | 19747 tok/s
step  5900 | lm 5.908 | pred 2.138 | 19749 tok/s
step  5920 | lm 6.448 | pred 2.136 | 19750 tok/s
step  5940 | lm 6.342 | pred 2.129 | 19752 tok/s
step  5960 | lm 5.885 | pred 2.130 | 19753 tok/s
step  5980 | lm 5.696 | pred 2.136 | 19755 tok/s
  eval step 6000: lm 5.942 pred 2.137 hit@k [h1: 0.254]
saved ckpt_tierB_base.pt
terminate called without an active exception
