params: 349M total / 107M active | mode=posthoc lambda_pred=1.0
Warning: You are sending unauthenticated requests to the HF Hub. Please set a HF_TOKEN to enable higher rate limits and faster downloads.
step     0 | lm 6.134 | pred 1.260 | 5738 tok/s
step    20 | lm 5.792 | pred 1.149 | 26526 tok/s
step    40 | lm 5.735 | pred 1.026 | 29286 tok/s
step    60 | lm 5.578 | pred 0.917 | 30371 tok/s
step    80 | lm 5.795 | pred 0.875 | 30902 tok/s
step   100 | lm 5.674 | pred 0.833 | 31273 tok/s
step   120 | lm 6.149 | pred 0.835 | 31534 tok/s
step   140 | lm 5.635 | pred 0.780 | 31712 tok/s
step   160 | lm 5.558 | pred 0.749 | 31837 tok/s
step   180 | lm 5.568 | pred 0.734 | 31957 tok/s
step   200 | lm 5.476 | pred 0.719 | 32058 tok/s
step   220 | lm 5.507 | pred 0.708 | 32130 tok/s
step   240 | lm 5.629 | pred 0.696 | 32204 tok/s
step   260 | lm 5.734 | pred 0.698 | 32255 tok/s
step   280 | lm 5.545 | pred 0.635 | 32298 tok/s
step   300 | lm 5.859 | pred 0.674 | 32344 tok/s
step   320 | lm 5.577 | pred 0.665 | 32383 tok/s
step   340 | lm 5.560 | pred 0.643 | 32421 tok/s
step   360 | lm 5.870 | pred 0.666 | 32450 tok/s
step   380 | lm 6.055 | pred 0.648 | 32477 tok/s
step   400 | lm 5.693 | pred 0.628 | 32497 tok/s
step   420 | lm 5.543 | pred 0.640 | 32524 tok/s
step   440 | lm 5.853 | pred 0.636 | 32542 tok/s
step   460 | lm 5.648 | pred 0.634 | 32560 tok/s
step   480 | lm 5.837 | pred 0.625 | 32573 tok/s
  eval step 500: lm 5.933 pred 0.626 hit@k [h1: 0.888 | h2: 0.848 | h4: 0.776] | ent 1.618 persist 0.125 util_max 0.110
step   500 | lm 5.685 | pred 0.617 | 29989 tok/s
step   520 | lm 5.582 | pred 0.596 | 30096 tok/s
step   540 | lm 5.572 | pred 0.623 | 30197 tok/s
step   560 | lm 5.723 | pred 0.613 | 30291 tok/s
step   580 | lm 5.561 | pred 0.600 | 30375 tok/s
step   600 | lm 5.620 | pred 0.594 | 30443 tok/s
step   620 | lm 5.650 | pred 0.604 | 30490 tok/s
step   640 | lm 5.746 | pred 0.607 | 30557 tok/s
step   660 | lm 5.362 | pred 0.584 | 30626 tok/s
step   680 | lm 5.888 | pred 0.604 | 30684 tok/s
step   700 | lm 5.711 | pred 0.584 | 30741 tok/s
step   720 | lm 5.449 | pred 0.589 | 30795 tok/s
step   740 | lm 6.079 | pred 0.599 | 30849 tok/s
step   760 | lm 5.934 | pred 0.594 | 30900 tok/s
step   780 | lm 5.860 | pred 0.589 | 30935 tok/s
step   800 | lm 5.840 | pred 0.578 | 30979 tok/s
step   820 | lm 5.625 | pred 0.560 | 31026 tok/s
step   840 | lm 5.691 | pred 0.578 | 31070 tok/s
step   860 | lm 5.674 | pred 0.577 | 31112 tok/s
step   880 | lm 5.564 | pred 0.561 | 31154 tok/s
step   900 | lm 5.492 | pred 0.565 | 31195 tok/s
step   920 | lm 6.023 | pred 0.564 | 31232 tok/s
step   940 | lm 5.658 | pred 0.568 | 31269 tok/s
step   960 | lm 5.955 | pred 0.619 | 31295 tok/s
step   980 | lm 5.396 | pred 0.534 | 31329 tok/s
  eval step 1000: lm 5.933 pred 0.571 hit@k [h1: 0.902 | h2: 0.863 | h4: 0.795] | ent 1.618 persist 0.125 util_max 0.110
step  1000 | lm 5.768 | pred 0.563 | 30116 tok/s
step  1020 | lm 5.492 | pred 0.556 | 30168 tok/s
step  1040 | lm 5.675 | pred 0.563 | 30219 tok/s
step  1060 | lm 5.769 | pred 0.559 | 30266 tok/s
step  1080 | lm 5.776 | pred 0.541 | 30308 tok/s
step  1100 | lm 5.796 | pred 0.626 | 30351 tok/s
step  1120 | lm 5.618 | pred 0.564 | 30393 tok/s
step  1140 | lm 6.007 | pred 0.566 | 30432 tok/s
step  1160 | lm 5.846 | pred 0.567 | 30468 tok/s
step  1180 | lm 5.449 | pred 0.552 | 30505 tok/s
step  1200 | lm 5.688 | pred 0.546 | 30541 tok/s
step  1220 | lm 5.811 | pred 0.545 | 30575 tok/s
step  1240 | lm 5.775 | pred 0.555 | 30609 tok/s
step  1260 | lm 5.386 | pred 0.542 | 30642 tok/s
step  1280 | lm 5.932 | pred 0.552 | 30675 tok/s
step  1300 | lm 5.157 | pred 0.533 | 30704 tok/s
step  1320 | lm 5.907 | pred 0.567 | 30734 tok/s
step  1340 | lm 5.692 | pred 0.544 | 30764 tok/s
step  1360 | lm 5.476 | pred 0.545 | 30795 tok/s
step  1380 | lm 5.571 | pred 0.540 | 30820 tok/s
step  1400 | lm 5.777 | pred 0.543 | 30847 tok/s
step  1420 | lm 5.555 | pred 0.537 | 30876 tok/s
step  1440 | lm 5.442 | pred 0.529 | 30902 tok/s
step  1460 | lm 5.512 | pred 0.530 | 30923 tok/s
step  1480 | lm 5.760 | pred 0.542 | 30948 tok/s
  eval step 1500: lm 5.933 pred 0.551 hit@k [h1: 0.907 | h2: 0.869 | h4: 0.802] | ent 1.618 persist 0.125 util_max 0.110
step  1500 | lm 5.603 | pred 0.525 | 30155 tok/s
step  1520 | lm 5.266 | pred 0.529 | 30188 tok/s
step  1540 | lm 5.907 | pred 0.547 | 30220 tok/s
step  1560 | lm 5.347 | pred 0.494 | 30251 tok/s
step  1580 | lm 5.448 | pred 0.542 | 30281 tok/s
step  1600 | lm 5.279 | pred 0.521 | 30311 tok/s
step  1620 | lm 5.559 | pred 0.533 | 30341 tok/s
step  1640 | lm 5.321 | pred 0.543 | 30370 tok/s
step  1660 | lm 5.574 | pred 0.526 | 30394 tok/s
step  1680 | lm 5.552 | pred 0.527 | 30419 tok/s
step  1700 | lm 5.695 | pred 0.543 | 30446 tok/s
step  1720 | lm 5.238 | pred 0.529 | 30473 tok/s
step  1740 | lm 5.556 | pred 0.539 | 30499 tok/s
step  1760 | lm 5.576 | pred 0.522 | 30524 tok/s
step  1780 | lm 5.611 | pred 0.528 | 30552 tok/s
step  1800 | lm 5.669 | pred 0.537 | 30581 tok/s
step  1820 | lm 5.443 | pred 0.518 | 30608 tok/s
step  1840 | lm 5.454 | pred 0.519 | 30639 tok/s
step  1860 | lm 5.430 | pred 0.521 | 30664 tok/s
step  1880 | lm 5.747 | pred 0.538 | 30690 tok/s
step  1900 | lm 5.232 | pred 0.509 | 30714 tok/s
step  1920 | lm 5.797 | pred 0.529 | 30734 tok/s
step  1940 | lm 5.261 | pred 0.519 | 30756 tok/s
step  1960 | lm 5.719 | pred 0.544 | 30779 tok/s
step  1980 | lm 5.614 | pred 0.527 | 30802 tok/s
  eval step 2000: lm 5.933 pred 0.536 hit@k [h1: 0.911 | h2: 0.873 | h4: 0.808] | ent 1.618 persist 0.125 util_max 0.110
step  2000 | lm 5.366 | pred 0.519 | 30216 tok/s
step  2020 | lm 5.917 | pred 0.554 | 30240 tok/s
step  2040 | lm 5.694 | pred 0.524 | 30267 tok/s
step  2060 | lm 5.605 | pred 0.518 | 30292 tok/s
step  2080 | lm 6.005 | pred 0.539 | 30315 tok/s
step  2100 | lm 5.440 | pred 0.518 | 30337 tok/s
step  2120 | lm 5.417 | pred 0.528 | 30362 tok/s
step  2140 | lm 5.704 | pred 0.512 | 30386 tok/s
step  2160 | lm 5.529 | pred 0.524 | 30408 tok/s
step  2180 | lm 5.861 | pred 0.540 | 30431 tok/s
step  2200 | lm 5.300 | pred 0.523 | 30454 tok/s
step  2220 | lm 5.930 | pred 0.560 | 30476 tok/s
step  2240 | lm 5.551 | pred 0.514 | 30497 tok/s
step  2260 | lm 5.596 | pred 0.527 | 30516 tok/s
step  2280 | lm 5.393 | pred 0.504 | 30537 tok/s
step  2300 | lm 5.798 | pred 0.530 | 30557 tok/s
step  2320 | lm 5.662 | pred 0.529 | 30577 tok/s
step  2340 | lm 5.855 | pred 0.528 | 30597 tok/s
step  2360 | lm 5.714 | pred 0.518 | 30616 tok/s
step  2380 | lm 5.975 | pred 0.545 | 30633 tok/s
step  2400 | lm 5.808 | pred 0.542 | 30650 tok/s
step  2420 | lm 5.288 | pred 0.518 | 30666 tok/s
step  2440 | lm 5.552 | pred 0.515 | 30684 tok/s
step  2460 | lm 5.591 | pred 0.524 | 30702 tok/s
step  2480 | lm 5.783 | pred 0.518 | 30720 tok/s
  eval step 2500: lm 5.933 pred 0.531 hit@k [h1: 0.912 | h2: 0.875 | h4: 0.809] | ent 1.618 persist 0.125 util_max 0.110
step  2500 | lm 5.360 | pred 0.510 | 30249 tok/s
step  2520 | lm 5.822 | pred 0.521 | 30268 tok/s
step  2540 | lm 5.320 | pred 0.510 | 30286 tok/s
step  2560 | lm 5.872 | pred 0.529 | 30304 tok/s
step  2580 | lm 5.530 | pred 0.514 | 30322 tok/s
step  2600 | lm 5.499 | pred 0.522 | 30341 tok/s
step  2620 | lm 5.666 | pred 0.527 | 30359 tok/s
step  2640 | lm 5.549 | pred 0.515 | 30375 tok/s
step  2660 | lm 5.561 | pred 0.513 | 30395 tok/s
step  2680 | lm 5.395 | pred 0.516 | 30413 tok/s
step  2700 | lm 5.780 | pred 0.528 | 30428 tok/s
step  2720 | lm 5.967 | pred 0.533 | 30444 tok/s
step  2740 | lm 5.480 | pred 0.508 | 30461 tok/s
step  2760 | lm 5.532 | pred 0.523 | 30478 tok/s
step  2780 | lm 6.141 | pred 0.528 | 30493 tok/s
step  2800 | lm 5.655 | pred 0.517 | 30509 tok/s
step  2820 | lm 5.742 | pred 0.546 | 30525 tok/s
step  2840 | lm 5.800 | pred 0.540 | 30540 tok/s
step  2860 | lm 5.456 | pred 0.518 | 30556 tok/s
step  2880 | lm 5.518 | pred 0.519 | 30569 tok/s
step  2900 | lm 5.702 | pred 0.526 | 30584 tok/s
step  2920 | lm 5.632 | pred 0.519 | 30599 tok/s
step  2940 | lm 5.536 | pred 0.517 | 30613 tok/s
step  2960 | lm 5.623 | pred 0.514 | 30626 tok/s
step  2980 | lm 5.365 | pred 0.502 | 30640 tok/s
  eval step 3000: lm 5.933 pred 0.530 hit@k [h1: 0.912 | h2: 0.875 | h4: 0.810] | ent 1.618 persist 0.125 util_max 0.110
saved ckpt_A_ent0.005_rank.pt
params: 349M total / 107M active | mode=posthoc lambda_pred=1.0
Warning: You are sending unauthenticated requests to the HF Hub. Please set a HF_TOKEN to enable higher rate limits and faster downloads.
step     0 | lm 6.134 | pred 1.265 | 5818 tok/s
step    20 | lm 5.793 | pred 1.144 | 26575 tok/s
step    40 | lm 5.754 | pred 1.015 | 29212 tok/s
step    60 | lm 5.580 | pred 0.903 | 30126 tok/s
step    80 | lm 5.773 | pred 0.864 | 30732 tok/s
step   100 | lm 5.676 | pred 0.805 | 31091 tok/s
step   120 | lm 6.156 | pred 0.799 | 31348 tok/s
step   140 | lm 5.640 | pred 0.752 | 31547 tok/s
step   160 | lm 5.560 | pred 0.721 | 31688 tok/s
step   180 | lm 5.561 | pred 0.712 | 31782 tok/s
step   200 | lm 5.479 | pred 0.704 | 31869 tok/s
step   220 | lm 5.506 | pred 0.678 | 31947 tok/s
step   240 | lm 5.641 | pred 0.655 | 32000 tok/s
step   260 | lm 5.727 | pred 0.658 | 32051 tok/s
step   280 | lm 5.521 | pred 0.622 | 32096 tok/s
step   300 | lm 5.882 | pred 0.622 | 32123 tok/s
step   320 | lm 5.572 | pred 0.632 | 32159 tok/s
step   340 | lm 5.563 | pred 0.610 | 32186 tok/s
step   360 | lm 5.892 | pred 0.626 | 32203 tok/s
step   380 | lm 6.048 | pred 0.609 | 32218 tok/s
step   400 | lm 5.706 | pred 0.602 | 32248 tok/s
step   420 | lm 5.559 | pred 0.616 | 32267 tok/s
step   440 | lm 5.851 | pred 0.604 | 32277 tok/s
step   460 | lm 5.644 | pred 0.597 | 32292 tok/s
step   480 | lm 5.842 | pred 0.586 | 32300 tok/s
  eval step 500: lm 5.936 pred 0.597 hit@k [h1: 0.893 | h2: 0.858 | h4: 0.795] | ent 1.175 persist 0.109 util_max 0.126
step   500 | lm 5.682 | pred 0.576 | 29769 tok/s
step   520 | lm 5.573 | pred 0.562 | 29871 tok/s
step   540 | lm 5.569 | pred 0.589 | 29968 tok/s
step   560 | lm 5.728 | pred 0.587 | 30058 tok/s
step   580 | lm 5.574 | pred 0.565 | 30141 tok/s
step   600 | lm 5.612 | pred 0.567 | 30219 tok/s
step   620 | lm 5.645 | pred 0.569 | 30296 tok/s
step   640 | lm 5.743 | pred 0.582 | 30371 tok/s
step   660 | lm 5.367 | pred 0.544 | 30439 tok/s
step   680 | lm 5.887 | pred 0.571 | 30500 tok/s
step   700 | lm 5.700 | pred 0.559 | 30556 tok/s
step   720 | lm 5.451 | pred 0.559 | 30616 tok/s
step   740 | lm 6.080 | pred 0.564 | 30658 tok/s
step   760 | lm 5.933 | pred 0.559 | 30711 tok/s
step   780 | lm 5.869 | pred 0.561 | 30762 tok/s
step   800 | lm 5.837 | pred 0.545 | 30807 tok/s
step   820 | lm 5.627 | pred 0.531 | 30851 tok/s
step   840 | lm 5.686 | pred 0.553 | 30891 tok/s
step   860 | lm 5.679 | pred 0.544 | 30930 tok/s
step   880 | lm 5.559 | pred 0.538 | 30968 tok/s
step   900 | lm 5.474 | pred 0.543 | 31004 tok/s
step   920 | lm 6.027 | pred 0.528 | 31038 tok/s
step   940 | lm 5.652 | pred 0.542 | 31072 tok/s
step   960 | lm 5.956 | pred 0.590 | 31103 tok/s
step   980 | lm 5.394 | pred 0.507 | 31136 tok/s
  eval step 1000: lm 5.936 pred 0.543 hit@k [h1: 0.906 | h2: 0.873 | h4: 0.815] | ent 1.175 persist 0.109 util_max 0.126
step  1000 | lm 5.774 | pred 0.531 | 29913 tok/s
step  1020 | lm 5.486 | pred 0.532 | 29969 tok/s
step  1040 | lm 5.655 | pred 0.528 | 30018 tok/s
step  1060 | lm 5.769 | pred 0.536 | 30063 tok/s
step  1080 | lm 5.773 | pred 0.516 | 30108 tok/s
step  1100 | lm 5.807 | pred 0.586 | 30151 tok/s
step  1120 | lm 5.609 | pred 0.531 | 30192 tok/s
step  1140 | lm 6.017 | pred 0.534 | 30233 tok/s
step  1160 | lm 5.848 | pred 0.534 | 30269 tok/s
step  1180 | lm 5.456 | pred 0.533 | 30308 tok/s
step  1200 | lm 5.689 | pred 0.516 | 30347 tok/s
step  1220 | lm 5.804 | pred 0.519 | 30385 tok/s
step  1240 | lm 5.779 | pred 0.527 | 30418 tok/s
step  1260 | lm 5.402 | pred 0.518 | 30451 tok/s
step  1280 | lm 5.911 | pred 0.521 | 30484 tok/s
step  1300 | lm 5.158 | pred 0.498 | 30516 tok/s
step  1320 | lm 5.895 | pred 0.525 | 30546 tok/s
step  1340 | lm 5.698 | pred 0.517 | 30577 tok/s
step  1360 | lm 5.488 | pred 0.525 | 30607 tok/s
step  1380 | lm 5.559 | pred 0.522 | 30635 tok/s
step  1400 | lm 5.795 | pred 0.518 | 30661 tok/s
step  1420 | lm 5.557 | pred 0.503 | 30689 tok/s
step  1440 | lm 5.435 | pred 0.503 | 30715 tok/s
step  1460 | lm 5.511 | pred 0.506 | 30742 tok/s
step  1480 | lm 5.746 | pred 0.511 | 30768 tok/s
  eval step 1500: lm 5.936 pred 0.522 hit@k [h1: 0.911 | h2: 0.879 | h4: 0.821] | ent 1.175 persist 0.109 util_max 0.126
step  1500 | lm 5.609 | pred 0.499 | 29981 tok/s
step  1520 | lm 5.265 | pred 0.504 | 30012 tok/s
step  1540 | lm 5.912 | pred 0.514 | 30043 tok/s
step  1560 | lm 5.347 | pred 0.470 | 30076 tok/s
step  1580 | lm 5.447 | pred 0.505 | 30108 tok/s
step  1600 | lm 5.277 | pred 0.485 | 30137 tok/s
step  1620 | lm 5.564 | pred 0.501 | 30167 tok/s
step  1640 | lm 5.326 | pred 0.509 | 30195 tok/s
step  1660 | lm 5.572 | pred 0.496 | 30222 tok/s
step  1680 | lm 5.552 | pred 0.505 | 30248 tok/s
step  1700 | lm 5.685 | pred 0.508 | 30272 tok/s
step  1720 | lm 5.224 | pred 0.496 | 30299 tok/s
step  1740 | lm 5.554 | pred 0.509 | 30326 tok/s
step  1760 | lm 5.586 | pred 0.494 | 30351 tok/s
step  1780 | lm 5.612 | pred 0.497 | 30377 tok/s
step  1800 | lm 5.666 | pred 0.505 | 30402 tok/s
step  1820 | lm 5.450 | pred 0.495 | 30426 tok/s
step  1840 | lm 5.443 | pred 0.485 | 30449 tok/s
step  1860 | lm 5.438 | pred 0.488 | 30473 tok/s
step  1880 | lm 5.753 | pred 0.507 | 30497 tok/s
step  1900 | lm 5.245 | pred 0.483 | 30519 tok/s
step  1920 | lm 5.803 | pred 0.494 | 30542 tok/s
step  1940 | lm 5.253 | pred 0.491 | 30563 tok/s
step  1960 | lm 5.717 | pred 0.521 | 30585 tok/s
step  1980 | lm 5.605 | pred 0.500 | 30605 tok/s
  eval step 2000: lm 5.936 pred 0.507 hit@k [h1: 0.915 | h2: 0.883 | h4: 0.827] | ent 1.175 persist 0.109 util_max 0.126
step  2000 | lm 5.370 | pred 0.494 | 30015 tok/s
step  2020 | lm 5.915 | pred 0.530 | 30039 tok/s
step  2040 | lm 5.705 | pred 0.490 | 30063 tok/s
step  2060 | lm 5.613 | pred 0.485 | 30087 tok/s
step  2080 | lm 6.013 | pred 0.521 | 30111 tok/s
step  2100 | lm 5.454 | pred 0.491 | 30135 tok/s
step  2120 | lm 5.406 | pred 0.495 | 30153 tok/s
step  2140 | lm 5.696 | pred 0.487 | 30176 tok/s
step  2160 | lm 5.528 | pred 0.489 | 30197 tok/s
step  2180 | lm 5.881 | pred 0.510 | 30219 tok/s
step  2200 | lm 5.299 | pred 0.490 | 30240 tok/s
step  2220 | lm 5.947 | pred 0.529 | 30261 tok/s
step  2240 | lm 5.552 | pred 0.487 | 30280 tok/s
step  2260 | lm 5.598 | pred 0.484 | 30300 tok/s
step  2280 | lm 5.408 | pred 0.470 | 30319 tok/s
step  2300 | lm 5.798 | pred 0.497 | 30338 tok/s
step  2320 | lm 5.663 | pred 0.504 | 30358 tok/s
step  2340 | lm 5.856 | pred 0.496 | 30378 tok/s
step  2360 | lm 5.716 | pred 0.489 | 30396 tok/s
step  2380 | lm 5.995 | pred 0.532 | 30414 tok/s
step  2400 | lm 5.792 | pred 0.501 | 30432 tok/s
step  2420 | lm 5.279 | pred 0.492 | 30449 tok/s
step  2440 | lm 5.542 | pred 0.489 | 30465 tok/s
step  2460 | lm 5.580 | pred 0.496 | 30482 tok/s
step  2480 | lm 5.789 | pred 0.494 | 30497 tok/s
  eval step 2500: lm 5.936 pred 0.502 hit@k [h1: 0.916 | h2: 0.884 | h4: 0.829] | ent 1.175 persist 0.109 util_max 0.126
step  2500 | lm 5.356 | pred 0.480 | 30030 tok/s
step  2520 | lm 5.834 | pred 0.494 | 30049 tok/s
step  2540 | lm 5.318 | pred 0.482 | 30067 tok/s
step  2560 | lm 5.870 | pred 0.496 | 30087 tok/s
step  2580 | lm 5.528 | pred 0.475 | 30107 tok/s
step  2600 | lm 5.504 | pred 0.497 | 30126 tok/s
step  2620 | lm 5.662 | pred 0.495 | 30145 tok/s
step  2640 | lm 5.546 | pred 0.492 | 30164 tok/s
step  2660 | lm 5.552 | pred 0.491 | 30180 tok/s
step  2680 | lm 5.397 | pred 0.484 | 30199 tok/s
step  2700 | lm 5.784 | pred 0.505 | 30216 tok/s
step  2720 | lm 5.969 | pred 0.503 | 30233 tok/s
step  2740 | lm 5.467 | pred 0.480 | 30250 tok/s
step  2760 | lm 5.528 | pred 0.494 | 30267 tok/s
step  2780 | lm 6.154 | pred 0.508 | 30283 tok/s
step  2800 | lm 5.649 | pred 0.491 | 30299 tok/s
step  2820 | lm 5.742 | pred 0.512 | 30315 tok/s
step  2840 | lm 5.795 | pred 0.521 | 30331 tok/s
step  2860 | lm 5.454 | pred 0.498 | 30345 tok/s
step  2880 | lm 5.496 | pred 0.488 | 30360 tok/s
step  2900 | lm 5.704 | pred 0.495 | 30375 tok/s
step  2920 | lm 5.616 | pred 0.491 | 30389 tok/s
step  2940 | lm 5.521 | pred 0.486 | 30404 tok/s
step  2960 | lm 5.622 | pred 0.489 | 30418 tok/s
step  2980 | lm 5.358 | pred 0.474 | 30433 tok/s
  eval step 3000: lm 5.936 pred 0.501 hit@k [h1: 0.916 | h2: 0.884 | h4: 0.829] | ent 1.175 persist 0.109 util_max 0.126
saved ckpt_A_ent0.01_rank.pt
