params: 341M total / 99M active | mode=joint lambda_pred=0.0
Warning: You are sending unauthenticated requests to the HF Hub. Please set a HF_TOKEN to enable higher rate limits and faster downloads.
step     0 | lm 10.990 | pred 2.870 | 2507 tok/s
step    20 | lm 10.044 | pred 2.855 | 4847 tok/s
step    40 | lm 8.871 | pred 2.845 | 4981 tok/s
step    60 | lm 8.007 | pred 2.834 | 5033 tok/s
step    80 | lm 7.368 | pred 2.885 | 5057 tok/s
step   100 | lm 7.361 | pred 2.846 | 5071 tok/s
step   120 | lm 7.574 | pred 2.859 | 5079 tok/s
step   140 | lm 7.151 | pred 2.857 | 5085 tok/s
step   160 | lm 7.415 | pred 2.855 | 5090 tok/s
step   180 | lm 7.252 | pred 2.845 | 5094 tok/s
step   200 | lm 6.976 | pred 2.857 | 5098 tok/s
step   220 | lm 7.363 | pred 2.873 | 5099 tok/s
step   240 | lm 7.091 | pred 2.857 | 5102 tok/s
step   260 | lm 7.102 | pred 2.858 | 5102 tok/s
step   280 | lm 6.849 | pred 2.858 | 5102 tok/s
step   300 | lm 6.423 | pred 2.867 | 5100 tok/s
step   320 | lm 6.564 | pred 2.869 | 5100 tok/s
step   340 | lm 6.477 | pred 2.871 | 5102 tok/s
step   360 | lm 7.029 | pred 2.873 | 5103 tok/s
step   380 | lm 6.789 | pred 2.866 | 5105 tok/s
step   400 | lm 6.798 | pred 2.875 | 5106 tok/s
step   420 | lm 7.290 | pred 2.866 | 5107 tok/s
step   440 | lm 6.651 | pred 2.872 | 5108 tok/s
step   460 | lm 6.800 | pred 2.865 | 5109 tok/s
step   480 | lm 6.635 | pred 2.870 | 5109 tok/s
  eval step 500: lm 6.764 pred 2.866 hit@k [h1: 0.118 | h2: 0.131 | h4: 0.131] | ent 2.419 persist 0.131 util_max 0.125
step   500 | lm 6.615 | pred 2.866 | 5047 tok/s
step   520 | lm 6.783 | pred 2.863 | 5050 tok/s
step   540 | lm 6.752 | pred 2.868 | 5053 tok/s
step   560 | lm 6.916 | pred 2.871 | 5056 tok/s
step   580 | lm 6.781 | pred 2.867 | 5059 tok/s
step   600 | lm 7.074 | pred 2.864 | 5060 tok/s
step   620 | lm 6.788 | pred 2.880 | 5062 tok/s
step   640 | lm 6.787 | pred 2.880 | 5063 tok/s
step   660 | lm 6.640 | pred 2.876 | 5065 tok/s
step   680 | lm 6.558 | pred 2.870 | 5065 tok/s
step   700 | lm 6.713 | pred 2.874 | 5066 tok/s
step   720 | lm 7.409 | pred 2.871 | 5068 tok/s
step   740 | lm 6.883 | pred 2.869 | 5070 tok/s
step   760 | lm 6.676 | pred 2.867 | 5071 tok/s
step   780 | lm 6.880 | pred 2.872 | 5073 tok/s
step   800 | lm 6.564 | pred 2.865 | 5074 tok/s
step   820 | lm 6.753 | pred 2.863 | 5076 tok/s
step   840 | lm 6.532 | pred 2.865 | 5077 tok/s
step   860 | lm 7.603 | pred 2.865 | 5078 tok/s
step   880 | lm 6.085 | pred 2.869 | 5079 tok/s
step   900 | lm 6.763 | pred 2.863 | 5081 tok/s
step   920 | lm 6.481 | pred 2.865 | 5081 tok/s
step   940 | lm 6.652 | pred 2.869 | 5082 tok/s
step   960 | lm 6.105 | pred 2.870 | 5083 tok/s
step   980 | lm 6.518 | pred 2.867 | 5084 tok/s
  eval step 1000: lm 6.503 pred 2.870 hit@k [h1: 0.119 | h2: 0.127 | h4: 0.124] | ent 2.409 persist 0.135 util_max 0.120
step  1000 | lm 6.661 | pred 2.871 | 5052 tok/s
step  1020 | lm 6.754 | pred 2.869 | 5054 tok/s
step  1040 | lm 6.483 | pred 2.869 | 5055 tok/s
step  1060 | lm 6.380 | pred 2.872 | 5055 tok/s
step  1080 | lm 6.665 | pred 2.877 | 5057 tok/s
step  1100 | lm 6.684 | pred 2.871 | 5058 tok/s
step  1120 | lm 6.524 | pred 2.866 | 5059 tok/s
step  1140 | lm 6.438 | pred 2.868 | 5061 tok/s
step  1160 | lm 6.554 | pred 2.864 | 5062 tok/s
step  1180 | lm 6.357 | pred 2.869 | 5063 tok/s
step  1200 | lm 6.296 | pred 2.870 | 5064 tok/s
step  1220 | lm 6.098 | pred 2.872 | 5065 tok/s
step  1240 | lm 6.497 | pred 2.873 | 5066 tok/s
step  1260 | lm 6.430 | pred 2.866 | 5067 tok/s
step  1280 | lm 6.254 | pred 2.869 | 5068 tok/s
step  1300 | lm 6.033 | pred 2.863 | 5069 tok/s
step  1320 | lm 6.588 | pred 2.866 | 5070 tok/s
step  1340 | lm 7.062 | pred 2.865 | 5071 tok/s
step  1360 | lm 6.281 | pred 2.864 | 5072 tok/s
step  1380 | lm 6.485 | pred 2.863 | 5072 tok/s
step  1400 | lm 6.870 | pred 2.866 | 5073 tok/s
step  1420 | lm 6.342 | pred 2.863 | 5073 tok/s
step  1440 | lm 6.032 | pred 2.867 | 5073 tok/s
step  1460 | lm 6.358 | pred 2.859 | 5074 tok/s
step  1480 | lm 6.616 | pred 2.862 | 5075 tok/s
  eval step 1500: lm 6.417 pred 2.867 hit@k [h1: 0.124 | h2: 0.128 | h4: 0.126] | ent 2.349 persist 0.125 util_max 0.120
step  1500 | lm 6.140 | pred 2.868 | 5055 tok/s
step  1520 | lm 6.356 | pred 2.868 | 5056 tok/s
step  1540 | lm 6.221 | pred 2.871 | 5057 tok/s
step  1560 | lm 6.494 | pred 2.864 | 5058 tok/s
step  1580 | lm 6.510 | pred 2.868 | 5059 tok/s
step  1600 | lm 5.932 | pred 2.866 | 5060 tok/s
step  1620 | lm 6.505 | pred 2.869 | 5061 tok/s
step  1640 | lm 6.465 | pred 2.864 | 5062 tok/s
step  1660 | lm 6.110 | pred 2.865 | 5062 tok/s
step  1680 | lm 6.515 | pred 2.860 | 5063 tok/s
step  1700 | lm 6.373 | pred 2.866 | 5064 tok/s
step  1720 | lm 6.205 | pred 2.865 | 5065 tok/s
step  1740 | lm 6.732 | pred 2.869 | 5065 tok/s
step  1760 | lm 6.944 | pred 2.861 | 5066 tok/s
step  1780 | lm 5.791 | pred 2.872 | 5066 tok/s
step  1800 | lm 6.365 | pred 2.868 | 5067 tok/s
step  1820 | lm 6.015 | pred 2.868 | 5068 tok/s
step  1840 | lm 6.569 | pred 2.864 | 5068 tok/s
step  1860 | lm 6.086 | pred 2.868 | 5069 tok/s
step  1880 | lm 6.393 | pred 2.868 | 5069 tok/s
step  1900 | lm 6.367 | pred 2.864 | 5070 tok/s
step  1920 | lm 6.015 | pred 2.866 | 5070 tok/s
step  1940 | lm 6.546 | pred 2.865 | 5071 tok/s
step  1960 | lm 6.447 | pred 2.868 | 5071 tok/s
step  1980 | lm 5.963 | pred 2.869 | 5072 tok/s
  eval step 2000: lm 6.281 pred 2.870 hit@k [h1: 0.123 | h2: 0.125 | h4: 0.120] | ent 2.348 persist 0.132 util_max 0.113
step  2000 | lm 6.221 | pred 2.873 | 5057 tok/s
step  2020 | lm 6.026 | pred 2.870 | 5058 tok/s
step  2040 | lm 6.360 | pred 2.867 | 5058 tok/s
step  2060 | lm 6.425 | pred 2.870 | 5059 tok/s
step  2080 | lm 6.502 | pred 2.862 | 5060 tok/s
step  2100 | lm 5.907 | pred 2.867 | 5061 tok/s
step  2120 | lm 6.103 | pred 2.864 | 5061 tok/s
step  2140 | lm 6.260 | pred 2.866 | 5061 tok/s
step  2160 | lm 6.243 | pred 2.857 | 5062 tok/s
step  2180 | lm 5.837 | pred 2.854 | 5063 tok/s
step  2200 | lm 6.199 | pred 2.864 | 5063 tok/s
step  2220 | lm 6.510 | pred 2.870 | 5064 tok/s
step  2240 | lm 5.973 | pred 2.864 | 5064 tok/s
step  2260 | lm 6.460 | pred 2.865 | 5064 tok/s
step  2280 | lm 6.251 | pred 2.868 | 5065 tok/s
step  2300 | lm 6.520 | pred 2.865 | 5065 tok/s
step  2320 | lm 6.175 | pred 2.867 | 5066 tok/s
step  2340 | lm 5.638 | pred 2.871 | 5067 tok/s
step  2360 | lm 5.805 | pred 2.864 | 5067 tok/s
step  2380 | lm 5.979 | pred 2.868 | 5068 tok/s
step  2400 | lm 6.482 | pred 2.869 | 5068 tok/s
step  2420 | lm 5.970 | pred 2.871 | 5069 tok/s
step  2440 | lm 6.150 | pred 2.863 | 5069 tok/s
step  2460 | lm 5.885 | pred 2.868 | 5070 tok/s
step  2480 | lm 6.178 | pred 2.869 | 5070 tok/s
  eval step 2500: lm 6.145 pred 2.871 hit@k [h1: 0.122 | h2: 0.121 | h4: 0.121] | ent 2.340 persist 0.131 util_max 0.112
step  2500 | lm 6.517 | pred 2.872 | 5058 tok/s
step  2520 | lm 6.241 | pred 2.871 | 5058 tok/s
step  2540 | lm 6.177 | pred 2.870 | 5059 tok/s
step  2560 | lm 6.110 | pred 2.867 | 5060 tok/s
step  2580 | lm 6.103 | pred 2.865 | 5060 tok/s
step  2600 | lm 6.075 | pred 2.864 | 5061 tok/s
step  2620 | lm 6.122 | pred 2.868 | 5061 tok/s
step  2640 | lm 6.445 | pred 2.869 | 5062 tok/s
step  2660 | lm 6.001 | pred 2.866 | 5062 tok/s
step  2680 | lm 6.166 | pred 2.868 | 5062 tok/s
step  2700 | lm 6.270 | pred 2.867 | 5063 tok/s
step  2720 | lm 6.035 | pred 2.867 | 5063 tok/s
step  2740 | lm 5.979 | pred 2.863 | 5064 tok/s
step  2760 | lm 5.995 | pred 2.868 | 5064 tok/s
step  2780 | lm 6.090 | pred 2.865 | 5065 tok/s
step  2800 | lm 5.871 | pred 2.867 | 5065 tok/s
step  2820 | lm 6.413 | pred 2.864 | 5066 tok/s
step  2840 | lm 5.934 | pred 2.867 | 5066 tok/s
step  2860 | lm 5.654 | pred 2.865 | 5066 tok/s
step  2880 | lm 5.598 | pred 2.865 | 5067 tok/s
step  2900 | lm 6.454 | pred 2.867 | 5067 tok/s
step  2920 | lm 6.099 | pred 2.869 | 5068 tok/s
step  2940 | lm 5.854 | pred 2.868 | 5068 tok/s
step  2960 | lm 6.121 | pred 2.868 | 5068 tok/s
step  2980 | lm 6.185 | pred 2.866 | 5069 tok/s
  eval step 3000: lm 6.021 pred 2.867 hit@k [h1: 0.121 | h2: 0.126 | h4: 0.121] | ent 2.314 persist 0.134 util_max 0.112
step  3000 | lm 5.726 | pred 2.864 | 5058 tok/s
step  3020 | lm 5.788 | pred 2.866 | 5059 tok/s
step  3040 | lm 6.277 | pred 2.868 | 5059 tok/s
step  3060 | lm 5.990 | pred 2.870 | 5060 tok/s
step  3080 | lm 6.033 | pred 2.876 | 5060 tok/s
step  3100 | lm 5.991 | pred 2.866 | 5061 tok/s
step  3120 | lm 5.920 | pred 2.865 | 5061 tok/s
step  3140 | lm 5.616 | pred 2.867 | 5062 tok/s
step  3160 | lm 5.986 | pred 2.868 | 5062 tok/s
step  3180 | lm 6.094 | pred 2.865 | 5063 tok/s
step  3200 | lm 5.868 | pred 2.867 | 5063 tok/s
step  3220 | lm 5.724 | pred 2.865 | 5064 tok/s
step  3240 | lm 5.926 | pred 2.868 | 5064 tok/s
step  3260 | lm 6.070 | pred 2.866 | 5064 tok/s
step  3280 | lm 5.851 | pred 2.869 | 5065 tok/s
step  3300 | lm 5.928 | pred 2.866 | 5065 tok/s
step  3320 | lm 5.467 | pred 2.868 | 5065 tok/s
step  3340 | lm 6.122 | pred 2.869 | 5066 tok/s
step  3360 | lm 5.812 | pred 2.868 | 5066 tok/s
step  3380 | lm 6.101 | pred 2.865 | 5066 tok/s
step  3400 | lm 5.892 | pred 2.867 | 5066 tok/s
step  3420 | lm 5.917 | pred 2.861 | 5067 tok/s
step  3440 | lm 6.242 | pred 2.867 | 5067 tok/s
step  3460 | lm 5.648 | pred 2.869 | 5067 tok/s
step  3480 | lm 6.387 | pred 2.866 | 5068 tok/s
  eval step 3500: lm 5.945 pred 2.867 hit@k [h1: 0.121 | h2: 0.126 | h4: 0.122] | ent 2.295 persist 0.132 util_max 0.110
step  3500 | lm 5.839 | pred 2.865 | 5059 tok/s
step  3520 | lm 5.754 | pred 2.866 | 5060 tok/s
step  3540 | lm 5.647 | pred 2.867 | 5060 tok/s
step  3560 | lm 5.625 | pred 2.869 | 5061 tok/s
step  3580 | lm 6.008 | pred 2.867 | 5061 tok/s
step  3600 | lm 5.872 | pred 2.869 | 5061 tok/s
step  3620 | lm 5.982 | pred 2.869 | 5061 tok/s
step  3640 | lm 5.978 | pred 2.867 | 5062 tok/s
step  3660 | lm 6.006 | pred 2.867 | 5062 tok/s
step  3680 | lm 5.561 | pred 2.869 | 5063 tok/s
step  3700 | lm 6.106 | pred 2.867 | 5063 tok/s
step  3720 | lm 5.853 | pred 2.867 | 5063 tok/s
step  3740 | lm 6.150 | pred 2.862 | 5063 tok/s
step  3760 | lm 5.787 | pred 2.867 | 5064 tok/s
step  3780 | lm 6.430 | pred 2.865 | 5064 tok/s
step  3800 | lm 5.688 | pred 2.868 | 5064 tok/s
step  3820 | lm 5.613 | pred 2.870 | 5065 tok/s
step  3840 | lm 6.123 | pred 2.869 | 5065 tok/s
step  3860 | lm 5.958 | pred 2.868 | 5065 tok/s
step  3880 | lm 5.821 | pred 2.868 | 5066 tok/s
step  3900 | lm 6.197 | pred 2.868 | 5066 tok/s
step  3920 | lm 5.876 | pred 2.868 | 5066 tok/s
step  3940 | lm 5.773 | pred 2.867 | 5067 tok/s
step  3960 | lm 7.057 | pred 2.862 | 5067 tok/s
step  3980 | lm 5.556 | pred 2.866 | 5067 tok/s
  eval step 4000: lm 5.864 pred 2.866 hit@k [h1: 0.122 | h2: 0.125 | h4: 0.124] | ent 2.280 persist 0.134 util_max 0.109
step  4000 | lm 5.942 | pred 2.866 | 5060 tok/s
step  4020 | lm 5.786 | pred 2.868 | 5060 tok/s
step  4040 | lm 5.845 | pred 2.865 | 5060 tok/s
step  4060 | lm 5.717 | pred 2.870 | 5061 tok/s
step  4080 | lm 5.446 | pred 2.868 | 5061 tok/s
step  4100 | lm 5.955 | pred 2.866 | 5061 tok/s
step  4120 | lm 5.660 | pred 2.870 | 5062 tok/s
step  4140 | lm 5.719 | pred 2.867 | 5062 tok/s
step  4160 | lm 5.899 | pred 2.869 | 5062 tok/s
step  4180 | lm 6.058 | pred 2.869 | 5062 tok/s
step  4200 | lm 5.851 | pred 2.868 | 5063 tok/s
step  4220 | lm 6.351 | pred 2.861 | 5063 tok/s
step  4240 | lm 5.784 | pred 2.865 | 5063 tok/s
step  4260 | lm 5.792 | pred 2.864 | 5064 tok/s
step  4280 | lm 5.630 | pred 2.869 | 5064 tok/s
step  4300 | lm 5.796 | pred 2.862 | 5064 tok/s
step  4320 | lm 5.852 | pred 2.864 | 5065 tok/s
step  4340 | lm 5.745 | pred 2.868 | 5065 tok/s
step  4360 | lm 5.837 | pred 2.869 | 5065 tok/s
step  4380 | lm 5.611 | pred 2.867 | 5065 tok/s
step  4400 | lm 5.651 | pred 2.868 | 5065 tok/s
step  4420 | lm 5.845 | pred 2.867 | 5065 tok/s
step  4440 | lm 5.851 | pred 2.869 | 5066 tok/s
step  4460 | lm 5.556 | pred 2.869 | 5066 tok/s
step  4480 | lm 6.083 | pred 2.865 | 5066 tok/s
  eval step 4500: lm 5.811 pred 2.866 hit@k [h1: 0.122 | h2: 0.125 | h4: 0.123] | ent 2.272 persist 0.133 util_max 0.109
step  4500 | lm 5.628 | pred 2.866 | 5060 tok/s
step  4520 | lm 5.875 | pred 2.867 | 5060 tok/s
step  4540 | lm 5.740 | pred 2.864 | 5060 tok/s
step  4560 | lm 5.740 | pred 2.866 | 5061 tok/s
step  4580 | lm 5.746 | pred 2.867 | 5061 tok/s
step  4600 | lm 5.659 | pred 2.867 | 5061 tok/s
step  4620 | lm 5.134 | pred 2.869 | 5061 tok/s
step  4640 | lm 6.324 | pred 2.866 | 5062 tok/s
step  4660 | lm 5.791 | pred 2.866 | 5062 tok/s
step  4680 | lm 5.533 | pred 2.867 | 5062 tok/s
step  4700 | lm 5.403 | pred 2.867 | 5063 tok/s
step  4720 | lm 5.933 | pred 2.865 | 5063 tok/s
step  4740 | lm 5.785 | pred 2.868 | 5063 tok/s
step  4760 | lm 5.742 | pred 2.868 | 5063 tok/s
step  4780 | lm 5.306 | pred 2.867 | 5063 tok/s
step  4800 | lm 5.942 | pred 2.867 | 5064 tok/s
step  4820 | lm 5.731 | pred 2.866 | 5064 tok/s
step  4840 | lm 5.689 | pred 2.868 | 5064 tok/s
step  4860 | lm 4.599 | pred 2.869 | 5065 tok/s
step  4880 | lm 5.390 | pred 2.869 | 5065 tok/s
step  4900 | lm 5.063 | pred 2.870 | 5065 tok/s
step  4920 | lm 5.883 | pred 2.866 | 5065 tok/s
step  4940 | lm 5.437 | pred 2.868 | 5066 tok/s
step  4960 | lm 6.113 | pred 2.863 | 5066 tok/s
step  4980 | lm 5.618 | pred 2.867 | 5066 tok/s
  eval step 5000: lm 5.778 pred 2.867 hit@k [h1: 0.122 | h2: 0.125 | h4: 0.123] | ent 2.264 persist 0.133 util_max 0.108
step  5000 | lm 5.595 | pred 2.870 | 5060 tok/s
step  5020 | lm 5.141 | pred 2.868 | 5061 tok/s
step  5040 | lm 5.666 | pred 2.869 | 5061 tok/s
step  5060 | lm 6.493 | pred 2.868 | 5061 tok/s
step  5080 | lm 5.838 | pred 2.870 | 5061 tok/s
step  5100 | lm 5.871 | pred 2.870 | 5061 tok/s
step  5120 | lm 5.240 | pred 2.871 | 5062 tok/s
step  5140 | lm 5.965 | pred 2.866 | 5062 tok/s
step  5160 | lm 5.565 | pred 2.870 | 5062 tok/s
step  5180 | lm 6.509 | pred 2.860 | 5062 tok/s
step  5200 | lm 5.597 | pred 2.867 | 5062 tok/s
step  5220 | lm 5.694 | pred 2.866 | 5063 tok/s
step  5240 | lm 5.683 | pred 2.870 | 5063 tok/s
step  5260 | lm 5.801 | pred 2.865 | 5063 tok/s
step  5280 | lm 5.812 | pred 2.866 | 5063 tok/s
step  5300 | lm 5.638 | pred 2.870 | 5064 tok/s
step  5320 | lm 6.253 | pred 2.865 | 5064 tok/s
step  5340 | lm 5.585 | pred 2.866 | 5064 tok/s
step  5360 | lm 5.853 | pred 2.868 | 5064 tok/s
step  5380 | lm 5.514 | pred 2.866 | 5065 tok/s
step  5400 | lm 6.105 | pred 2.865 | 5065 tok/s
step  5420 | lm 5.198 | pred 2.866 | 5065 tok/s
step  5440 | lm 5.817 | pred 2.867 | 5065 tok/s
step  5460 | lm 5.303 | pred 2.869 | 5065 tok/s
step  5480 | lm 5.950 | pred 2.867 | 5066 tok/s
  eval step 5500: lm 5.765 pred 2.867 hit@k [h1: 0.122 | h2: 0.126 | h4: 0.123] | ent 2.261 persist 0.133 util_max 0.108
step  5500 | lm 5.624 | pred 2.868 | 5060 tok/s
step  5520 | lm 5.270 | pred 2.871 | 5060 tok/s
step  5540 | lm 5.465 | pred 2.866 | 5060 tok/s
step  5560 | lm 5.180 | pred 2.871 | 5061 tok/s
step  5580 | lm 5.458 | pred 2.869 | 5061 tok/s
step  5600 | lm 5.933 | pred 2.865 | 5061 tok/s
step  5620 | lm 5.971 | pred 2.866 | 5061 tok/s
step  5640 | lm 5.271 | pred 2.864 | 5062 tok/s
step  5660 | lm 5.705 | pred 2.868 | 5062 tok/s
step  5680 | lm 5.743 | pred 2.866 | 5062 tok/s
step  5700 | lm 5.976 | pred 2.872 | 5062 tok/s
step  5720 | lm 5.240 | pred 2.869 | 5063 tok/s
step  5740 | lm 5.363 | pred 2.870 | 5063 tok/s
step  5760 | lm 5.395 | pred 2.872 | 5063 tok/s
step  5780 | lm 5.763 | pred 2.867 | 5063 tok/s
step  5800 | lm 5.532 | pred 2.869 | 5064 tok/s
step  5820 | lm 5.701 | pred 2.869 | 5064 tok/s
step  5840 | lm 5.644 | pred 2.867 | 5064 tok/s
step  5860 | lm 5.478 | pred 2.870 | 5064 tok/s
step  5880 | lm 5.462 | pred 2.866 | 5064 tok/s
step  5900 | lm 5.490 | pred 2.869 | 5064 tok/s
step  5920 | lm 5.639 | pred 2.866 | 5065 tok/s
step  5940 | lm 5.658 | pred 2.871 | 5065 tok/s
step  5960 | lm 5.711 | pred 2.866 | 5065 tok/s
step  5980 | lm 6.000 | pred 2.866 | 5065 tok/s
  eval step 6000: lm 5.761 pred 2.867 hit@k [h1: 0.122 | h2: 0.125 | h4: 0.123] | ent 2.261 persist 0.133 util_max 0.108
saved ckpt_A_base.pt
Fatal Python error: PyGILState_Release: thread state 0x7f2ff00036c0 must be current when releasing
Python runtime state: finalizing (tstate=0x0000000000a7f5b0)

Thread 0x00007f3345fb6780 (most recent call first):
  <no Python frame>

Extension modules: numpy._core._multiarray_umath, numpy.linalg._umath_linalg, torch._C, torch._C._dynamo.autograd_compiler, torch._C._dynamo.eval_frame, torch._C._dynamo.guards, torch._C._dynamo.utils, torch._C._fft, torch._C._linalg, torch._C._nested, torch._C._nn, torch._C._sparse, torch._C._special, numpy.random._common, numpy.random.bit_generator, numpy.random._bounded_integers, numpy.random._pcg64, numpy.random._generator, numpy.random._mt19937, numpy.random._philox, numpy.random._sfc64, numpy.random.mtrand, pyarrow.lib, _cyutility, pandas._libs._cyutility, pandas._libs.tslibs.ccalendar, pandas._libs.tslibs.np_datetime, pandas._libs.tslibs.dtypes, pandas._libs.tslibs.base, pandas._libs.tslibs.nattype, pandas._libs.tslibs.timezones, pandas._libs.properties, pandas._libs.tslibs.fields, pandas._libs.tslibs.timedeltas, pandas._libs.tslibs.tzconversion, pandas._libs.tslibs.timestamps, pandas._libs.tslibs.offsets, pandas._libs.tslibs.strptime, pandas._libs.tslibs.parsing, pandas._libs.tslibs.conversion, pandas._libs.tslibs.period, pandas._libs.tslibs.vectorized, pandas._libs.ops_dispatch, pandas._libs.missing, pandas._libs.hashtable, pandas._libs.algos, pandas._libs.interval, pandas._libs.lib, pyarrow._compute, pandas._libs.ops, pandas._libs.hashing, pandas._libs.arrays, pandas._libs.tslib, pandas._libs.sparse, pandas._libs.internals, pandas._libs.indexing, pandas._libs.index, pandas._libs.writers, pandas._libs.join, pandas._libs.window.aggregations, pandas._libs.window.indexers, pandas._libs.reshape, pandas._libs.groupby, pandas._libs.json, pandas._libs.parsers, pandas._libs.testing, pyarrow._acero, pyarrow._fs, pyarrow._csv, pyarrow._json, pyarrow._substrait, pyarrow._dataset, pyarrow._dataset_orc, pyarrow._parquet, pyarrow._azurefs, pyarrow._hdfs, pyarrow._gcsfs, pyarrow._s3fs, pyarrow._parquet_encryption, pyarrow._dataset_parquet_encryption, pyarrow._dataset_parquet, yaml._yaml, charset_normalizer.md, charset_normalizer.cd, requests.packages.charset_normalizer.md, requests.packages.chardet.md, requests.packages.charset_normalizer.cd, requests.packages.chardet.cd, multidict._multidict, yarl._quoting_c, propcache._helpers_c, aiohttp._http_writer, aiohttp._http_parser, aiohttp._websocket.mask, aiohttp._websocket.reader_c, frozenlist._frozenlist, xxhash._xxhash, regex._regex (total: 98)
./run_tierA2.sh: line 5: 2743830 Aborted                 $PY -u train.py --tier A --horizons 1,2,4 --lambda-pred 0.0 --steps 6000 --batch 8 --eval-every 500 --device cuda --save ckpt_A_base.pt
params: 341M total / 99M active | mode=joint lambda_pred=0.3
Warning: You are sending unauthenticated requests to the HF Hub. Please set a HF_TOKEN to enable higher rate limits and faster downloads.
step     0 | lm 10.990 | pred 2.870 | 2517 tok/s
step    20 | lm 10.045 | pred 2.808 | 4840 tok/s
step    40 | lm 8.878 | pred 2.442 | 4972 tok/s
step    60 | lm 8.017 | pred 2.870 | 5027 tok/s
step    80 | lm 7.390 | pred 2.629 | 5051 tok/s
step   100 | lm 7.373 | pred 2.413 | 5065 tok/s
step   120 | lm 7.589 | pred 2.086 | 5075 tok/s
step   140 | lm 7.179 | pred 2.088 | 5082 tok/s
step   160 | lm 7.448 | pred 1.954 | 5086 tok/s
step   180 | lm 7.292 | pred 1.838 | 5085 tok/s
step   200 | lm 7.018 | pred 1.888 | 5087 tok/s
step   220 | lm 7.429 | pred 1.757 | 5089 tok/s
step   240 | lm 7.137 | pred 1.779 | 5087 tok/s
step   260 | lm 7.139 | pred 1.698 | 5089 tok/s
step   280 | lm 6.922 | pred 1.716 | 5091 tok/s
step   300 | lm 6.481 | pred 1.696 | 5092 tok/s
step   320 | lm 6.595 | pred 1.609 | 5094 tok/s
step   340 | lm 6.534 | pred 1.590 | 5092 tok/s
step   360 | lm 7.077 | pred 1.588 | 5093 tok/s
step   380 | lm 6.855 | pred 1.520 | 5093 tok/s
step   400 | lm 6.880 | pred 1.561 | 5093 tok/s
step   420 | lm 7.318 | pred 1.558 | 5093 tok/s
step   440 | lm 6.750 | pred 1.550 | 5094 tok/s
step   460 | lm 6.865 | pred 1.530 | 5095 tok/s
step   480 | lm 6.692 | pred 1.452 | 5096 tok/s
  eval step 500: lm 6.833 pred 1.443 hit@k [h1: 0.782 | h2: 0.770 | h4: 0.730] | ent 2.249 persist 0.126 util_max 0.146
step   500 | lm 6.680 | pred 1.438 | 5034 tok/s
step   520 | lm 6.846 | pred 1.460 | 5037 tok/s
step   540 | lm 6.799 | pred 1.429 | 5040 tok/s
step   560 | lm 6.969 | pred 1.403 | 5041 tok/s
step   580 | lm 6.848 | pred 1.406 | 5044 tok/s
step   600 | lm 7.122 | pred 1.374 | 5047 tok/s
step   620 | lm 6.919 | pred 1.392 | 5049 tok/s
step   640 | lm 6.855 | pred 1.447 | 5052 tok/s
step   660 | lm 6.704 | pred 1.348 | 5054 tok/s
step   680 | lm 6.630 | pred 1.328 | 5056 tok/s
step   700 | lm 6.802 | pred 1.373 | 5058 tok/s
step   720 | lm 7.492 | pred 1.390 | 5059 tok/s
step   740 | lm 6.937 | pred 1.356 | 5060 tok/s
step   760 | lm 6.730 | pred 1.300 | 5061 tok/s
step   780 | lm 6.955 | pred 1.340 | 5063 tok/s
step   800 | lm 6.648 | pred 1.342 | 5065 tok/s
step   820 | lm 6.847 | pred 1.345 | 5066 tok/s
step   840 | lm 6.598 | pred 1.316 | 5068 tok/s
step   860 | lm 7.683 | pred 1.372 | 5069 tok/s
step   880 | lm 6.133 | pred 1.274 | 5070 tok/s
step   900 | lm 6.849 | pred 1.273 | 5072 tok/s
step   920 | lm 6.546 | pred 1.266 | 5072 tok/s
step   940 | lm 6.718 | pred 1.269 | 5073 tok/s
step   960 | lm 6.176 | pred 1.282 | 5074 tok/s
step   980 | lm 6.585 | pred 1.261 | 5075 tok/s
  eval step 1000: lm 6.572 pred 1.260 hit@k [h1: 0.846 | h2: 0.830 | h4: 0.790] | ent 2.198 persist 0.120 util_max 0.124
step  1000 | lm 6.718 | pred 1.261 | 5045 tok/s
step  1020 | lm 6.816 | pred 1.287 | 5047 tok/s
step  1040 | lm 6.544 | pred 1.263 | 5048 tok/s
step  1060 | lm 6.453 | pred 1.254 | 5050 tok/s
step  1080 | lm 6.738 | pred 1.265 | 5051 tok/s
step  1100 | lm 6.737 | pred 1.231 | 5052 tok/s
step  1120 | lm 6.603 | pred 1.257 | 5053 tok/s
step  1140 | lm 6.492 | pred 1.257 | 5055 tok/s
step  1160 | lm 6.627 | pred 1.254 | 5056 tok/s
step  1180 | lm 6.417 | pred 1.245 | 5057 tok/s
step  1200 | lm 6.332 | pred 1.322 | 5058 tok/s
step  1220 | lm 6.156 | pred 1.216 | 5059 tok/s
step  1240 | lm 6.550 | pred 1.240 | 5060 tok/s
step  1260 | lm 6.491 | pred 1.231 | 5061 tok/s
step  1280 | lm 6.320 | pred 1.250 | 5063 tok/s
step  1300 | lm 6.119 | pred 1.352 | 5063 tok/s
step  1320 | lm 6.651 | pred 1.258 | 5064 tok/s
step  1340 | lm 7.120 | pred 1.280 | 5065 tok/s
step  1360 | lm 6.339 | pred 1.222 | 5066 tok/s
step  1380 | lm 6.558 | pred 1.236 | 5067 tok/s
step  1400 | lm 6.900 | pred 1.241 | 5067 tok/s
step  1420 | lm 6.424 | pred 1.224 | 5068 tok/s
step  1440 | lm 6.107 | pred 1.213 | 5069 tok/s
step  1460 | lm 6.410 | pred 1.225 | 5070 tok/s
step  1480 | lm 6.657 | pred 1.260 | 5070 tok/s
  eval step 1500: lm 6.476 pred 1.251 hit@k [h1: 0.852 | h2: 0.836 | h4: 0.788] | ent 2.137 persist 0.128 util_max 0.128
step  1500 | lm 6.191 | pred 1.227 | 5050 tok/s
step  1520 | lm 6.421 | pred 1.230 | 5051 tok/s
step  1540 | lm 6.285 | pred 1.183 | 5052 tok/s
step  1560 | lm 6.551 | pred 1.216 | 5053 tok/s
step  1580 | lm 6.561 | pred 1.219 | 5054 tok/s
step  1600 | lm 5.994 | pred 1.162 | 5055 tok/s
step  1620 | lm 6.549 | pred 1.202 | 5056 tok/s
step  1640 | lm 6.512 | pred 1.222 | 5057 tok/s
step  1660 | lm 6.166 | pred 1.231 | 5057 tok/s
step  1680 | lm 6.551 | pred 1.192 | 5057 tok/s
step  1700 | lm 6.438 | pred 1.206 | 5058 tok/s
step  1720 | lm 6.268 | pred 1.193 | 5059 tok/s
step  1740 | lm 6.815 | pred 1.223 | 5059 tok/s
step  1760 | lm 6.986 | pred 1.252 | 5060 tok/s
step  1780 | lm 5.830 | pred 1.184 | 5061 tok/s
step  1800 | lm 6.432 | pred 1.208 | 5062 tok/s
step  1820 | lm 6.076 | pred 1.183 | 5063 tok/s
step  1840 | lm 6.628 | pred 1.187 | 5063 tok/s
step  1860 | lm 6.132 | pred 1.189 | 5064 tok/s
step  1880 | lm 6.461 | pred 1.195 | 5064 tok/s
step  1900 | lm 6.436 | pred 1.210 | 5065 tok/s
step  1920 | lm 6.080 | pred 1.185 | 5066 tok/s
step  1940 | lm 6.579 | pred 1.207 | 5066 tok/s
step  1960 | lm 6.476 | pred 1.197 | 5067 tok/s
step  1980 | lm 6.020 | pred 1.177 | 5068 tok/s
  eval step 2000: lm 6.332 pred 1.213 hit@k [h1: 0.865 | h2: 0.849 | h4: 0.797] | ent 2.139 persist 0.129 util_max 0.119
step  2000 | lm 6.291 | pred 1.210 | 5053 tok/s
step  2020 | lm 6.072 | pred 1.179 | 5053 tok/s
step  2040 | lm 6.427 | pred 1.197 | 5054 tok/s
step  2060 | lm 6.512 | pred 1.196 | 5054 tok/s
step  2080 | lm 6.554 | pred 1.215 | 5055 tok/s
step  2100 | lm 5.951 | pred 1.181 | 5056 tok/s
step  2120 | lm 6.152 | pred 1.177 | 5057 tok/s
step  2140 | lm 6.301 | pred 1.206 | 5057 tok/s
step  2160 | lm 6.306 | pred 1.251 | 5057 tok/s
step  2180 | lm 5.913 | pred 1.216 | 5058 tok/s
step  2200 | lm 6.213 | pred 1.178 | 5058 tok/s
step  2220 | lm 6.563 | pred 1.263 | 5059 tok/s
step  2240 | lm 6.016 | pred 1.197 | 5059 tok/s
step  2260 | lm 6.518 | pred 1.278 | 5060 tok/s
step  2280 | lm 6.296 | pred 1.208 | 5061 tok/s
step  2300 | lm 6.557 | pred 1.227 | 5061 tok/s
step  2320 | lm 6.216 | pred 1.205 | 5062 tok/s
step  2340 | lm 5.666 | pred 1.145 | 5062 tok/s
step  2360 | lm 5.874 | pred 1.194 | 5063 tok/s
step  2380 | lm 6.035 | pred 1.207 | 5063 tok/s
step  2400 | lm 6.539 | pred 1.233 | 5064 tok/s
step  2420 | lm 6.005 | pred 1.186 | 5064 tok/s
step  2440 | lm 6.177 | pred 1.192 | 5065 tok/s
step  2460 | lm 5.929 | pred 1.191 | 5065 tok/s
step  2480 | lm 6.209 | pred 1.183 | 5066 tok/s
  eval step 2500: lm 6.184 pred 1.194 hit@k [h1: 0.875 | h2: 0.856 | h4: 0.804] | ent 2.122 persist 0.121 util_max 0.115
step  2500 | lm 6.548 | pred 1.224 | 5054 tok/s
step  2520 | lm 6.272 | pred 1.213 | 5054 tok/s
step  2540 | lm 6.221 | pred 1.201 | 5055 tok/s
step  2560 | lm 6.147 | pred 1.188 | 5055 tok/s
step  2580 | lm 6.154 | pred 1.194 | 5056 tok/s
step  2600 | lm 6.097 | pred 1.216 | 5056 tok/s
step  2620 | lm 6.181 | pred 1.194 | 5057 tok/s
step  2640 | lm 6.593 | pred 1.250 | 5057 tok/s
step  2660 | lm 6.048 | pred 1.175 | 5058 tok/s
step  2680 | lm 6.191 | pred 1.191 | 5058 tok/s
step  2700 | lm 6.303 | pred 1.202 | 5059 tok/s
step  2720 | lm 6.066 | pred 1.188 | 5060 tok/s
step  2740 | lm 6.036 | pred 1.183 | 5060 tok/s
step  2760 | lm 6.032 | pred 1.171 | 5060 tok/s
step  2780 | lm 6.107 | pred 1.200 | 5061 tok/s
step  2800 | lm 5.896 | pred 1.203 | 5061 tok/s
step  2820 | lm 6.450 | pred 1.218 | 5062 tok/s
step  2840 | lm 5.995 | pred 1.204 | 5062 tok/s
step  2860 | lm 5.677 | pred 1.177 | 5063 tok/s
step  2880 | lm 5.632 | pred 1.195 | 5063 tok/s
step  2900 | lm 6.485 | pred 1.227 | 5063 tok/s
step  2920 | lm 6.156 | pred 1.193 | 5064 tok/s
step  2940 | lm 5.908 | pred 1.201 | 5064 tok/s
step  2960 | lm 6.158 | pred 1.204 | 5065 tok/s
step  2980 | lm 6.243 | pred 1.227 | 5065 tok/s
  eval step 3000: lm 6.064 pred 1.191 hit@k [h1: 0.879 | h2: 0.860 | h4: 0.801] | ent 2.107 persist 0.122 util_max 0.115
step  3000 | lm 5.767 | pred 1.176 | 5055 tok/s
step  3020 | lm 5.838 | pred 1.187 | 5056 tok/s
step  3040 | lm 6.343 | pred 1.211 | 5056 tok/s
step  3060 | lm 6.021 | pred 1.213 | 5057 tok/s
step  3080 | lm 6.095 | pred 1.223 | 5057 tok/s
step  3100 | lm 6.020 | pred 1.220 | 5058 tok/s
step  3120 | lm 5.977 | pred 1.211 | 5058 tok/s
step  3140 | lm 5.639 | pred 1.142 | 5058 tok/s
step  3160 | lm 6.033 | pred 1.199 | 5059 tok/s
step  3180 | lm 6.127 | pred 1.192 | 5059 tok/s
step  3200 | lm 5.880 | pred 1.198 | 5060 tok/s
step  3220 | lm 5.740 | pred 1.186 | 5060 tok/s
step  3240 | lm 5.952 | pred 1.182 | 5061 tok/s
step  3260 | lm 6.121 | pred 1.217 | 5061 tok/s
step  3280 | lm 5.890 | pred 1.185 | 5061 tok/s
step  3300 | lm 5.956 | pred 1.199 | 5061 tok/s
step  3320 | lm 5.528 | pred 1.189 | 5062 tok/s
step  3340 | lm 6.142 | pred 1.196 | 5062 tok/s
step  3360 | lm 5.838 | pred 1.205 | 5063 tok/s
step  3380 | lm 6.141 | pred 1.222 | 5063 tok/s
step  3400 | lm 5.922 | pred 1.201 | 5063 tok/s
step  3420 | lm 5.926 | pred 1.200 | 5064 tok/s
step  3440 | lm 6.306 | pred 1.229 | 5064 tok/s
step  3460 | lm 5.659 | pred 1.167 | 5064 tok/s
step  3480 | lm 6.442 | pred 1.213 | 5065 tok/s
  eval step 3500: lm 5.979 pred 1.199 hit@k [h1: 0.878 | h2: 0.856 | h4: 0.791] | ent 2.091 persist 0.121 util_max 0.114
step  3500 | lm 5.861 | pred 1.201 | 5056 tok/s
step  3520 | lm 5.798 | pred 1.172 | 5056 tok/s
step  3540 | lm 5.687 | pred 1.178 | 5057 tok/s
step  3560 | lm 5.662 | pred 1.189 | 5057 tok/s
step  3580 | lm 6.040 | pred 1.190 | 5058 tok/s
step  3600 | lm 5.889 | pred 1.173 | 5058 tok/s
step  3620 | lm 6.008 | pred 1.193 | 5058 tok/s
step  3640 | lm 6.010 | pred 1.198 | 5059 tok/s
step  3660 | lm 6.093 | pred 1.207 | 5059 tok/s
step  3680 | lm 5.582 | pred 1.174 | 5059 tok/s
step  3700 | lm 6.142 | pred 1.185 | 5060 tok/s
step  3720 | lm 5.889 | pred 1.201 | 5060 tok/s
step  3740 | lm 6.170 | pred 1.205 | 5060 tok/s
step  3760 | lm 5.843 | pred 1.198 | 5061 tok/s
step  3780 | lm 6.471 | pred 1.211 | 5061 tok/s
step  3800 | lm 5.727 | pred 1.182 | 5062 tok/s
step  3820 | lm 5.648 | pred 1.178 | 5062 tok/s
step  3840 | lm 6.147 | pred 1.198 | 5062 tok/s
step  3860 | lm 6.017 | pred 1.199 | 5063 tok/s
step  3880 | lm 5.873 | pred 1.184 | 5063 tok/s
step  3900 | lm 6.225 | pred 1.197 | 5063 tok/s
step  3920 | lm 5.910 | pred 1.187 | 5064 tok/s
step  3940 | lm 5.839 | pred 1.196 | 5064 tok/s
step  3960 | lm 7.135 | pred 1.237 | 5064 tok/s
step  3980 | lm 5.574 | pred 1.177 | 5065 tok/s
  eval step 4000: lm 5.898 pred 1.184 hit@k [h1: 0.884 | h2: 0.862 | h4: 0.797] | ent 2.075 persist 0.126 util_max 0.112
step  4000 | lm 5.978 | pred 1.184 | 5057 tok/s
step  4020 | lm 5.813 | pred 1.185 | 5057 tok/s
step  4040 | lm 5.885 | pred 1.189 | 5058 tok/s
step  4060 | lm 5.750 | pred 1.167 | 5058 tok/s
step  4080 | lm 5.490 | pred 1.165 | 5058 tok/s
step  4100 | lm 5.971 | pred 1.174 | 5059 tok/s
step  4120 | lm 5.726 | pred 1.178 | 5059 tok/s
step  4140 | lm 5.757 | pred 1.169 | 5059 tok/s
step  4160 | lm 5.946 | pred 1.193 | 5060 tok/s
step  4180 | lm 6.082 | pred 1.174 | 5060 tok/s
step  4200 | lm 5.875 | pred 1.179 | 5060 tok/s
step  4220 | lm 6.404 | pred 1.223 | 5061 tok/s
step  4240 | lm 5.827 | pred 1.176 | 5061 tok/s
step  4260 | lm 5.857 | pred 1.225 | 5061 tok/s
step  4280 | lm 5.673 | pred 1.180 | 5062 tok/s
step  4300 | lm 5.802 | pred 1.221 | 5062 tok/s
step  4320 | lm 5.857 | pred 1.202 | 5062 tok/s
step  4340 | lm 5.783 | pred 1.182 | 5062 tok/s
step  4360 | lm 5.848 | pred 1.170 | 5063 tok/s
step  4380 | lm 5.645 | pred 1.175 | 5063 tok/s
step  4400 | lm 5.669 | pred 1.162 | 5063 tok/s
step  4420 | lm 5.912 | pred 1.204 | 5064 tok/s
step  4440 | lm 5.863 | pred 1.171 | 5064 tok/s
step  4460 | lm 5.575 | pred 1.160 | 5064 tok/s
step  4480 | lm 6.097 | pred 1.199 | 5065 tok/s
  eval step 4500: lm 5.846 pred 1.184 hit@k [h1: 0.885 | h2: 0.861 | h4: 0.793] | ent 2.071 persist 0.124 util_max 0.110
step  4500 | lm 5.649 | pred 1.161 | 5058 tok/s
step  4520 | lm 5.894 | pred 1.177 | 5058 tok/s
step  4540 | lm 5.766 | pred 1.185 | 5059 tok/s
step  4560 | lm 5.774 | pred 1.179 | 5059 tok/s
step  4580 | lm 5.794 | pred 1.172 | 5059 tok/s
step  4600 | lm 5.721 | pred 1.184 | 5060 tok/s
step  4620 | lm 5.165 | pred 1.150 | 5060 tok/s
step  4640 | lm 6.404 | pred 1.226 | 5060 tok/s
step  4660 | lm 5.833 | pred 1.172 | 5060 tok/s
step  4680 | lm 5.582 | pred 1.179 | 5061 tok/s
step  4700 | lm 5.465 | pred 1.171 | 5061 tok/s
step  4720 | lm 5.960 | pred 1.177 | 5061 tok/s
step  4740 | lm 5.785 | pred 1.226 | 5062 tok/s
step  4760 | lm 5.774 | pred 1.182 | 5062 tok/s
step  4780 | lm 5.321 | pred 1.175 | 5062 tok/s
step  4800 | lm 5.976 | pred 1.183 | 5062 tok/s
step  4820 | lm 5.768 | pred 1.218 | 5062 tok/s
step  4840 | lm 5.734 | pred 1.170 | 5063 tok/s
step  4860 | lm 4.608 | pred 1.121 | 5063 tok/s
step  4880 | lm 5.424 | pred 1.167 | 5063 tok/s
step  4900 | lm 5.083 | pred 1.141 | 5063 tok/s
step  4920 | lm 5.930 | pred 1.185 | 5063 tok/s
step  4940 | lm 5.477 | pred 1.166 | 5064 tok/s
step  4960 | lm 6.159 | pred 1.204 | 5064 tok/s
step  4980 | lm 5.636 | pred 1.171 | 5064 tok/s
  eval step 5000: lm 5.812 pred 1.186 hit@k [h1: 0.886 | h2: 0.861 | h4: 0.792] | ent 2.068 persist 0.124 util_max 0.109
step  5000 | lm 5.644 | pred 1.170 | 5058 tok/s
step  5020 | lm 5.177 | pred 1.148 | 5058 tok/s
step  5040 | lm 5.681 | pred 1.182 | 5058 tok/s
step  5060 | lm 6.500 | pred 1.212 | 5059 tok/s
step  5080 | lm 5.851 | pred 1.188 | 5059 tok/s
step  5100 | lm 5.896 | pred 1.186 | 5059 tok/s
step  5120 | lm 5.273 | pred 1.169 | 5060 tok/s
step  5140 | lm 6.038 | pred 1.201 | 5060 tok/s
step  5160 | lm 5.597 | pred 1.176 | 5060 tok/s
step  5180 | lm 6.544 | pred 1.237 | 5060 tok/s
step  5200 | lm 5.639 | pred 1.175 | 5061 tok/s
step  5220 | lm 5.732 | pred 1.197 | 5061 tok/s
step  5240 | lm 5.738 | pred 1.179 | 5061 tok/s
step  5260 | lm 5.826 | pred 1.184 | 5061 tok/s
step  5280 | lm 5.845 | pred 1.188 | 5062 tok/s
step  5300 | lm 5.661 | pred 1.172 | 5062 tok/s
step  5320 | lm 6.303 | pred 1.189 | 5062 tok/s
step  5340 | lm 5.597 | pred 1.144 | 5062 tok/s
step  5360 | lm 5.878 | pred 1.183 | 5063 tok/s
step  5380 | lm 5.536 | pred 1.204 | 5063 tok/s
step  5400 | lm 6.157 | pred 1.182 | 5063 tok/s
step  5420 | lm 5.212 | pred 1.165 | 5063 tok/s
step  5440 | lm 5.852 | pred 1.199 | 5064 tok/s
step  5460 | lm 5.323 | pred 1.172 | 5064 tok/s
step  5480 | lm 5.975 | pred 1.178 | 5064 tok/s
  eval step 5500: lm 5.797 pred 1.182 hit@k [h1: 0.887 | h2: 0.863 | h4: 0.793] | ent 2.065 persist 0.125 util_max 0.109
step  5500 | lm 5.655 | pred 1.177 | 5059 tok/s
step  5520 | lm 5.287 | pred 1.153 | 5059 tok/s
step  5540 | lm 5.501 | pred 1.175 | 5059 tok/s
step  5560 | lm 5.207 | pred 1.157 | 5059 tok/s
step  5580 | lm 5.471 | pred 1.161 | 5059 tok/s
step  5600 | lm 5.982 | pred 1.195 | 5060 tok/s
step  5620 | lm 6.029 | pred 1.200 | 5060 tok/s
step  5640 | lm 5.296 | pred 1.164 | 5060 tok/s
step  5660 | lm 5.728 | pred 1.185 | 5060 tok/s
step  5680 | lm 5.810 | pred 1.194 | 5061 tok/s
step  5700 | lm 6.001 | pred 1.178 | 5061 tok/s
step  5720 | lm 5.256 | pred 1.162 | 5061 tok/s
step  5740 | lm 5.403 | pred 1.166 | 5061 tok/s
step  5760 | lm 5.417 | pred 1.166 | 5062 tok/s
step  5780 | lm 5.799 | pred 1.185 | 5062 tok/s
step  5800 | lm 5.541 | pred 1.157 | 5062 tok/s
step  5820 | lm 5.726 | pred 1.165 | 5062 tok/s
step  5840 | lm 5.674 | pred 1.175 | 5062 tok/s
step  5860 | lm 5.506 | pred 1.175 | 5063 tok/s
step  5880 | lm 5.497 | pred 1.182 | 5063 tok/s
step  5900 | lm 5.539 | pred 1.171 | 5063 tok/s
step  5920 | lm 5.684 | pred 1.180 | 5063 tok/s
step  5940 | lm 5.695 | pred 1.182 | 5063 tok/s
step  5960 | lm 5.767 | pred 1.206 | 5064 tok/s
step  5980 | lm 6.036 | pred 1.206 | 5064 tok/s
  eval step 6000: lm 5.793 pred 1.182 hit@k [h1: 0.887 | h2: 0.863 | h4: 0.793] | ent 2.065 persist 0.125 util_max 0.108
saved ckpt_A_lam0.3.pt
Fatal Python error: PyGILState_Release: thread state 0x7fc0240036c0 must be current when releasing
Python runtime state: finalizing (tstate=0x0000000000a7f5b0)

Thread 0x00007fc380604780 (most recent call first):
  <no Python frame>

Extension modules: numpy._core._multiarray_umath, numpy.linalg._umath_linalg, torch._C, torch._C._dynamo.autograd_compiler, torch._C._dynamo.eval_frame, torch._C._dynamo.guards, torch._C._dynamo.utils, torch._C._fft, torch._C._linalg, torch._C._nested, torch._C._nn, torch._C._sparse, torch._C._special, numpy.random._common, numpy.random.bit_generator, numpy.random._bounded_integers, numpy.random._pcg64, numpy.random._generator, numpy.random._mt19937, numpy.random._philox, numpy.random._sfc64, numpy.random.mtrand, pyarrow.lib, _cyutility, pandas._libs._cyutility, pandas._libs.tslibs.ccalendar, pandas._libs.tslibs.np_datetime, pandas._libs.tslibs.dtypes, pandas._libs.tslibs.base, pandas._libs.tslibs.nattype, pandas._libs.tslibs.timezones, pandas._libs.properties, pandas._libs.tslibs.fields, pandas._libs.tslibs.timedeltas, pandas._libs.tslibs.tzconversion, pandas._libs.tslibs.timestamps, pandas._libs.tslibs.offsets, pandas._libs.tslibs.strptime, pandas._libs.tslibs.parsing, pandas._libs.tslibs.conversion, pandas._libs.tslibs.period, pandas._libs.tslibs.vectorized, pandas._libs.ops_dispatch, pandas._libs.missing, pandas._libs.hashtable, pandas._libs.algos, pandas._libs.interval, pandas._libs.lib, pyarrow._compute, pandas._libs.ops, pandas._libs.hashing, pandas._libs.arrays, pandas._libs.tslib, pandas._libs.sparse, pandas._libs.internals, pandas._libs.indexing, pandas._libs.index, pandas._libs.writers, pandas._libs.join, pandas._libs.window.aggregations, pandas._libs.window.indexers, pandas._libs.reshape, pandas._libs.groupby, pandas._libs.json, pandas._libs.parsers, pandas._libs.testing, pyarrow._acero, pyarrow._fs, pyarrow._csv, pyarrow._json, pyarrow._substrait, pyarrow._dataset, pyarrow._dataset_orc, pyarrow._parquet, pyarrow._azurefs, pyarrow._hdfs, pyarrow._gcsfs, pyarrow._s3fs, pyarrow._parquet_encryption, pyarrow._dataset_parquet_encryption, pyarrow._dataset_parquet, yaml._yaml, charset_normalizer.md, charset_normalizer.cd, requests.packages.charset_normalizer.md, requests.packages.chardet.md, requests.packages.charset_normalizer.cd, requests.packages.chardet.cd, multidict._multidict, yarl._quoting_c, propcache._helpers_c, aiohttp._http_writer, aiohttp._http_parser, aiohttp._websocket.mask, aiohttp._websocket.reader_c, frozenlist._frozenlist, xxhash._xxhash, regex._regex (total: 98)
./run_tierA2.sh: line 7: 3332534 Aborted                 $PY -u train.py --tier A --horizons 1,2,4 --lambda-pred 0.3 --steps 6000 --batch 8 --eval-every 500 --device cuda --save ckpt_A_lam0.3.pt
params: 341M total / 99M active | mode=joint lambda_pred=1.0
Warning: You are sending unauthenticated requests to the HF Hub. Please set a HF_TOKEN to enable higher rate limits and faster downloads.
step     0 | lm 10.990 | pred 2.870 | 2558 tok/s
step    20 | lm 10.049 | pred 2.795 | 4835 tok/s
step    40 | lm 8.915 | pred 2.315 | 4975 tok/s
step    60 | lm 8.119 | pred 2.568 | 5026 tok/s
step    80 | lm 8.206 | pred 2.564 | 5049 tok/s
step   100 | lm 7.494 | pred 2.467 | 5051 tok/s
step   120 | lm 7.707 | pred 1.778 | 5064 tok/s
step   140 | lm 7.316 | pred 1.811 | 5073 tok/s
step   160 | lm 7.596 | pred 2.079 | 5080 tok/s
step   180 | lm 7.435 | pred 1.919 | 5083 tok/s
step   200 | lm 7.182 | pred 1.935 | 5086 tok/s
step   220 | lm 7.573 | pred 1.777 | 5088 tok/s
step   240 | lm 7.282 | pred 1.875 | 5091 tok/s
step   260 | lm 7.267 | pred 1.654 | 5093 tok/s
step   280 | lm 7.117 | pred 1.883 | 5096 tok/s
step   300 | lm 6.740 | pred 1.799 | 5097 tok/s
step   320 | lm 6.757 | pred 1.668 | 5095 tok/s
step   340 | lm 6.732 | pred 1.658 | 5096 tok/s
step   360 | lm 7.271 | pred 1.753 | 5096 tok/s
step   380 | lm 7.101 | pred 1.564 | 5097 tok/s
step   400 | lm 7.077 | pred 1.658 | 5098 tok/s
step   420 | lm 7.508 | pred 1.780 | 5099 tok/s
step   440 | lm 6.935 | pred 1.788 | 5100 tok/s
step   460 | lm 7.093 | pred 1.610 | 5100 tok/s
step   480 | lm 6.933 | pred 1.640 | 5098 tok/s
  eval step 500: lm 7.060 pred 1.714 hit@k [h1: 0.715 | h2: 0.674 | h4: 0.632] | ent 2.041 persist 0.113 util_max 0.282
step   500 | lm 6.927 | pred 1.713 | 5035 tok/s
step   520 | lm 7.131 | pred 1.535 | 5038 tok/s
step   540 | lm 7.050 | pred 1.694 | 5041 tok/s
step   560 | lm 7.246 | pred 1.538 | 5044 tok/s
step   580 | lm 7.107 | pred 1.464 | 5046 tok/s
step   600 | lm 7.274 | pred 1.512 | 5048 tok/s
step   620 | lm 7.285 | pred 1.435 | 5050 tok/s
step   640 | lm 7.162 | pred 1.638 | 5052 tok/s
step   660 | lm 6.962 | pred 1.581 | 5053 tok/s
step   680 | lm 6.899 | pred 1.469 | 5054 tok/s
step   700 | lm 7.045 | pred 1.507 | 5055 tok/s
step   720 | lm 7.729 | pred 1.492 | 5057 tok/s
step   740 | lm 7.166 | pred 1.441 | 5058 tok/s
step   760 | lm 7.003 | pred 1.474 | 5059 tok/s
step   780 | lm 7.254 | pred 1.429 | 5061 tok/s
step   800 | lm 6.993 | pred 1.490 | 5062 tok/s
step   820 | lm 7.197 | pred 1.303 | 5063 tok/s
step   840 | lm 6.839 | pred 1.440 | 5063 tok/s
step   860 | lm 7.927 | pred 1.403 | 5064 tok/s
step   880 | lm 6.454 | pred 1.456 | 5066 tok/s
step   900 | lm 7.151 | pred 1.463 | 5067 tok/s
step   920 | lm 6.836 | pred 1.498 | 5068 tok/s
step   940 | lm 7.013 | pred 1.433 | 5069 tok/s
step   960 | lm 6.562 | pred 1.489 | 5069 tok/s
step   980 | lm 6.861 | pred 1.550 | 5069 tok/s
  eval step 1000: lm 6.876 pred 1.377 hit@k [h1: 0.801 | h2: 0.771 | h4: 0.757] | ent 1.847 persist 0.124 util_max 0.262
step  1000 | lm 7.026 | pred 1.375 | 5039 tok/s
step  1020 | lm 7.166 | pred 1.379 | 5040 tok/s
step  1040 | lm 6.880 | pred 1.337 | 5041 tok/s
step  1060 | lm 6.729 | pred 1.415 | 5043 tok/s
step  1080 | lm 7.063 | pred 1.329 | 5044 tok/s
step  1100 | lm 7.048 | pred 1.436 | 5045 tok/s
step  1120 | lm 6.899 | pred 1.422 | 5047 tok/s
step  1140 | lm 6.844 | pred 1.416 | 5048 tok/s
step  1160 | lm 7.023 | pred 1.385 | 5049 tok/s
step  1180 | lm 6.785 | pred 1.353 | 5050 tok/s
step  1200 | lm 6.867 | pred 1.462 | 5051 tok/s
step  1220 | lm 6.484 | pred 1.425 | 5051 tok/s
step  1240 | lm 6.891 | pred 1.518 | 5052 tok/s
step  1260 | lm 6.845 | pred 1.395 | 5053 tok/s
step  1280 | lm 6.648 | pred 1.412 | 5054 tok/s
step  1300 | lm 6.617 | pred 1.448 | 5055 tok/s
step  1320 | lm 6.962 | pred 1.311 | 5056 tok/s
step  1340 | lm 7.418 | pred 1.374 | 5056 tok/s
step  1360 | lm 6.603 | pred 1.436 | 5057 tok/s
step  1380 | lm 6.868 | pred 1.356 | 5058 tok/s
step  1400 | lm 7.177 | pred 1.450 | 5059 tok/s
step  1420 | lm 6.769 | pred 1.354 | 5060 tok/s
step  1440 | lm 6.502 | pred 1.394 | 5060 tok/s
step  1460 | lm 6.760 | pred 1.415 | 5061 tok/s
step  1480 | lm 6.964 | pred 1.453 | 5062 tok/s
  eval step 1500: lm 6.775 pred 1.374 hit@k [h1: 0.799 | h2: 0.777 | h4: 0.751] | ent 1.783 persist 0.113 util_max 0.192
step  1500 | lm 6.487 | pred 1.362 | 5042 tok/s
step  1520 | lm 6.841 | pred 1.333 | 5043 tok/s
step  1540 | lm 6.613 | pred 1.330 | 5044 tok/s
step  1560 | lm 6.939 | pred 1.304 | 5045 tok/s
step  1580 | lm 6.890 | pred 1.307 | 5045 tok/s
step  1600 | lm 6.330 | pred 1.273 | 5046 tok/s
step  1620 | lm 6.901 | pred 1.329 | 5047 tok/s
step  1640 | lm 6.831 | pred 1.315 | 5048 tok/s
step  1660 | lm 6.559 | pred 1.384 | 5049 tok/s
step  1680 | lm 6.844 | pred 1.176 | 5050 tok/s
step  1700 | lm 6.774 | pred 1.229 | 5050 tok/s
step  1720 | lm 6.603 | pred 1.325 | 5050 tok/s
step  1740 | lm 7.183 | pred 1.274 | 5051 tok/s
step  1760 | lm 7.347 | pred 1.262 | 5052 tok/s
step  1780 | lm 6.161 | pred 1.318 | 5053 tok/s
step  1800 | lm 6.833 | pred 1.277 | 5053 tok/s
step  1820 | lm 6.505 | pred 1.286 | 5054 tok/s
step  1840 | lm 6.956 | pred 1.381 | 5055 tok/s
step  1860 | lm 6.524 | pred 1.305 | 5055 tok/s
step  1880 | lm 6.854 | pred 1.372 | 5056 tok/s
step  1900 | lm 6.858 | pred 1.291 | 5057 tok/s
step  1920 | lm 6.523 | pred 1.355 | 5057 tok/s
step  1940 | lm 6.963 | pred 1.317 | 5057 tok/s
step  1960 | lm 6.818 | pred 1.301 | 5057 tok/s
step  1980 | lm 6.391 | pred 1.280 | 5057 tok/s
  eval step 2000: lm 6.741 pred 1.249 hit@k [h1: 0.844 | h2: 0.829 | h4: 0.789] | ent 1.653 persist 0.107 util_max 0.166
step  2000 | lm 6.794 | pred 1.265 | 5042 tok/s
step  2020 | lm 6.484 | pred 1.261 | 5042 tok/s
step  2040 | lm 6.804 | pred 1.242 | 5043 tok/s
step  2060 | lm 6.860 | pred 1.157 | 5044 tok/s
step  2080 | lm 6.913 | pred 1.250 | 5045 tok/s
step  2100 | lm 6.418 | pred 1.290 | 5045 tok/s
step  2120 | lm 6.527 | pred 1.181 | 5046 tok/s
step  2140 | lm 6.738 | pred 1.255 | 5046 tok/s
step  2160 | lm 6.839 | pred 1.269 | 5047 tok/s
step  2180 | lm 6.432 | pred 1.350 | 5048 tok/s
step  2200 | lm 6.476 | pred 1.310 | 5048 tok/s
step  2220 | lm 6.953 | pred 1.339 | 5049 tok/s
step  2240 | lm 6.431 | pred 1.215 | 5050 tok/s
step  2260 | lm 7.116 | pred 1.315 | 5050 tok/s
step  2280 | lm 6.707 | pred 1.197 | 5051 tok/s
step  2300 | lm 6.952 | pred 1.265 | 5052 tok/s
step  2320 | lm 6.664 | pred 1.157 | 5052 tok/s
step  2340 | lm 5.975 | pred 1.193 | 5052 tok/s
step  2360 | lm 6.482 | pred 1.240 | 5053 tok/s
step  2380 | lm 6.496 | pred 1.228 | 5053 tok/s
step  2400 | lm 6.967 | pred 1.178 | 5054 tok/s
step  2420 | lm 6.369 | pred 1.150 | 5055 tok/s
step  2440 | lm 6.594 | pred 1.206 | 5055 tok/s
step  2460 | lm 6.399 | pred 1.195 | 5056 tok/s
step  2480 | lm 6.682 | pred 1.270 | 5056 tok/s
  eval step 2500: lm 6.635 pred 1.240 hit@k [h1: 0.856 | h2: 0.823 | h4: 0.776] | ent 1.614 persist 0.136 util_max 0.187
step  2500 | lm 6.975 | pred 1.269 | 5044 tok/s
step  2520 | lm 6.740 | pred 1.222 | 5044 tok/s
step  2540 | lm 6.764 | pred 1.240 | 5045 tok/s
step  2560 | lm 6.622 | pred 1.189 | 5046 tok/s
step  2580 | lm 6.558 | pred 1.180 | 5046 tok/s
step  2600 | lm 6.601 | pred 1.144 | 5047 tok/s
step  2620 | lm 6.603 | pred 1.161 | 5047 tok/s
step  2640 | lm 7.282 | pred 1.284 | 5048 tok/s
step  2660 | lm 6.474 | pred 1.187 | 5048 tok/s
step  2680 | lm 6.560 | pred 1.268 | 5049 tok/s
step  2700 | lm 6.750 | pred 1.215 | 5049 tok/s
step  2720 | lm 6.479 | pred 1.201 | 5050 tok/s
step  2740 | lm 6.490 | pred 1.198 | 5050 tok/s
step  2760 | lm 6.420 | pred 1.164 | 5051 tok/s
step  2780 | lm 6.523 | pred 1.182 | 5051 tok/s
step  2800 | lm 6.459 | pred 1.163 | 5052 tok/s
step  2820 | lm 6.901 | pred 1.192 | 5053 tok/s
step  2840 | lm 6.532 | pred 1.213 | 5053 tok/s
step  2860 | lm 6.129 | pred 1.169 | 5053 tok/s
step  2880 | lm 6.182 | pred 1.184 | 5054 tok/s
step  2900 | lm 6.930 | pred 1.182 | 5054 tok/s
step  2920 | lm 6.568 | pred 1.147 | 5055 tok/s
step  2940 | lm 6.434 | pred 1.173 | 5055 tok/s
step  2960 | lm 6.683 | pred 1.201 | 5056 tok/s
step  2980 | lm 6.875 | pred 1.190 | 5056 tok/s
  eval step 3000: lm 6.564 pred 1.145 hit@k [h1: 0.876 | h2: 0.859 | h4: 0.821] | ent 1.531 persist 0.101 util_max 0.127
step  3000 | lm 6.178 | pred 1.124 | 5046 tok/s
step  3020 | lm 6.393 | pred 1.107 | 5047 tok/s
step  3040 | lm 6.926 | pred 1.161 | 5047 tok/s
step  3060 | lm 6.578 | pred 1.109 | 5047 tok/s
step  3080 | lm 6.785 | pred 1.139 | 5047 tok/s
step  3100 | lm 6.472 | pred 1.158 | 5048 tok/s
step  3120 | lm 6.520 | pred 1.119 | 5048 tok/s
step  3140 | lm 6.048 | pred 1.040 | 5049 tok/s
step  3160 | lm 6.593 | pred 1.079 | 5049 tok/s
step  3180 | lm 6.659 | pred 1.094 | 5050 tok/s
step  3200 | lm 6.481 | pred 1.132 | 5050 tok/s
step  3220 | lm 6.204 | pred 1.093 | 5051 tok/s
step  3240 | lm 6.408 | pred 1.118 | 5051 tok/s
step  3260 | lm 6.706 | pred 1.172 | 5052 tok/s
step  3280 | lm 6.359 | pred 1.149 | 5052 tok/s
step  3300 | lm 6.552 | pred 1.132 | 5053 tok/s
step  3320 | lm 6.213 | pred 1.145 | 5053 tok/s
step  3340 | lm 6.677 | pred 1.110 | 5054 tok/s
step  3360 | lm 6.325 | pred 1.130 | 5054 tok/s
step  3380 | lm 6.695 | pred 1.123 | 5055 tok/s
step  3400 | lm 6.533 | pred 1.050 | 5055 tok/s
step  3420 | lm 6.542 | pred 1.097 | 5055 tok/s
step  3440 | lm 6.925 | pred 1.165 | 5055 tok/s
step  3460 | lm 6.171 | pred 1.086 | 5056 tok/s
step  3480 | lm 6.988 | pred 1.148 | 5056 tok/s
  eval step 3500: lm 6.518 pred 1.121 hit@k [h1: 0.885 | h2: 0.864 | h4: 0.833] | ent 1.579 persist 0.105 util_max 0.132
step  3500 | lm 6.307 | pred 1.120 | 5047 tok/s
step  3520 | lm 6.287 | pred 1.096 | 5048 tok/s
step  3540 | lm 6.334 | pred 1.119 | 5048 tok/s
step  3560 | lm 6.239 | pred 1.139 | 5049 tok/s
step  3580 | lm 6.462 | pred 1.099 | 5049 tok/s
step  3600 | lm 6.358 | pred 1.087 | 5050 tok/s
step  3620 | lm 6.565 | pred 1.117 | 5050 tok/s
step  3640 | lm 6.468 | pred 1.126 | 5051 tok/s
step  3660 | lm 6.718 | pred 1.114 | 5051 tok/s
step  3680 | lm 6.230 | pred 1.068 | 5052 tok/s
step  3700 | lm 6.645 | pred 1.099 | 5052 tok/s
step  3720 | lm 6.327 | pred 1.098 | 5053 tok/s
step  3740 | lm 6.795 | pred 1.100 | 5053 tok/s
step  3760 | lm 6.452 | pred 1.134 | 5053 tok/s
step  3780 | lm 6.977 | pred 1.124 | 5054 tok/s
step  3800 | lm 6.335 | pred 1.107 | 5054 tok/s
step  3820 | lm 6.217 | pred 1.080 | 5054 tok/s
step  3840 | lm 6.615 | pred 1.088 | 5055 tok/s
step  3860 | lm 6.653 | pred 1.138 | 5055 tok/s
step  3880 | lm 6.522 | pred 1.129 | 5055 tok/s
step  3900 | lm 6.746 | pred 1.121 | 5056 tok/s
step  3920 | lm 6.506 | pred 1.116 | 5056 tok/s
step  3940 | lm 6.520 | pred 1.120 | 5056 tok/s
step  3960 | lm 7.690 | pred 1.129 | 5057 tok/s
step  3980 | lm 6.235 | pred 1.059 | 5057 tok/s
  eval step 4000: lm 6.467 pred 1.074 hit@k [h1: 0.897 | h2: 0.880 | h4: 0.850] | ent 1.592 persist 0.112 util_max 0.115
step  4000 | lm 6.533 | pred 1.073 | 5050 tok/s
step  4020 | lm 6.379 | pred 1.107 | 5050 tok/s
step  4040 | lm 6.480 | pred 1.111 | 5051 tok/s
step  4060 | lm 6.261 | pred 1.074 | 5051 tok/s
step  4080 | lm 6.086 | pred 1.062 | 5052 tok/s
step  4100 | lm 6.437 | pred 1.095 | 5052 tok/s
step  4120 | lm 6.411 | pred 1.073 | 5052 tok/s
step  4140 | lm 6.296 | pred 1.041 | 5053 tok/s
step  4160 | lm 6.520 | pred 1.080 | 5053 tok/s
step  4180 | lm 6.565 | pred 1.061 | 5053 tok/s
step  4200 | lm 6.368 | pred 1.049 | 5053 tok/s
step  4220 | lm 7.004 | pred 1.078 | 5054 tok/s
step  4240 | lm 6.358 | pred 1.048 | 5054 tok/s
step  4260 | lm 6.700 | pred 1.083 | 5054 tok/s
step  4280 | lm 6.299 | pred 1.043 | 5055 tok/s
step  4300 | lm 6.466 | pred 1.081 | 5055 tok/s
step  4320 | lm 6.542 | pred 1.055 | 5055 tok/s
step  4340 | lm 6.393 | pred 1.020 | 5056 tok/s
step  4360 | lm 6.350 | pred 1.009 | 5056 tok/s
step  4380 | lm 6.253 | pred 1.028 | 5056 tok/s
step  4400 | lm 6.130 | pred 1.024 | 5057 tok/s
step  4420 | lm 6.534 | pred 1.064 | 5057 tok/s
step  4440 | lm 6.400 | pred 1.028 | 5058 tok/s
step  4460 | lm 6.061 | pred 1.033 | 5058 tok/s
step  4480 | lm 6.719 | pred 1.061 | 5058 tok/s
  eval step 4500: lm 6.427 pred 1.039 hit@k [h1: 0.908 | h2: 0.892 | h4: 0.865] | ent 1.614 persist 0.114 util_max 0.108
step  4500 | lm 6.245 | pred 1.027 | 5052 tok/s
step  4520 | lm 6.448 | pred 1.034 | 5052 tok/s
step  4540 | lm 6.382 | pred 1.043 | 5052 tok/s
step  4560 | lm 6.338 | pred 1.027 | 5052 tok/s
step  4580 | lm 6.330 | pred 1.026 | 5053 tok/s
step  4600 | lm 6.338 | pred 1.025 | 5053 tok/s
step  4620 | lm 5.833 | pred 1.004 | 5053 tok/s
step  4640 | lm 7.058 | pred 1.051 | 5054 tok/s
step  4660 | lm 6.382 | pred 1.031 | 5054 tok/s
step  4680 | lm 6.227 | pred 1.031 | 5054 tok/s
step  4700 | lm 6.093 | pred 1.020 | 5055 tok/s
step  4720 | lm 6.408 | pred 1.023 | 5055 tok/s
step  4740 | lm 6.438 | pred 1.092 | 5055 tok/s
step  4760 | lm 6.401 | pred 1.028 | 5056 tok/s
step  4780 | lm 6.060 | pred 1.027 | 5056 tok/s
step  4800 | lm 6.485 | pred 1.026 | 5056 tok/s
step  4820 | lm 6.443 | pred 1.095 | 5057 tok/s
step  4840 | lm 6.305 | pred 1.056 | 5057 tok/s
step  4860 | lm 5.260 | pred 1.022 | 5057 tok/s
step  4880 | lm 5.957 | pred 1.045 | 5057 tok/s
step  4900 | lm 5.741 | pred 1.019 | 5058 tok/s
step  4920 | lm 6.521 | pred 1.045 | 5058 tok/s
step  4940 | lm 6.092 | pred 1.019 | 5058 tok/s
step  4960 | lm 6.709 | pred 1.066 | 5058 tok/s
step  4980 | lm 6.287 | pred 1.031 | 5059 tok/s
  eval step 5000: lm 6.399 pred 1.043 hit@k [h1: 0.911 | h2: 0.891 | h4: 0.864] | ent 1.627 persist 0.116 util_max 0.106
step  5000 | lm 6.231 | pred 1.028 | 5053 tok/s
step  5020 | lm 5.749 | pred 1.019 | 5053 tok/s
step  5040 | lm 6.294 | pred 1.047 | 5053 tok/s
step  5060 | lm 6.945 | pred 1.077 | 5054 tok/s
step  5080 | lm 6.436 | pred 1.050 | 5054 tok/s
step  5100 | lm 6.456 | pred 1.042 | 5054 tok/s
step  5120 | lm 5.999 | pred 1.036 | 5055 tok/s
step  5140 | lm 6.692 | pred 1.060 | 5055 tok/s
step  5160 | lm 6.187 | pred 1.039 | 5055 tok/s
step  5180 | lm 7.033 | pred 1.101 | 5056 tok/s
step  5200 | lm 6.250 | pred 1.049 | 5056 tok/s
step  5220 | lm 6.405 | pred 1.056 | 5056 tok/s
step  5240 | lm 6.339 | pred 1.046 | 5057 tok/s
step  5260 | lm 6.387 | pred 1.050 | 5057 tok/s
step  5280 | lm 6.417 | pred 1.050 | 5057 tok/s
step  5300 | lm 6.235 | pred 1.031 | 5057 tok/s
step  5320 | lm 6.725 | pred 1.049 | 5057 tok/s
step  5340 | lm 6.068 | pred 1.021 | 5058 tok/s
step  5360 | lm 6.375 | pred 1.042 | 5058 tok/s
step  5380 | lm 6.332 | pred 1.052 | 5058 tok/s
step  5400 | lm 6.585 | pred 1.035 | 5058 tok/s
step  5420 | lm 5.916 | pred 1.033 | 5059 tok/s
step  5440 | lm 6.460 | pred 1.045 | 5059 tok/s
step  5460 | lm 6.002 | pred 1.030 | 5059 tok/s
step  5480 | lm 6.443 | pred 1.023 | 5060 tok/s
  eval step 5500: lm 6.385 pred 1.038 hit@k [h1: 0.910 | h2: 0.891 | h4: 0.866] | ent 1.627 persist 0.111 util_max 0.104
step  5500 | lm 6.306 | pred 1.030 | 5054 tok/s
step  5520 | lm 5.887 | pred 1.010 | 5054 tok/s
step  5540 | lm 6.163 | pred 1.024 | 5055 tok/s
step  5560 | lm 5.828 | pred 1.011 | 5055 tok/s
step  5580 | lm 6.002 | pred 1.016 | 5055 tok/s
step  5600 | lm 6.590 | pred 1.062 | 5055 tok/s
step  5620 | lm 6.618 | pred 1.042 | 5056 tok/s
step  5640 | lm 5.946 | pred 1.022 | 5056 tok/s
step  5660 | lm 6.263 | pred 1.038 | 5056 tok/s
step  5680 | lm 6.437 | pred 1.044 | 5056 tok/s
step  5700 | lm 6.475 | pred 1.025 | 5056 tok/s
step  5720 | lm 5.889 | pred 1.017 | 5057 tok/s
step  5740 | lm 6.070 | pred 1.018 | 5057 tok/s
step  5760 | lm 6.009 | pred 1.020 | 5057 tok/s
step  5780 | lm 6.431 | pred 1.036 | 5058 tok/s
step  5800 | lm 6.101 | pred 1.013 | 5058 tok/s
step  5820 | lm 6.263 | pred 1.020 | 5058 tok/s
step  5840 | lm 6.194 | pred 1.031 | 5058 tok/s
step  5860 | lm 6.168 | pred 1.022 | 5059 tok/s
step  5880 | lm 6.228 | pred 1.039 | 5059 tok/s
step  5900 | lm 6.175 | pred 1.028 | 5059 tok/s
step  5920 | lm 6.262 | pred 1.033 | 5059 tok/s
step  5940 | lm 6.375 | pred 1.026 | 5059 tok/s
step  5960 | lm 6.502 | pred 1.061 | 5060 tok/s
step  5980 | lm 6.575 | pred 1.064 | 5060 tok/s
  eval step 6000: lm 6.381 pred 1.035 hit@k [h1: 0.913 | h2: 0.893 | h4: 0.868] | ent 1.627 persist 0.111 util_max 0.103
saved ckpt_A_lam1.0.pt
Fatal Python error: PyGILState_Release: thread state 0x7f3610cf70f0 must be current when releasing
Python runtime state: finalizing (tstate=0x0000000000a7f5b0)

Thread 0x00007f3964fd4780 (most recent call first):
  <no Python frame>

Extension modules: numpy._core._multiarray_umath, numpy.linalg._umath_linalg, torch._C, torch._C._dynamo.autograd_compiler, torch._C._dynamo.eval_frame, torch._C._dynamo.guards, torch._C._dynamo.utils, torch._C._fft, torch._C._linalg, torch._C._nested, torch._C._nn, torch._C._sparse, torch._C._special, numpy.random._common, numpy.random.bit_generator, numpy.random._bounded_integers, numpy.random._pcg64, numpy.random._generator, numpy.random._mt19937, numpy.random._philox, numpy.random._sfc64, numpy.random.mtrand, pyarrow.lib, _cyutility, pandas._libs._cyutility, pandas._libs.tslibs.ccalendar, pandas._libs.tslibs.np_datetime, pandas._libs.tslibs.dtypes, pandas._libs.tslibs.base, pandas._libs.tslibs.nattype, pandas._libs.tslibs.timezones, pandas._libs.properties, pandas._libs.tslibs.fields, pandas._libs.tslibs.timedeltas, pandas._libs.tslibs.tzconversion, pandas._libs.tslibs.timestamps, pandas._libs.tslibs.offsets, pandas._libs.tslibs.strptime, pandas._libs.tslibs.parsing, pandas._libs.tslibs.conversion, pandas._libs.tslibs.period, pandas._libs.tslibs.vectorized, pandas._libs.ops_dispatch, pandas._libs.missing, pandas._libs.hashtable, pandas._libs.algos, pandas._libs.interval, pandas._libs.lib, pyarrow._compute, pandas._libs.ops, pandas._libs.hashing, pandas._libs.arrays, pandas._libs.tslib, pandas._libs.sparse, pandas._libs.internals, pandas._libs.indexing, pandas._libs.index, pandas._libs.writers, pandas._libs.join, pandas._libs.window.aggregations, pandas._libs.window.indexers, pandas._libs.reshape, pandas._libs.groupby, pandas._libs.json, pandas._libs.parsers, pandas._libs.testing, pyarrow._acero, pyarrow._fs, pyarrow._csv, pyarrow._json, pyarrow._substrait, pyarrow._dataset, pyarrow._dataset_orc, pyarrow._parquet, pyarrow._azurefs, pyarrow._hdfs, pyarrow._gcsfs, pyarrow._s3fs, pyarrow._parquet_encryption, pyarrow._dataset_parquet_encryption, pyarrow._dataset_parquet, yaml._yaml, charset_normalizer.md, charset_normalizer.cd, requests.packages.charset_normalizer.md, requests.packages.chardet.md, requests.packages.charset_normalizer.cd, requests.packages.chardet.cd, multidict._multidict, yarl._quoting_c, propcache._helpers_c, aiohttp._http_writer, aiohttp._http_parser, aiohttp._websocket.mask, aiohttp._websocket.reader_c, frozenlist._frozenlist, xxhash._xxhash, regex._regex (total: 98)
./run_tierA2.sh: line 9: 3945237 Aborted                 $PY -u train.py --tier A --horizons 1,2,4 --lambda-pred 1.0 --steps 6000 --batch 8 --eval-every 500 --device cuda --save ckpt_A_lam1.0.pt
params: 341M total / 99M active | mode=joint lambda_pred=0.0
Warning: You are sending unauthenticated requests to the HF Hub. Please set a HF_TOKEN to enable higher rate limits and faster downloads.
step     0 | lm 10.990 | pred 2.870 | 2551 tok/s
step    20 | lm 10.044 | pred 2.855 | 4800 tok/s
step    40 | lm 8.871 | pred 2.845 | 4954 tok/s
step    60 | lm 8.007 | pred 2.839 | 5013 tok/s
step    80 | lm 7.368 | pred 2.887 | 5042 tok/s
step   100 | lm 7.361 | pred 2.864 | 5059 tok/s
step   120 | lm 7.575 | pred 2.859 | 5068 tok/s
step   140 | lm 7.151 | pred 2.868 | 5076 tok/s
step   160 | lm 7.416 | pred 2.880 | 5081 tok/s
step   180 | lm 7.247 | pred 2.867 | 5085 tok/s
step   200 | lm 6.979 | pred 2.868 | 5089 tok/s
step   220 | lm 7.361 | pred 2.882 | 5092 tok/s
step   240 | lm 7.093 | pred 2.871 | 5094 tok/s
step   260 | lm 7.099 | pred 2.862 | 5093 tok/s
step   280 | lm 6.856 | pred 2.876 | 5094 tok/s
step   300 | lm 6.423 | pred 2.872 | 5096 tok/s
step   320 | lm 6.563 | pred 2.875 | 5097 tok/s
step   340 | lm 6.473 | pred 2.876 | 5098 tok/s
step   360 | lm 7.029 | pred 2.879 | 5097 tok/s
step   380 | lm 6.793 | pred 2.885 | 5097 tok/s
step   400 | lm 6.799 | pred 2.883 | 5097 tok/s
step   420 | lm 7.289 | pred 2.874 | 5098 tok/s
step   440 | lm 6.648 | pred 2.874 | 5100 tok/s
step   460 | lm 6.799 | pred 2.878 | 5101 tok/s
step   480 | lm 6.635 | pred 2.883 | 5102 tok/s
  eval step 500: lm 6.764 pred 2.875 hit@k [h1: 0.119 | h2: 0.125 | h4: 0.126] | ent 2.490 persist 0.125 util_max 0.116
step   500 | lm 6.618 | pred 2.874 | 5039 tok/s
step   520 | lm 6.787 | pred 2.876 | 5042 tok/s
step   540 | lm 6.746 | pred 2.875 | 5045 tok/s
step   560 | lm 6.921 | pred 2.871 | 5048 tok/s
step   580 | lm 6.782 | pred 2.870 | 5051 tok/s
step   600 | lm 7.084 | pred 2.869 | 5053 tok/s
step   620 | lm 6.790 | pred 2.885 | 5055 tok/s
step   640 | lm 6.785 | pred 2.876 | 5056 tok/s
step   660 | lm 6.627 | pred 2.870 | 5058 tok/s
step   680 | lm 6.554 | pred 2.870 | 5060 tok/s
step   700 | lm 6.722 | pred 2.875 | 5062 tok/s
step   720 | lm 7.408 | pred 2.875 | 5064 tok/s
step   740 | lm 6.872 | pred 2.874 | 5066 tok/s
step   760 | lm 6.667 | pred 2.871 | 5066 tok/s
step   780 | lm 6.871 | pred 2.875 | 5067 tok/s
step   800 | lm 6.574 | pred 2.866 | 5069 tok/s
step   820 | lm 6.744 | pred 2.869 | 5070 tok/s
step   840 | lm 6.535 | pred 2.868 | 5072 tok/s
step   860 | lm 7.602 | pred 2.864 | 5073 tok/s
step   880 | lm 6.081 | pred 2.867 | 5074 tok/s
step   900 | lm 6.765 | pred 2.871 | 5075 tok/s
step   920 | lm 6.468 | pred 2.874 | 5075 tok/s
step   940 | lm 6.655 | pred 2.872 | 5076 tok/s
step   960 | lm 6.109 | pred 2.868 | 5077 tok/s
step   980 | lm 6.517 | pred 2.868 | 5078 tok/s
  eval step 1000: lm 6.502 pred 2.870 hit@k [h1: 0.123 | h2: 0.134 | h4: 0.126] | ent 2.484 persist 0.131 util_max 0.109
step  1000 | lm 6.657 | pred 2.872 | 5047 tok/s
step  1020 | lm 6.739 | pred 2.867 | 5048 tok/s
step  1040 | lm 6.480 | pred 2.870 | 5049 tok/s
step  1060 | lm 6.391 | pred 2.871 | 5051 tok/s
step  1080 | lm 6.674 | pred 2.872 | 5052 tok/s
step  1100 | lm 6.677 | pred 2.867 | 5053 tok/s
step  1120 | lm 6.527 | pred 2.870 | 5054 tok/s
step  1140 | lm 6.433 | pred 2.870 | 5055 tok/s
step  1160 | lm 6.545 | pred 2.866 | 5056 tok/s
step  1180 | lm 6.354 | pred 2.865 | 5057 tok/s
step  1200 | lm 6.300 | pred 2.868 | 5059 tok/s
step  1220 | lm 6.093 | pred 2.865 | 5060 tok/s
step  1240 | lm 6.496 | pred 2.867 | 5061 tok/s
step  1260 | lm 6.431 | pred 2.861 | 5062 tok/s
step  1280 | lm 6.249 | pred 2.865 | 5063 tok/s
step  1300 | lm 6.031 | pred 2.878 | 5064 tok/s
step  1320 | lm 6.585 | pred 2.870 | 5065 tok/s
step  1340 | lm 7.051 | pred 2.873 | 5066 tok/s
step  1360 | lm 6.282 | pred 2.865 | 5066 tok/s
step  1380 | lm 6.481 | pred 2.865 | 5067 tok/s
step  1400 | lm 6.867 | pred 2.864 | 5068 tok/s
step  1420 | lm 6.356 | pred 2.861 | 5068 tok/s
step  1440 | lm 6.038 | pred 2.864 | 5069 tok/s
step  1460 | lm 6.362 | pred 2.864 | 5070 tok/s
step  1480 | lm 6.615 | pred 2.871 | 5071 tok/s
  eval step 1500: lm 6.417 pred 2.864 hit@k [h1: 0.127 | h2: 0.124 | h4: 0.128] | ent 2.452 persist 0.130 util_max 0.117
step  1500 | lm 6.132 | pred 2.865 | 5050 tok/s
step  1520 | lm 6.361 | pred 2.866 | 5051 tok/s
step  1540 | lm 6.229 | pred 2.867 | 5052 tok/s
step  1560 | lm 6.488 | pred 2.865 | 5053 tok/s
step  1580 | lm 6.501 | pred 2.868 | 5054 tok/s
step  1600 | lm 5.938 | pred 2.869 | 5055 tok/s
step  1620 | lm 6.503 | pred 2.869 | 5056 tok/s
step  1640 | lm 6.453 | pred 2.860 | 5057 tok/s
step  1660 | lm 6.108 | pred 2.864 | 5058 tok/s
step  1680 | lm 6.504 | pred 2.869 | 5058 tok/s
step  1700 | lm 6.387 | pred 2.862 | 5059 tok/s
step  1720 | lm 6.205 | pred 2.868 | 5060 tok/s
step  1740 | lm 6.714 | pred 2.873 | 5061 tok/s
step  1760 | lm 6.944 | pred 2.876 | 5061 tok/s
step  1780 | lm 5.784 | pred 2.863 | 5061 tok/s
step  1800 | lm 6.375 | pred 2.866 | 5062 tok/s
step  1820 | lm 6.018 | pred 2.863 | 5062 tok/s
step  1840 | lm 6.571 | pred 2.870 | 5063 tok/s
step  1860 | lm 6.086 | pred 2.865 | 5063 tok/s
step  1880 | lm 6.406 | pred 2.865 | 5064 tok/s
step  1900 | lm 6.374 | pred 2.865 | 5064 tok/s
step  1920 | lm 6.009 | pred 2.865 | 5065 tok/s
step  1940 | lm 6.560 | pred 2.863 | 5066 tok/s
step  1960 | lm 6.456 | pred 2.859 | 5066 tok/s
step  1980 | lm 5.965 | pred 2.867 | 5067 tok/s
  eval step 2000: lm 6.286 pred 2.864 hit@k [h1: 0.126 | h2: 0.129 | h4: 0.126] | ent 2.460 persist 0.126 util_max 0.112
step  2000 | lm 6.200 | pred 2.865 | 5052 tok/s
step  2020 | lm 6.020 | pred 2.869 | 5053 tok/s
step  2040 | lm 6.373 | pred 2.862 | 5054 tok/s
step  2060 | lm 6.435 | pred 2.867 | 5054 tok/s
step  2080 | lm 6.507 | pred 2.866 | 5055 tok/s
step  2100 | lm 5.897 | pred 2.864 | 5056 tok/s
step  2120 | lm 6.113 | pred 2.865 | 5056 tok/s
step  2140 | lm 6.256 | pred 2.865 | 5056 tok/s
step  2160 | lm 6.260 | pred 2.867 | 5057 tok/s
step  2180 | lm 5.839 | pred 2.863 | 5058 tok/s
step  2200 | lm 6.190 | pred 2.866 | 5058 tok/s
step  2220 | lm 6.516 | pred 2.868 | 5059 tok/s
step  2240 | lm 5.986 | pred 2.865 | 5059 tok/s
step  2260 | lm 6.478 | pred 2.867 | 5059 tok/s
step  2280 | lm 6.252 | pred 2.865 | 5060 tok/s
step  2300 | lm 6.535 | pred 2.868 | 5061 tok/s
step  2320 | lm 6.173 | pred 2.869 | 5061 tok/s
step  2340 | lm 5.643 | pred 2.871 | 5062 tok/s
step  2360 | lm 5.813 | pred 2.865 | 5062 tok/s
step  2380 | lm 5.993 | pred 2.869 | 5063 tok/s
step  2400 | lm 6.500 | pred 2.868 | 5064 tok/s
step  2420 | lm 5.979 | pred 2.868 | 5064 tok/s
step  2440 | lm 6.149 | pred 2.864 | 5065 tok/s
step  2460 | lm 5.880 | pred 2.867 | 5065 tok/s
step  2480 | lm 6.182 | pred 2.869 | 5066 tok/s
  eval step 2500: lm 6.152 pred 2.867 hit@k [h1: 0.121 | h2: 0.128 | h4: 0.126] | ent 2.441 persist 0.129 util_max 0.107
step  2500 | lm 6.525 | pred 2.867 | 5053 tok/s
step  2520 | lm 6.244 | pred 2.869 | 5053 tok/s
step  2540 | lm 6.175 | pred 2.869 | 5054 tok/s
step  2560 | lm 6.108 | pred 2.865 | 5054 tok/s
step  2580 | lm 6.098 | pred 2.866 | 5055 tok/s
step  2600 | lm 6.079 | pred 2.867 | 5055 tok/s
step  2620 | lm 6.144 | pred 2.864 | 5056 tok/s
step  2640 | lm 6.448 | pred 2.874 | 5056 tok/s
step  2660 | lm 6.006 | pred 2.866 | 5057 tok/s
step  2680 | lm 6.172 | pred 2.864 | 5057 tok/s
step  2700 | lm 6.294 | pred 2.868 | 5058 tok/s
step  2720 | lm 6.048 | pred 2.866 | 5058 tok/s
step  2740 | lm 5.996 | pred 2.863 | 5059 tok/s
step  2760 | lm 5.996 | pred 2.866 | 5059 tok/s
step  2780 | lm 6.088 | pred 2.864 | 5060 tok/s
step  2800 | lm 5.878 | pred 2.868 | 5060 tok/s
step  2820 | lm 6.416 | pred 2.866 | 5061 tok/s
step  2840 | lm 5.931 | pred 2.868 | 5061 tok/s
step  2860 | lm 5.651 | pred 2.866 | 5062 tok/s
step  2880 | lm 5.594 | pred 2.865 | 5062 tok/s
step  2900 | lm 6.470 | pred 2.870 | 5062 tok/s
step  2920 | lm 6.097 | pred 2.870 | 5063 tok/s
step  2940 | lm 5.866 | pred 2.868 | 5063 tok/s
step  2960 | lm 6.139 | pred 2.871 | 5064 tok/s
step  2980 | lm 6.204 | pred 2.869 | 5064 tok/s
  eval step 3000: lm 6.029 pred 2.865 hit@k [h1: 0.119 | h2: 0.130 | h4: 0.122] | ent 2.431 persist 0.127 util_max 0.107
step  3000 | lm 5.723 | pred 2.859 | 5054 tok/s
step  3020 | lm 5.801 | pred 2.864 | 5054 tok/s
step  3040 | lm 6.276 | pred 2.864 | 5055 tok/s
step  3060 | lm 5.982 | pred 2.867 | 5055 tok/s
step  3080 | lm 6.044 | pred 2.871 | 5056 tok/s
step  3100 | lm 5.991 | pred 2.861 | 5056 tok/s
step  3120 | lm 5.915 | pred 2.865 | 5056 tok/s
step  3140 | lm 5.635 | pred 2.860 | 5057 tok/s
step  3160 | lm 5.982 | pred 2.868 | 5057 tok/s
step  3180 | lm 6.113 | pred 2.865 | 5058 tok/s
step  3200 | lm 5.869 | pred 2.866 | 5058 tok/s
step  3220 | lm 5.735 | pred 2.861 | 5059 tok/s
step  3240 | lm 5.941 | pred 2.864 | 5059 tok/s
step  3260 | lm 6.070 | pred 2.865 | 5059 tok/s
step  3280 | lm 5.859 | pred 2.867 | 5059 tok/s
step  3300 | lm 5.940 | pred 2.866 | 5060 tok/s
step  3320 | lm 5.490 | pred 2.866 | 5060 tok/s
step  3340 | lm 6.120 | pred 2.867 | 5061 tok/s
step  3360 | lm 5.805 | pred 2.867 | 5061 tok/s
step  3380 | lm 6.106 | pred 2.865 | 5061 tok/s
step  3400 | lm 5.896 | pred 2.864 | 5062 tok/s
step  3420 | lm 5.934 | pred 2.864 | 5062 tok/s
step  3440 | lm 6.257 | pred 2.860 | 5062 tok/s
step  3460 | lm 5.645 | pred 2.865 | 5063 tok/s
step  3480 | lm 6.400 | pred 2.867 | 5063 tok/s
  eval step 3500: lm 5.952 pred 2.865 hit@k [h1: 0.120 | h2: 0.130 | h4: 0.121] | ent 2.416 persist 0.125 util_max 0.107
step  3500 | lm 5.851 | pred 2.865 | 5055 tok/s
step  3520 | lm 5.770 | pred 2.866 | 5055 tok/s
step  3540 | lm 5.649 | pred 2.865 | 5055 tok/s
step  3560 | lm 5.636 | pred 2.865 | 5056 tok/s
step  3580 | lm 6.009 | pred 2.867 | 5056 tok/s
step  3600 | lm 5.880 | pred 2.862 | 5056 tok/s
step  3620 | lm 5.992 | pred 2.869 | 5057 tok/s
step  3640 | lm 5.996 | pred 2.863 | 5057 tok/s
step  3660 | lm 6.019 | pred 2.866 | 5057 tok/s
step  3680 | lm 5.582 | pred 2.866 | 5057 tok/s
step  3700 | lm 6.121 | pred 2.864 | 5058 tok/s
step  3720 | lm 5.860 | pred 2.861 | 5058 tok/s
step  3740 | lm 6.161 | pred 2.859 | 5058 tok/s
step  3760 | lm 5.803 | pred 2.866 | 5058 tok/s
step  3780 | lm 6.446 | pred 2.867 | 5059 tok/s
step  3800 | lm 5.689 | pred 2.865 | 5059 tok/s
step  3820 | lm 5.632 | pred 2.864 | 5059 tok/s
step  3840 | lm 6.135 | pred 2.865 | 5060 tok/s
step  3860 | lm 5.963 | pred 2.866 | 5060 tok/s
step  3880 | lm 5.836 | pred 2.867 | 5060 tok/s
step  3900 | lm 6.216 | pred 2.867 | 5061 tok/s
step  3920 | lm 5.895 | pred 2.867 | 5061 tok/s
step  3940 | lm 5.778 | pred 2.866 | 5061 tok/s
step  3960 | lm 7.065 | pred 2.860 | 5062 tok/s
step  3980 | lm 5.562 | pred 2.863 | 5062 tok/s
  eval step 4000: lm 5.873 pred 2.864 hit@k [h1: 0.120 | h2: 0.130 | h4: 0.123] | ent 2.404 persist 0.125 util_max 0.106
step  4000 | lm 5.962 | pred 2.862 | 5055 tok/s
step  4020 | lm 5.803 | pred 2.865 | 5055 tok/s
step  4040 | lm 5.861 | pred 2.866 | 5055 tok/s
step  4060 | lm 5.733 | pred 2.865 | 5055 tok/s
step  4080 | lm 5.449 | pred 2.863 | 5055 tok/s
step  4100 | lm 5.967 | pred 2.866 | 5056 tok/s
step  4120 | lm 5.659 | pred 2.866 | 5056 tok/s
step  4140 | lm 5.729 | pred 2.865 | 5056 tok/s
step  4160 | lm 5.912 | pred 2.864 | 5057 tok/s
step  4180 | lm 6.047 | pred 2.861 | 5057 tok/s
step  4200 | lm 5.857 | pred 2.863 | 5057 tok/s
step  4220 | lm 6.380 | pred 2.863 | 5058 tok/s
step  4240 | lm 5.796 | pred 2.864 | 5058 tok/s
step  4260 | lm 5.805 | pred 2.864 | 5058 tok/s
step  4280 | lm 5.636 | pred 2.864 | 5059 tok/s
step  4300 | lm 5.793 | pred 2.862 | 5059 tok/s
step  4320 | lm 5.852 | pred 2.864 | 5059 tok/s
step  4340 | lm 5.753 | pred 2.865 | 5060 tok/s
step  4360 | lm 5.824 | pred 2.864 | 5060 tok/s
step  4380 | lm 5.617 | pred 2.864 | 5060 tok/s
step  4400 | lm 5.658 | pred 2.863 | 5060 tok/s
step  4420 | lm 5.847 | pred 2.866 | 5060 tok/s
step  4440 | lm 5.869 | pred 2.866 | 5061 tok/s
step  4460 | lm 5.574 | pred 2.860 | 5061 tok/s
step  4480 | lm 6.097 | pred 2.863 | 5061 tok/s
  eval step 4500: lm 5.821 pred 2.863 hit@k [h1: 0.121 | h2: 0.130 | h4: 0.122] | ent 2.395 persist 0.125 util_max 0.105
step  4500 | lm 5.628 | pred 2.862 | 5055 tok/s
step  4520 | lm 5.869 | pred 2.866 | 5055 tok/s
step  4540 | lm 5.742 | pred 2.862 | 5055 tok/s
step  4560 | lm 5.743 | pred 2.862 | 5055 tok/s
step  4580 | lm 5.748 | pred 2.863 | 5056 tok/s
step  4600 | lm 5.684 | pred 2.863 | 5056 tok/s
step  4620 | lm 5.145 | pred 2.862 | 5056 tok/s
step  4640 | lm 6.327 | pred 2.866 | 5057 tok/s
step  4660 | lm 5.791 | pred 2.863 | 5057 tok/s
step  4680 | lm 5.548 | pred 2.864 | 5057 tok/s
step  4700 | lm 5.417 | pred 2.863 | 5058 tok/s
step  4720 | lm 5.931 | pred 2.865 | 5058 tok/s
step  4740 | lm 5.783 | pred 2.858 | 5058 tok/s
step  4760 | lm 5.752 | pred 2.864 | 5058 tok/s
step  4780 | lm 5.322 | pred 2.864 | 5059 tok/s
step  4800 | lm 5.949 | pred 2.859 | 5058 tok/s
step  4820 | lm 5.739 | pred 2.866 | 5059 tok/s
step  4840 | lm 5.686 | pred 2.860 | 5059 tok/s
step  4860 | lm 4.614 | pred 2.867 | 5059 tok/s
step  4880 | lm 5.422 | pred 2.860 | 5059 tok/s
step  4900 | lm 5.082 | pred 2.862 | 5060 tok/s
step  4920 | lm 5.896 | pred 2.864 | 5060 tok/s
step  4940 | lm 5.452 | pred 2.864 | 5060 tok/s
step  4960 | lm 6.120 | pred 2.861 | 5060 tok/s
step  4980 | lm 5.616 | pred 2.863 | 5061 tok/s
  eval step 5000: lm 5.789 pred 2.863 hit@k [h1: 0.121 | h2: 0.129 | h4: 0.123] | ent 2.394 persist 0.125 util_max 0.104
step  5000 | lm 5.615 | pred 2.866 | 5055 tok/s
step  5020 | lm 5.155 | pred 2.863 | 5055 tok/s
step  5040 | lm 5.680 | pred 2.865 | 5055 tok/s
step  5060 | lm 6.499 | pred 2.865 | 5056 tok/s
step  5080 | lm 5.851 | pred 2.864 | 5056 tok/s
step  5100 | lm 5.874 | pred 2.865 | 5056 tok/s
step  5120 | lm 5.253 | pred 2.865 | 5056 tok/s
step  5140 | lm 5.967 | pred 2.861 | 5057 tok/s
step  5160 | lm 5.564 | pred 2.864 | 5057 tok/s
step  5180 | lm 6.523 | pred 2.867 | 5057 tok/s
step  5200 | lm 5.612 | pred 2.865 | 5057 tok/s
step  5220 | lm 5.720 | pred 2.866 | 5058 tok/s
step  5240 | lm 5.694 | pred 2.866 | 5058 tok/s
step  5260 | lm 5.814 | pred 2.862 | 5058 tok/s
step  5280 | lm 5.819 | pred 2.862 | 5058 tok/s
step  5300 | lm 5.642 | pred 2.865 | 5059 tok/s
step  5320 | lm 6.265 | pred 2.860 | 5059 tok/s
step  5340 | lm 5.569 | pred 2.859 | 5059 tok/s
step  5360 | lm 5.867 | pred 2.863 | 5059 tok/s
step  5380 | lm 5.516 | pred 2.862 | 5060 tok/s
step  5400 | lm 6.109 | pred 2.863 | 5060 tok/s
step  5420 | lm 5.219 | pred 2.869 | 5060 tok/s
step  5440 | lm 5.831 | pred 2.867 | 5060 tok/s
step  5460 | lm 5.318 | pred 2.864 | 5060 tok/s
step  5480 | lm 5.949 | pred 2.861 | 5061 tok/s
  eval step 5500: lm 5.777 pred 2.863 hit@k [h1: 0.120 | h2: 0.129 | h4: 0.123] | ent 2.392 persist 0.125 util_max 0.104
step  5500 | lm 5.630 | pred 2.865 | 5055 tok/s
step  5520 | lm 5.278 | pred 2.867 | 5056 tok/s
step  5540 | lm 5.466 | pred 2.863 | 5056 tok/s
step  5560 | lm 5.202 | pred 2.865 | 5056 tok/s
step  5580 | lm 5.459 | pred 2.864 | 5056 tok/s
step  5600 | lm 5.938 | pred 2.868 | 5056 tok/s
step  5620 | lm 5.986 | pred 2.866 | 5056 tok/s
step  5640 | lm 5.287 | pred 2.864 | 5057 tok/s
step  5660 | lm 5.711 | pred 2.861 | 5057 tok/s
step  5680 | lm 5.773 | pred 2.862 | 5057 tok/s
step  5700 | lm 5.985 | pred 2.868 | 5057 tok/s
step  5720 | lm 5.247 | pred 2.866 | 5058 tok/s
step  5740 | lm 5.383 | pred 2.869 | 5058 tok/s
step  5760 | lm 5.412 | pred 2.865 | 5058 tok/s
step  5780 | lm 5.788 | pred 2.864 | 5058 tok/s
step  5800 | lm 5.534 | pred 2.863 | 5059 tok/s
step  5820 | lm 5.717 | pred 2.863 | 5059 tok/s
step  5840 | lm 5.651 | pred 2.861 | 5059 tok/s
step  5860 | lm 5.490 | pred 2.866 | 5059 tok/s
step  5880 | lm 5.472 | pred 2.868 | 5059 tok/s
step  5900 | lm 5.509 | pred 2.864 | 5060 tok/s
step  5920 | lm 5.652 | pred 2.865 | 5060 tok/s
step  5940 | lm 5.670 | pred 2.867 | 5060 tok/s
step  5960 | lm 5.718 | pred 2.866 | 5060 tok/s
step  5980 | lm 6.005 | pred 2.862 | 5060 tok/s
  eval step 6000: lm 5.772 pred 2.863 hit@k [h1: 0.120 | h2: 0.129 | h4: 0.123] | ent 2.392 persist 0.124 util_max 0.104
saved ckpt_A_sticky.pt
Fatal Python error: PyGILState_Release: thread state 0x7f9adc4a6710 must be current when releasing
Python runtime state: finalizing (tstate=0x0000000000a7f5b0)

Thread 0x00007f9e3a526780 (most recent call first):
  <no Python frame>

Extension modules: numpy._core._multiarray_umath, numpy.linalg._umath_linalg, torch._C, torch._C._dynamo.autograd_compiler, torch._C._dynamo.eval_frame, torch._C._dynamo.guards, torch._C._dynamo.utils, torch._C._fft, torch._C._linalg, torch._C._nested, torch._C._nn, torch._C._sparse, torch._C._special, numpy.random._common, numpy.random.bit_generator, numpy.random._bounded_integers, numpy.random._pcg64, numpy.random._generator, numpy.random._mt19937, numpy.random._philox, numpy.random._sfc64, numpy.random.mtrand, pyarrow.lib, _cyutility, pandas._libs._cyutility, pandas._libs.tslibs.ccalendar, pandas._libs.tslibs.np_datetime, pandas._libs.tslibs.dtypes, pandas._libs.tslibs.base, pandas._libs.tslibs.nattype, pandas._libs.tslibs.timezones, pandas._libs.properties, pandas._libs.tslibs.fields, pandas._libs.tslibs.timedeltas, pandas._libs.tslibs.tzconversion, pandas._libs.tslibs.timestamps, pandas._libs.tslibs.offsets, pandas._libs.tslibs.strptime, pandas._libs.tslibs.parsing, pandas._libs.tslibs.conversion, pandas._libs.tslibs.period, pandas._libs.tslibs.vectorized, pandas._libs.ops_dispatch, pandas._libs.missing, pandas._libs.hashtable, pandas._libs.algos, pandas._libs.interval, pandas._libs.lib, pyarrow._compute, pandas._libs.ops, pandas._libs.hashing, pandas._libs.arrays, pandas._libs.tslib, pandas._libs.sparse, pandas._libs.internals, pandas._libs.indexing, pandas._libs.index, pandas._libs.writers, pandas._libs.join, pandas._libs.window.aggregations, pandas._libs.window.indexers, pandas._libs.reshape, pandas._libs.groupby, pandas._libs.json, pandas._libs.parsers, pandas._libs.testing, pyarrow._acero, pyarrow._fs, pyarrow._csv, pyarrow._json, pyarrow._substrait, pyarrow._dataset, pyarrow._dataset_orc, pyarrow._parquet, pyarrow._azurefs, pyarrow._hdfs, pyarrow._gcsfs, pyarrow._s3fs, pyarrow._parquet_encryption, pyarrow._dataset_parquet_encryption, pyarrow._dataset_parquet, yaml._yaml, charset_normalizer.md, charset_normalizer.cd, requests.packages.charset_normalizer.md, requests.packages.chardet.md, requests.packages.charset_normalizer.cd, requests.packages.chardet.cd, multidict._multidict, yarl._quoting_c, propcache._helpers_c, aiohttp._http_writer, aiohttp._http_parser, aiohttp._websocket.mask, aiohttp._websocket.reader_c, frozenlist._frozenlist, xxhash._xxhash, regex._regex (total: 98)
./run_tierA2.sh: line 11: 352772 Aborted                 $PY -u train.py --tier A --horizons 1,2,4 --lambda-sticky 0.1 --steps 6000 --batch 8 --eval-every 500 --device cuda --save ckpt_A_sticky.pt
params: 341M total / 99M active | mode=posthoc lambda_pred=1.0
Warning: You are sending unauthenticated requests to the HF Hub. Please set a HF_TOKEN to enable higher rate limits and faster downloads.
step     0 | lm 5.868 | pred 2.859 | 6918 tok/s
step    20 | lm 5.790 | pred 2.811 | 30925 tok/s
step    40 | lm 5.700 | pred 2.688 | 33970 tok/s
step    60 | lm 5.789 | pred 2.514 | 35153 tok/s
step    80 | lm 5.600 | pred 2.312 | 35822 tok/s
step   100 | lm 5.548 | pred 2.130 | 36216 tok/s
step   120 | lm 5.710 | pred 2.016 | 36484 tok/s
step   140 | lm 5.551 | pred 1.888 | 36675 tok/s
step   160 | lm 5.945 | pred 1.815 | 36834 tok/s
step   180 | lm 5.564 | pred 1.759 | 36925 tok/s
step   200 | lm 5.624 | pred 1.677 | 37030 tok/s
step   220 | lm 6.317 | pred 1.652 | 37112 tok/s
step   240 | lm 5.863 | pred 1.609 | 37172 tok/s
step   260 | lm 5.885 | pred 1.588 | 37234 tok/s
step   280 | lm 5.532 | pred 1.569 | 37286 tok/s
step   300 | lm 5.529 | pred 1.533 | 37331 tok/s
step   320 | lm 5.427 | pred 1.516 | 37372 tok/s
step   340 | lm 5.404 | pred 1.506 | 37412 tok/s
step   360 | lm 5.961 | pred 1.506 | 37449 tok/s
step   380 | lm 5.643 | pred 1.491 | 37483 tok/s
step   400 | lm 5.647 | pred 1.475 | 37511 tok/s
step   420 | lm 6.157 | pred 1.499 | 37545 tok/s
step   440 | lm 5.416 | pred 1.473 | 37557 tok/s
step   460 | lm 5.940 | pred 1.456 | 37584 tok/s
step   480 | lm 5.635 | pred 1.436 | 37607 tok/s
  eval step 500: lm 5.761 pred 1.443 hit@k [h1: 0.807 | h2: 0.778 | h4: 0.719] | ent 2.261 persist 0.133 util_max 0.108
step   500 | lm 5.697 | pred 1.443 | 34501 tok/s
step   520 | lm 5.670 | pred 1.449 | 34631 tok/s
step   540 | lm 5.725 | pred 1.441 | 34760 tok/s
step   560 | lm 5.912 | pred 1.443 | 34869 tok/s
step   580 | lm 5.760 | pred 1.425 | 34979 tok/s
step   600 | lm 6.268 | pred 1.437 | 35079 tok/s
step   620 | lm 5.833 | pred 1.462 | 35175 tok/s
step   640 | lm 5.696 | pred 1.425 | 35265 tok/s
step   660 | lm 5.631 | pred 1.417 | 35353 tok/s
step   680 | lm 5.587 | pred 1.412 | 35437 tok/s
step   700 | lm 5.715 | pred 1.414 | 35517 tok/s
step   720 | lm 6.415 | pred 1.424 | 35594 tok/s
step   740 | lm 6.069 | pred 1.406 | 35663 tok/s
step   760 | lm 5.916 | pred 1.415 | 35733 tok/s
step   780 | lm 5.889 | pred 1.420 | 35797 tok/s
step   800 | lm 5.802 | pred 1.401 | 35859 tok/s
step   820 | lm 5.810 | pred 1.402 | 35917 tok/s
step   840 | lm 5.669 | pred 1.387 | 35974 tok/s
step   860 | lm 6.777 | pred 1.471 | 36023 tok/s
step   880 | lm 5.287 | pred 1.377 | 36071 tok/s
step   900 | lm 5.804 | pred 1.395 | 36116 tok/s
step   920 | lm 5.637 | pred 1.389 | 36158 tok/s
step   940 | lm 5.874 | pred 1.392 | 36199 tok/s
step   960 | lm 4.941 | pred 1.397 | 36238 tok/s
step   980 | lm 5.557 | pred 1.395 | 36276 tok/s
  eval step 1000: lm 5.761 pred 1.391 hit@k [h1: 0.825 | h2: 0.795 | h4: 0.733] | ent 2.261 persist 0.133 util_max 0.108
step  1000 | lm 5.788 | pred 1.396 | 34789 tok/s
step  1020 | lm 6.020 | pred 1.394 | 34851 tok/s
step  1040 | lm 5.605 | pred 1.390 | 34911 tok/s
step  1060 | lm 5.526 | pred 1.388 | 34971 tok/s
step  1080 | lm 5.862 | pred 1.384 | 35028 tok/s
step  1100 | lm 5.968 | pred 1.385 | 35085 tok/s
step  1120 | lm 5.654 | pred 1.387 | 35137 tok/s
step  1140 | lm 5.707 | pred 1.387 | 35191 tok/s
step  1160 | lm 5.861 | pred 1.383 | 35243 tok/s
step  1180 | lm 5.669 | pred 1.384 | 35292 tok/s
step  1200 | lm 5.577 | pred 1.424 | 35339 tok/s
step  1220 | lm 5.471 | pred 1.369 | 35386 tok/s
step  1240 | lm 5.669 | pred 1.382 | 35433 tok/s
step  1260 | lm 5.692 | pred 1.391 | 35475 tok/s
step  1280 | lm 5.476 | pred 1.389 | 35516 tok/s
step  1300 | lm 5.624 | pred 1.384 | 35556 tok/s
step  1320 | lm 5.799 | pred 1.392 | 35596 tok/s
step  1340 | lm 6.187 | pred 1.404 | 35633 tok/s
step  1360 | lm 5.487 | pred 1.371 | 35670 tok/s
step  1380 | lm 5.619 | pred 1.377 | 35706 tok/s
step  1400 | lm 6.133 | pred 1.392 | 35744 tok/s
step  1420 | lm 5.687 | pred 1.385 | 35780 tok/s
step  1440 | lm 5.215 | pred 1.393 | 35814 tok/s
step  1460 | lm 5.843 | pred 1.363 | 35847 tok/s
step  1480 | lm 6.096 | pred 1.401 | 35879 tok/s
  eval step 1500: lm 5.761 pred 1.382 hit@k [h1: 0.829 | h2: 0.798 | h4: 0.735] | ent 2.261 persist 0.133 util_max 0.108
step  1500 | lm 5.457 | pred 1.369 | 34902 tok/s
step  1520 | lm 5.512 | pred 1.386 | 34934 tok/s
step  1540 | lm 5.599 | pred 1.368 | 34971 tok/s
step  1560 | lm 5.812 | pred 1.380 | 35012 tok/s
step  1580 | lm 5.786 | pred 1.389 | 35051 tok/s
step  1600 | lm 5.182 | pred 1.366 | 35088 tok/s
step  1620 | lm 5.797 | pred 1.383 | 35125 tok/s
step  1640 | lm 5.767 | pred 1.385 | 35161 tok/s
step  1660 | lm 5.304 | pred 1.376 | 35197 tok/s
step  1680 | lm 5.840 | pred 1.371 | 35230 tok/s
step  1700 | lm 5.706 | pred 1.381 | 35264 tok/s
step  1720 | lm 5.444 | pred 1.371 | 35296 tok/s
step  1740 | lm 5.965 | pred 1.393 | 35328 tok/s
step  1760 | lm 6.249 | pred 1.396 | 35357 tok/s
step  1780 | lm 5.160 | pred 1.373 | 35386 tok/s
step  1800 | lm 5.684 | pred 1.393 | 35419 tok/s
step  1820 | lm 5.274 | pred 1.380 | 35453 tok/s
step  1840 | lm 6.051 | pred 1.377 | 35488 tok/s
step  1860 | lm 5.364 | pred 1.383 | 35522 tok/s
step  1880 | lm 5.678 | pred 1.393 | 35554 tok/s
step  1900 | lm 5.670 | pred 1.389 | 35581 tok/s
step  1920 | lm 5.360 | pred 1.371 | 35607 tok/s
step  1940 | lm 5.904 | pred 1.399 | 35631 tok/s
step  1960 | lm 5.735 | pred 1.384 | 35655 tok/s
step  1980 | lm 5.431 | pred 1.373 | 35679 tok/s
  eval step 2000: lm 5.761 pred 1.381 hit@k [h1: 0.829 | h2: 0.798 | h4: 0.735] | ent 2.261 persist 0.133 util_max 0.108
saved ckpt_A_posthoc.pt
Fatal Python error: PyGILState_Release: auto-releasing thread-state, but no thread-state for this thread
Python runtime state: finalizing (tstate=0x0000000000a7f5b0)

./run_tierA2.sh: line 14: 942440 Aborted                 $PY -u train.py --tier A --horizons 1,2,4 --mode posthoc --ckpt ckpt_A_base.pt --steps 2000 --batch 8 --eval-every 500 --device cuda --save ckpt_A_posthoc.pt
params: 341M total / 99M active | mode=posthoc lambda_pred=1.0
Warning: You are sending unauthenticated requests to the HF Hub. Please set a HF_TOKEN to enable higher rate limits and faster downloads.
step     0 | lm 5.889 | pred 2.862 | 6889 tok/s
step    20 | lm 5.849 | pred 2.800 | 31035 tok/s
step    40 | lm 5.733 | pred 2.648 | 34150 tok/s
step    60 | lm 5.820 | pred 2.434 | 35324 tok/s
step    80 | lm 5.617 | pred 2.189 | 35921 tok/s
step   100 | lm 5.594 | pred 1.964 | 36306 tok/s
step   120 | lm 5.765 | pred 1.822 | 36606 tok/s
step   140 | lm 5.588 | pred 1.686 | 36793 tok/s
step   160 | lm 5.998 | pred 1.597 | 36929 tok/s
step   180 | lm 5.624 | pred 1.537 | 37027 tok/s
step   200 | lm 5.695 | pred 1.453 | 37133 tok/s
step   220 | lm 6.390 | pred 1.423 | 37205 tok/s
step   240 | lm 5.910 | pred 1.379 | 37278 tok/s
step   260 | lm 5.927 | pred 1.349 | 37341 tok/s
step   280 | lm 5.555 | pred 1.331 | 37386 tok/s
step   300 | lm 5.547 | pred 1.283 | 37426 tok/s
step   320 | lm 5.467 | pred 1.279 | 37466 tok/s
step   340 | lm 5.457 | pred 1.274 | 37506 tok/s
step   360 | lm 6.005 | pred 1.280 | 37528 tok/s
step   380 | lm 5.691 | pred 1.263 | 37555 tok/s
step   400 | lm 5.698 | pred 1.248 | 37584 tok/s
step   420 | lm 6.205 | pred 1.271 | 37611 tok/s
step   440 | lm 5.458 | pred 1.239 | 37632 tok/s
step   460 | lm 5.980 | pred 1.233 | 37657 tok/s
step   480 | lm 5.711 | pred 1.209 | 37671 tok/s
  eval step 500: lm 5.793 pred 1.222 hit@k [h1: 0.875 | h2: 0.853 | h4: 0.784] | ent 2.065 persist 0.125 util_max 0.108
step   500 | lm 5.722 | pred 1.218 | 34539 tok/s
step   520 | lm 5.722 | pred 1.229 | 34665 tok/s
step   540 | lm 5.785 | pred 1.227 | 34786 tok/s
step   560 | lm 5.976 | pred 1.229 | 34897 tok/s
step   580 | lm 5.851 | pred 1.208 | 35001 tok/s
step   600 | lm 6.305 | pred 1.223 | 35097 tok/s
step   620 | lm 5.873 | pred 1.263 | 35192 tok/s
step   640 | lm 5.754 | pred 1.219 | 35278 tok/s
step   660 | lm 5.686 | pred 1.202 | 35354 tok/s
step   680 | lm 5.640 | pred 1.190 | 35430 tok/s
step   700 | lm 5.779 | pred 1.205 | 35506 tok/s
step   720 | lm 6.500 | pred 1.214 | 35582 tok/s
step   740 | lm 6.112 | pred 1.201 | 35653 tok/s
step   760 | lm 5.964 | pred 1.199 | 35720 tok/s
step   780 | lm 5.974 | pred 1.216 | 35784 tok/s
step   800 | lm 5.857 | pred 1.182 | 35847 tok/s
step   820 | lm 5.879 | pred 1.200 | 35906 tok/s
step   840 | lm 5.719 | pred 1.186 | 35959 tok/s
step   860 | lm 6.888 | pred 1.259 | 36000 tok/s
step   880 | lm 5.325 | pred 1.149 | 36050 tok/s
step   900 | lm 5.888 | pred 1.190 | 36097 tok/s
step   920 | lm 5.687 | pred 1.177 | 36140 tok/s
step   940 | lm 5.917 | pred 1.199 | 36174 tok/s
step   960 | lm 4.989 | pred 1.176 | 36217 tok/s
step   980 | lm 5.624 | pred 1.188 | 36258 tok/s
  eval step 1000: lm 5.793 pred 1.183 hit@k [h1: 0.888 | h2: 0.864 | h4: 0.794] | ent 2.065 persist 0.125 util_max 0.108
step  1000 | lm 5.847 | pred 1.197 | 34777 tok/s
step  1020 | lm 6.048 | pred 1.191 | 34840 tok/s
step  1040 | lm 5.655 | pred 1.184 | 34899 tok/s
step  1060 | lm 5.593 | pred 1.179 | 34954 tok/s
step  1080 | lm 5.925 | pred 1.183 | 35007 tok/s
step  1100 | lm 6.021 | pred 1.182 | 35060 tok/s
step  1120 | lm 5.724 | pred 1.186 | 35110 tok/s
step  1140 | lm 5.753 | pred 1.184 | 35162 tok/s
step  1160 | lm 5.921 | pred 1.186 | 35210 tok/s
step  1180 | lm 5.709 | pred 1.168 | 35258 tok/s
step  1200 | lm 5.645 | pred 1.220 | 35303 tok/s
step  1220 | lm 5.512 | pred 1.158 | 35347 tok/s
step  1240 | lm 5.742 | pred 1.186 | 35391 tok/s
step  1260 | lm 5.725 | pred 1.185 | 35435 tok/s
step  1280 | lm 5.526 | pred 1.173 | 35472 tok/s
step  1300 | lm 5.701 | pred 1.199 | 35507 tok/s
step  1320 | lm 5.854 | pred 1.185 | 35544 tok/s
step  1340 | lm 6.264 | pred 1.203 | 35582 tok/s
step  1360 | lm 5.555 | pred 1.164 | 35617 tok/s
step  1380 | lm 5.709 | pred 1.186 | 35650 tok/s
step  1400 | lm 6.174 | pred 1.186 | 35683 tok/s
step  1420 | lm 5.741 | pred 1.177 | 35717 tok/s
step  1440 | lm 5.282 | pred 1.181 | 35750 tok/s
step  1460 | lm 5.879 | pred 1.158 | 35779 tok/s
step  1480 | lm 6.136 | pred 1.176 | 35810 tok/s
  eval step 1500: lm 5.793 pred 1.177 hit@k [h1: 0.890 | h2: 0.866 | h4: 0.796] | ent 2.065 persist 0.125 util_max 0.108
step  1500 | lm 5.492 | pred 1.157 | 34843 tok/s
step  1520 | lm 5.579 | pred 1.187 | 34885 tok/s
step  1540 | lm 5.654 | pred 1.160 | 34926 tok/s
step  1560 | lm 5.869 | pred 1.180 | 34965 tok/s
step  1580 | lm 5.850 | pred 1.182 | 35003 tok/s
step  1600 | lm 5.204 | pred 1.150 | 35039 tok/s
step  1620 | lm 5.847 | pred 1.181 | 35069 tok/s
step  1640 | lm 5.811 | pred 1.179 | 35104 tok/s
step  1660 | lm 5.355 | pred 1.172 | 35138 tok/s
step  1680 | lm 5.928 | pred 1.170 | 35172 tok/s
step  1700 | lm 5.758 | pred 1.175 | 35203 tok/s
step  1720 | lm 5.497 | pred 1.170 | 35234 tok/s
step  1740 | lm 6.042 | pred 1.198 | 35263 tok/s
step  1760 | lm 6.314 | pred 1.197 | 35293 tok/s
step  1780 | lm 5.207 | pred 1.163 | 35323 tok/s
step  1800 | lm 5.758 | pred 1.185 | 35353 tok/s
step  1820 | lm 5.328 | pred 1.168 | 35385 tok/s
step  1840 | lm 6.102 | pred 1.187 | 35415 tok/s
step  1860 | lm 5.408 | pred 1.166 | 35444 tok/s
step  1880 | lm 5.732 | pred 1.181 | 35471 tok/s
step  1900 | lm 5.733 | pred 1.190 | 35495 tok/s
step  1920 | lm 5.408 | pred 1.167 | 35520 tok/s
step  1940 | lm 5.922 | pred 1.200 | 35548 tok/s
step  1960 | lm 5.788 | pred 1.176 | 35575 tok/s
step  1980 | lm 5.483 | pred 1.166 | 35598 tok/s
  eval step 2000: lm 5.793 pred 1.176 hit@k [h1: 0.890 | h2: 0.866 | h4: 0.796] | ent 2.065 persist 0.125 util_max 0.108
saved ckpt_A_posthoc_on_joint.pt
Fatal Python error: PyGILState_Release: thread state 0x7f57c80036c0 must be current when releasing
Python runtime state: finalizing (tstate=0x0000000000a7f5b0)

Thread 0x00007f5b770c7780 (most recent call first):
  <no Python frame>

Extension modules: numpy._core._multiarray_umath, numpy.linalg._umath_linalg, torch._C, torch._C._dynamo.autograd_compiler, torch._C._dynamo.eval_frame, torch._C._dynamo.guards, torch._C._dynamo.utils, torch._C._fft, torch._C._linalg, torch._C._nested, torch._C._nn, torch._C._sparse, torch._C._special, numpy.random._common, numpy.random.bit_generator, numpy.random._bounded_integers, numpy.random._pcg64, numpy.random._generator, numpy.random._mt19937, numpy.random._philox, numpy.random._sfc64, numpy.random.mtrand, pyarrow.lib, _cyutility, pandas._libs._cyutility, pandas._libs.tslibs.ccalendar, pandas._libs.tslibs.np_datetime, pandas._libs.tslibs.dtypes, pandas._libs.tslibs.base, pandas._libs.tslibs.nattype, pandas._libs.tslibs.timezones, pandas._libs.properties, pandas._libs.tslibs.fields, pandas._libs.tslibs.timedeltas, pandas._libs.tslibs.tzconversion, pandas._libs.tslibs.timestamps, pandas._libs.tslibs.offsets, pandas._libs.tslibs.strptime, pandas._libs.tslibs.parsing, pandas._libs.tslibs.conversion, pandas._libs.tslibs.period, pandas._libs.tslibs.vectorized, pandas._libs.ops_dispatch, pandas._libs.missing, pandas._libs.hashtable, pandas._libs.algos, pandas._libs.interval, pandas._libs.lib, pyarrow._compute, pandas._libs.ops, pandas._libs.hashing, pandas._libs.arrays, pandas._libs.tslib, pandas._libs.sparse, pandas._libs.internals, pandas._libs.indexing, pandas._libs.index, pandas._libs.writers, pandas._libs.join, pandas._libs.window.aggregations, pandas._libs.window.indexers, pandas._libs.reshape, pandas._libs.groupby, pandas._libs.json, pandas._libs.parsers, pandas._libs.testing, pyarrow._acero, pyarrow._fs, pyarrow._csv, pyarrow._json, pyarrow._substrait, pyarrow._dataset, pyarrow._dataset_orc, pyarrow._parquet, pyarrow._azurefs, pyarrow._hdfs, pyarrow._gcsfs, pyarrow._s3fs, pyarrow._parquet_encryption, pyarrow._dataset_parquet_encryption, pyarrow._dataset_parquet, yaml._yaml, charset_normalizer.md, charset_normalizer.cd, requests.packages.charset_normalizer.md, requests.packages.chardet.md, requests.packages.charset_normalizer.cd, requests.packages.chardet.cd, multidict._multidict, yarl._quoting_c, propcache._helpers_c, aiohttp._http_writer, aiohttp._http_parser, aiohttp._websocket.mask, aiohttp._websocket.reader_c, frozenlist._frozenlist, xxhash._xxhash, regex._regex (total: 98)
./run_tierA2.sh: line 17: 974041 Aborted                 $PY -u train.py --tier A --horizons 1,2,4 --mode posthoc --ckpt ckpt_A_lam0.3.pt --steps 2000 --batch 8 --eval-every 500 --device cuda --save ckpt_A_posthoc_on_joint.pt
