params: 94M total / 56M active | mode=posthoc lambda_pred=1.0
Warning: You are sending unauthenticated requests to the HF Hub. Please set a HF_TOKEN to enable higher rate limits and faster downloads.
step     0 | lm 6.041 | pred 2.134 | 647 tok/s
step    20 | lm 5.942 | pred 2.104 | 11697 tok/s
step    40 | lm 5.874 | pred 2.026 | 20163 tok/s
step    60 | lm 5.863 | pred 1.925 | 26838 tok/s
step    80 | lm 5.795 | pred 1.777 | 32255 tok/s
step   100 | lm 6.206 | pred 1.663 | 36775 tok/s
step   120 | lm 5.914 | pred 1.583 | 40603 tok/s
step   140 | lm 6.017 | pred 1.506 | 43824 tok/s
step   160 | lm 6.273 | pred 1.465 | 46654 tok/s
step   180 | lm 6.158 | pred 1.402 | 49064 tok/s
step   200 | lm 5.587 | pred 1.374 | 51266 tok/s
step   220 | lm 6.213 | pred 1.351 | 53215 tok/s
step   240 | lm 6.334 | pred 1.328 | 54894 tok/s
  eval step 250: lm 6.076 pred 1.303 hit@k [h1: 0.803]
step   260 | lm 6.087 | pred 1.293 | 54167 tok/s
step   280 | lm 6.114 | pred 1.289 | 55649 tok/s
step   300 | lm 5.951 | pred 1.260 | 56947 tok/s
step   320 | lm 6.381 | pred 1.273 | 58170 tok/s
step   340 | lm 6.178 | pred 1.269 | 59249 tok/s
step   360 | lm 6.244 | pred 1.244 | 60258 tok/s
step   380 | lm 5.882 | pred 1.247 | 61187 tok/s
step   400 | lm 6.241 | pred 1.227 | 62035 tok/s
step   420 | lm 5.902 | pred 1.232 | 62846 tok/s
step   440 | lm 6.399 | pred 1.228 | 63586 tok/s
step   460 | lm 6.122 | pred 1.221 | 64293 tok/s
step   480 | lm 6.179 | pred 1.234 | 64953 tok/s
  eval step 500: lm 5.933 pred 1.211 hit@k [h1: 0.842]
step   500 | lm 6.121 | pred 1.228 | 63958 tok/s
step   520 | lm 6.158 | pred 1.215 | 64584 tok/s
step   540 | lm 5.874 | pred 1.218 | 65187 tok/s
step   560 | lm 6.706 | pred 1.237 | 65740 tok/s
step   580 | lm 6.218 | pred 1.215 | 66265 tok/s
step   600 | lm 6.236 | pred 1.205 | 66793 tok/s
step   620 | lm 5.948 | pred 1.198 | 67273 tok/s
step   640 | lm 6.426 | pred 1.215 | 67743 tok/s
step   660 | lm 6.131 | pred 1.217 | 68177 tok/s
step   680 | lm 5.751 | pred 1.215 | 68606 tok/s
step   700 | lm 5.978 | pred 1.201 | 69022 tok/s
step   720 | lm 6.016 | pred 1.223 | 69415 tok/s
step   740 | lm 6.176 | pred 1.198 | 69784 tok/s
  eval step 750: lm 5.850 pred 1.205 hit@k [h1: 0.847]
step   760 | lm 6.343 | pred 1.205 | 68932 tok/s
step   780 | lm 5.904 | pred 1.213 | 69289 tok/s
step   800 | lm 6.123 | pred 1.202 | 69629 tok/s
step   820 | lm 6.414 | pred 1.211 | 69954 tok/s
step   840 | lm 5.735 | pred 1.202 | 70270 tok/s
step   860 | lm 6.724 | pred 1.209 | 70571 tok/s
step   880 | lm 5.719 | pred 1.204 | 70880 tok/s
step   900 | lm 5.832 | pred 1.194 | 71171 tok/s
step   920 | lm 5.904 | pred 1.203 | 71445 tok/s
step   940 | lm 6.229 | pred 1.206 | 71713 tok/s
step   960 | lm 6.071 | pred 1.195 | 71982 tok/s
step   980 | lm 6.205 | pred 1.232 | 72231 tok/s
  eval step 1000: lm 6.221 pred 1.195 hit@k [h1: 0.850]
step  1000 | lm 6.225 | pred 1.206 | 71511 tok/s
step  1020 | lm 6.068 | pred 1.188 | 71751 tok/s
step  1040 | lm 5.479 | pred 1.198 | 71990 tok/s
step  1060 | lm 6.076 | pred 1.195 | 72212 tok/s
step  1080 | lm 5.872 | pred 1.190 | 72425 tok/s
step  1100 | lm 5.950 | pred 1.195 | 72629 tok/s
step  1120 | lm 6.082 | pred 1.192 | 72841 tok/s
step  1140 | lm 6.012 | pred 1.194 | 73023 tok/s
step  1160 | lm 6.066 | pred 1.206 | 73210 tok/s
step  1180 | lm 5.817 | pred 1.203 | 73396 tok/s
step  1200 | lm 5.990 | pred 1.195 | 73574 tok/s
step  1220 | lm 6.137 | pred 1.203 | 73747 tok/s
step  1240 | lm 5.292 | pred 1.199 | 73925 tok/s
  eval step 1250: lm 5.956 pred 1.200 hit@k [h1: 0.848]
step  1260 | lm 5.956 | pred 1.183 | 73276 tok/s
step  1280 | lm 6.003 | pred 1.202 | 73449 tok/s
step  1300 | lm 5.862 | pred 1.201 | 73613 tok/s
step  1320 | lm 6.104 | pred 1.189 | 73781 tok/s
step  1340 | lm 5.944 | pred 1.201 | 73937 tok/s
step  1360 | lm 5.794 | pred 1.191 | 74102 tok/s
step  1380 | lm 5.655 | pred 1.204 | 74255 tok/s
step  1400 | lm 5.787 | pred 1.207 | 74406 tok/s
step  1420 | lm 6.665 | pred 1.203 | 74555 tok/s
step  1440 | lm 6.006 | pred 1.206 | 74695 tok/s
step  1460 | lm 6.324 | pred 1.198 | 74833 tok/s
step  1480 | lm 6.004 | pred 1.202 | 74969 tok/s
  eval step 1500: lm 5.864 pred 1.202 hit@k [h1: 0.848]
step  1500 | lm 6.375 | pred 1.217 | 74396 tok/s
step  1520 | lm 6.027 | pred 1.196 | 74534 tok/s
step  1540 | lm 6.676 | pred 1.221 | 74662 tok/s
step  1560 | lm 5.739 | pred 1.196 | 74778 tok/s
step  1580 | lm 6.107 | pred 1.215 | 74903 tok/s
step  1600 | lm 5.860 | pred 1.190 | 75030 tok/s
step  1620 | lm 5.914 | pred 1.188 | 75140 tok/s
step  1640 | lm 5.750 | pred 1.206 | 75251 tok/s
step  1660 | lm 6.062 | pred 1.196 | 75366 tok/s
step  1680 | lm 6.247 | pred 1.197 | 75477 tok/s
step  1700 | lm 5.816 | pred 1.176 | 75588 tok/s
step  1720 | lm 5.965 | pred 1.196 | 75702 tok/s
step  1740 | lm 5.975 | pred 1.188 | 75810 tok/s
  eval step 1750: lm 6.283 pred 1.202 hit@k [h1: 0.848]
step  1760 | lm 6.042 | pred 1.204 | 75300 tok/s
step  1780 | lm 6.079 | pred 1.202 | 75393 tok/s
step  1800 | lm 5.511 | pred 1.194 | 75498 tok/s
step  1820 | lm 5.926 | pred 1.189 | 75591 tok/s
step  1840 | lm 6.281 | pred 1.209 | 75693 tok/s
step  1860 | lm 5.923 | pred 1.188 | 75792 tok/s
step  1880 | lm 5.872 | pred 1.209 | 75890 tok/s
step  1900 | lm 5.803 | pred 1.189 | 75986 tok/s
step  1920 | lm 5.614 | pred 1.207 | 76087 tok/s
step  1940 | lm 5.772 | pred 1.195 | 76187 tok/s
step  1960 | lm 5.846 | pred 1.195 | 76284 tok/s
step  1980 | lm 5.969 | pred 1.207 | 76374 tok/s
  eval step 2000: lm 6.001 pred 1.199 hit@k [h1: 0.849]
saved ckpt_tierB_posthoc.pt
