params: 341M total / 99M active | mode=joint lambda_pred=0.0
Warning: You are sending unauthenticated requests to the HF Hub. Please set a HF_TOKEN to enable higher rate limits and faster downloads.
step     0 | lm 11.011 | pred 2.869 | 549 tok/s
step    20 | lm 9.987 | pred 2.857 | 3643 tok/s
step    40 | lm 8.892 | pred 2.846 | 4241 tok/s
step    60 | lm 7.967 | pred 2.858 | 4499 tok/s
step    80 | lm 7.399 | pred 2.840 | 4640 tok/s
step   100 | lm 7.580 | pred 2.868 | 4729 tok/s
step   120 | lm 7.293 | pred 2.863 | 4791 tok/s
step   140 | lm 7.291 | pred 2.865 | 4834 tok/s
step   160 | lm 7.539 | pred 2.870 | 4869 tok/s
step   180 | lm 7.191 | pred 2.871 | 4897 tok/s
step   200 | lm 6.631 | pred 2.858 | 4919 tok/s
step   220 | lm 7.399 | pred 2.863 | 4936 tok/s
step   240 | lm 7.414 | pred 2.880 | 4949 tok/s
step   260 | lm 7.051 | pred 2.868 | 4962 tok/s
step   280 | lm 7.133 | pred 2.866 | 4974 tok/s
step   300 | lm 7.310 | pred 2.873 | 4984 tok/s
step   320 | lm 7.278 | pred 2.872 | 4992 tok/s
step   340 | lm 6.550 | pred 2.876 | 4998 tok/s
step   360 | lm 6.879 | pred 2.877 | 5005 tok/s
step   380 | lm 6.764 | pred 2.877 | 5008 tok/s
step   400 | lm 6.947 | pred 2.874 | 5015 tok/s
step   420 | lm 6.820 | pred 2.872 | 5020 tok/s
step   440 | lm 7.149 | pred 2.874 | 5025 tok/s
step   460 | lm 6.739 | pred 2.873 | 5029 tok/s
step   480 | lm 6.882 | pred 2.864 | 5032 tok/s
  eval step 500: lm 6.625 pred 2.871 hit@k [h1: 0.130 | h2: 0.126 | h4: 0.117]
step   500 | lm 6.263 | pred 2.867 | 5016 tok/s
step   520 | lm 6.506 | pred 2.869 | 5021 tok/s
step   540 | lm 6.603 | pred 2.869 | 5025 tok/s
step   560 | lm 6.798 | pred 2.868 | 5029 tok/s
step   580 | lm 6.765 | pred 2.868 | 5032 tok/s
step   600 | lm 6.768 | pred 2.872 | 5034 tok/s
step   620 | lm 6.548 | pred 2.868 | 5037 tok/s
step   640 | lm 6.604 | pred 2.875 | 5040 tok/s
step   660 | lm 6.827 | pred 2.874 | 5043 tok/s
step   680 | lm 6.268 | pred 2.867 | 5045 tok/s
step   700 | lm 6.629 | pred 2.870 | 5048 tok/s
step   720 | lm 6.436 | pred 2.866 | 5050 tok/s
step   740 | lm 7.134 | pred 2.866 | 5051 tok/s
step   760 | lm 6.535 | pred 2.866 | 5052 tok/s
step   780 | lm 6.400 | pred 2.866 | 5054 tok/s
step   800 | lm 6.553 | pred 2.873 | 5056 tok/s
step   820 | lm 6.671 | pred 2.866 | 5058 tok/s
step   840 | lm 6.838 | pred 2.864 | 5060 tok/s
step   860 | lm 6.771 | pred 2.863 | 5062 tok/s
step   880 | lm 6.454 | pred 2.871 | 5063 tok/s
step   900 | lm 6.485 | pred 2.867 | 5065 tok/s
step   920 | lm 6.936 | pred 2.861 | 5066 tok/s
step   940 | lm 6.705 | pred 2.865 | 5068 tok/s
step   960 | lm 6.612 | pred 2.869 | 5069 tok/s
step   980 | lm 6.488 | pred 2.864 | 5069 tok/s
  eval step 1000: lm 6.486 pred 2.868 hit@k [h1: 0.116 | h2: 0.130 | h4: 0.122]
step  1000 | lm 6.587 | pred 2.863 | 5060 tok/s
step  1020 | lm 6.371 | pred 2.869 | 5061 tok/s
step  1040 | lm 6.560 | pred 2.869 | 5062 tok/s
step  1060 | lm 6.274 | pred 2.865 | 5064 tok/s
step  1080 | lm 6.549 | pred 2.862 | 5065 tok/s
step  1100 | lm 6.526 | pred 2.867 | 5066 tok/s
step  1120 | lm 6.778 | pred 2.869 | 5066 tok/s
step  1140 | lm 6.670 | pred 2.859 | 5067 tok/s
step  1160 | lm 6.459 | pred 2.863 | 5069 tok/s
step  1180 | lm 6.460 | pred 2.860 | 5070 tok/s
step  1200 | lm 6.847 | pred 2.870 | 5071 tok/s
step  1220 | lm 6.442 | pred 2.853 | 5072 tok/s
step  1240 | lm 6.755 | pred 2.859 | 5073 tok/s
step  1260 | lm 6.429 | pred 2.868 | 5074 tok/s
step  1280 | lm 6.489 | pred 2.860 | 5075 tok/s
step  1300 | lm 6.237 | pred 2.864 | 5075 tok/s
step  1320 | lm 6.562 | pred 2.875 | 5076 tok/s
step  1340 | lm 6.187 | pred 2.862 | 5077 tok/s
step  1360 | lm 6.641 | pred 2.863 | 5078 tok/s
step  1380 | lm 6.797 | pred 2.861 | 5078 tok/s
step  1400 | lm 6.595 | pred 2.862 | 5079 tok/s
step  1420 | lm 6.511 | pred 2.863 | 5080 tok/s
step  1440 | lm 6.693 | pred 2.862 | 5080 tok/s
step  1460 | lm 6.239 | pred 2.864 | 5081 tok/s
step  1480 | lm 6.994 | pred 2.868 | 5082 tok/s
  eval step 1500: lm 6.473 pred 2.861 hit@k [h1: 0.115 | h2: 0.127 | h4: 0.130]
step  1500 | lm 6.656 | pred 2.859 | 5075 tok/s
step  1520 | lm 6.567 | pred 2.864 | 5076 tok/s
step  1540 | lm 6.027 | pred 2.860 | 5077 tok/s
step  1560 | lm 6.561 | pred 2.857 | 5078 tok/s
step  1580 | lm 6.380 | pred 2.856 | 5078 tok/s
step  1600 | lm 6.262 | pred 2.856 | 5079 tok/s
step  1620 | lm 6.348 | pred 2.856 | 5080 tok/s
step  1640 | lm 6.622 | pred 2.855 | 5080 tok/s
step  1660 | lm 6.305 | pred 2.860 | 5081 tok/s
step  1680 | lm 6.078 | pred 2.857 | 5082 tok/s
step  1700 | lm 5.906 | pred 2.868 | 5082 tok/s
step  1720 | lm 6.288 | pred 2.858 | 5083 tok/s
step  1740 | lm 6.594 | pred 2.859 | 5083 tok/s
step  1760 | lm 6.579 | pred 2.855 | 5083 tok/s
step  1780 | lm 6.446 | pred 2.863 | 5084 tok/s
step  1800 | lm 6.480 | pred 2.855 | 5084 tok/s
step  1820 | lm 5.962 | pred 2.852 | 5085 tok/s
step  1840 | lm 6.233 | pred 2.848 | 5085 tok/s
step  1860 | lm 6.638 | pred 2.852 | 5086 tok/s
step  1880 | lm 6.224 | pred 2.849 | 5086 tok/s
step  1900 | lm 6.339 | pred 2.857 | 5086 tok/s
step  1920 | lm 6.062 | pred 2.850 | 5087 tok/s
step  1940 | lm 5.948 | pred 2.859 | 5087 tok/s
step  1960 | lm 6.102 | pred 2.854 | 5088 tok/s
step  1980 | lm 6.159 | pred 2.855 | 5088 tok/s
  eval step 2000: lm 6.203 pred 2.854 hit@k [h1: 0.116 | h2: 0.131 | h4: 0.137]
step  2000 | lm 6.074 | pred 2.852 | 5084 tok/s
step  2020 | lm 6.447 | pred 2.854 | 5084 tok/s
step  2040 | lm 6.126 | pred 2.850 | 5085 tok/s
step  2060 | lm 5.633 | pred 2.851 | 5085 tok/s
step  2080 | lm 6.099 | pred 2.859 | 5086 tok/s
step  2100 | lm 6.188 | pred 2.858 | 5086 tok/s
step  2120 | lm 6.511 | pred 2.856 | 5086 tok/s
step  2140 | lm 6.751 | pred 2.851 | 5087 tok/s
step  2160 | lm 6.242 | pred 2.859 | 5087 tok/s
step  2180 | lm 6.445 | pred 2.852 | 5088 tok/s
step  2200 | lm 6.314 | pred 2.855 | 5088 tok/s
step  2220 | lm 5.806 | pred 2.850 | 5089 tok/s
step  2240 | lm 6.112 | pred 2.850 | 5089 tok/s
step  2260 | lm 6.340 | pred 2.853 | 5089 tok/s
step  2280 | lm 6.076 | pred 2.853 | 5089 tok/s
step  2300 | lm 6.221 | pred 2.851 | 5090 tok/s
step  2320 | lm 6.019 | pred 2.850 | 5090 tok/s
step  2340 | lm 5.869 | pred 2.850 | 5091 tok/s
step  2360 | lm 6.216 | pred 2.851 | 5091 tok/s
step  2380 | lm 6.318 | pred 2.860 | 5092 tok/s
step  2400 | lm 6.065 | pred 2.850 | 5092 tok/s
step  2420 | lm 5.784 | pred 2.851 | 5092 tok/s
step  2440 | lm 6.234 | pred 2.856 | 5093 tok/s
step  2460 | lm 5.949 | pred 2.848 | 5093 tok/s
step  2480 | lm 6.183 | pred 2.854 | 5093 tok/s
  eval step 2500: lm 6.221 pred 2.851 hit@k [h1: 0.119 | h2: 0.126 | h4: 0.134]
step  2500 | lm 6.419 | pred 2.860 | 5089 tok/s
step  2520 | lm 5.941 | pred 2.851 | 5090 tok/s
step  2540 | lm 6.212 | pred 2.848 | 5090 tok/s
step  2560 | lm 6.292 | pred 2.853 | 5090 tok/s
step  2580 | lm 5.949 | pred 2.857 | 5091 tok/s
step  2600 | lm 5.889 | pred 2.848 | 5091 tok/s
step  2620 | lm 5.723 | pred 2.846 | 5091 tok/s
step  2640 | lm 6.472 | pred 2.848 | 5092 tok/s
step  2660 | lm 6.019 | pred 2.846 | 5092 tok/s
step  2680 | lm 6.195 | pred 2.850 | 5092 tok/s
step  2700 | lm 6.252 | pred 2.851 | 5093 tok/s
step  2720 | lm 6.290 | pred 2.850 | 5093 tok/s
step  2740 | lm 5.744 | pred 2.846 | 5093 tok/s
step  2760 | lm 6.321 | pred 2.851 | 5093 tok/s
step  2780 | lm 5.832 | pred 2.844 | 5094 tok/s
step  2800 | lm 6.366 | pred 2.860 | 5094 tok/s
step  2820 | lm 6.010 | pred 2.851 | 5094 tok/s
step  2840 | lm 6.017 | pred 2.848 | 5095 tok/s
step  2860 | lm 6.375 | pred 2.855 | 5095 tok/s
step  2880 | lm 6.176 | pred 2.857 | 5095 tok/s
step  2900 | lm 5.700 | pred 2.846 | 5095 tok/s
step  2920 | lm 5.952 | pred 2.847 | 5095 tok/s
step  2940 | lm 5.738 | pred 2.848 | 5096 tok/s
step  2960 | lm 5.934 | pred 2.848 | 5096 tok/s
step  2980 | lm 5.723 | pred 2.848 | 5096 tok/s
  eval step 3000: lm 5.972 pred 2.848 hit@k [h1: 0.119 | h2: 0.127 | h4: 0.130]
step  3000 | lm 5.947 | pred 2.850 | 5093 tok/s
step  3020 | lm 6.203 | pred 2.858 | 5093 tok/s
step  3040 | lm 5.924 | pred 2.855 | 5093 tok/s
step  3060 | lm 5.673 | pred 2.844 | 5093 tok/s
step  3080 | lm 6.036 | pred 2.846 | 5093 tok/s
step  3100 | lm 5.537 | pred 2.847 | 5094 tok/s
step  3120 | lm 5.848 | pred 2.847 | 5094 tok/s
step  3140 | lm 6.269 | pred 2.852 | 5094 tok/s
step  3160 | lm 6.677 | pred 2.859 | 5094 tok/s
step  3180 | lm 5.840 | pred 2.850 | 5095 tok/s
step  3200 | lm 5.705 | pred 2.846 | 5095 tok/s
step  3220 | lm 5.917 | pred 2.848 | 5095 tok/s
step  3240 | lm 5.981 | pred 2.849 | 5095 tok/s
step  3260 | lm 5.555 | pred 2.848 | 5095 tok/s
step  3280 | lm 5.923 | pred 2.847 | 5095 tok/s
step  3300 | lm 5.797 | pred 2.848 | 5096 tok/s
step  3320 | lm 5.895 | pred 2.846 | 5096 tok/s
step  3340 | lm 6.304 | pred 2.845 | 5096 tok/s
step  3360 | lm 5.811 | pred 2.849 | 5096 tok/s
step  3380 | lm 6.091 | pred 2.845 | 5096 tok/s
step  3400 | lm 5.791 | pred 2.847 | 5096 tok/s
step  3420 | lm 5.896 | pred 2.841 | 5096 tok/s
step  3440 | lm 6.172 | pred 2.844 | 5096 tok/s
step  3460 | lm 6.104 | pred 2.846 | 5096 tok/s
step  3480 | lm 5.859 | pred 2.848 | 5097 tok/s
  eval step 3500: lm 5.693 pred 2.848 hit@k [h1: 0.118 | h2: 0.127 | h4: 0.132]
step  3500 | lm 5.830 | pred 2.844 | 5094 tok/s
step  3520 | lm 5.693 | pred 2.846 | 5094 tok/s
step  3540 | lm 5.300 | pred 2.845 | 5095 tok/s
step  3560 | lm 5.926 | pred 2.843 | 5095 tok/s
step  3580 | lm 5.811 | pred 2.845 | 5095 tok/s
step  3600 | lm 5.889 | pred 2.843 | 5095 tok/s
step  3620 | lm 6.050 | pred 2.847 | 5095 tok/s
step  3640 | lm 6.389 | pred 2.849 | 5096 tok/s
step  3660 | lm 6.055 | pred 2.845 | 5096 tok/s
step  3680 | lm 5.606 | pred 2.847 | 5096 tok/s
step  3700 | lm 5.907 | pred 2.845 | 5096 tok/s
step  3720 | lm 5.768 | pred 2.850 | 5097 tok/s
step  3740 | lm 5.839 | pred 2.850 | 5097 tok/s
step  3760 | lm 5.590 | pred 2.846 | 5097 tok/s
step  3780 | lm 5.869 | pred 2.851 | 5095 tok/s
step  3800 | lm 5.722 | pred 2.847 | 5089 tok/s
step  3820 | lm 5.962 | pred 2.839 | 5083 tok/s
step  3840 | lm 6.062 | pred 2.844 | 5078 tok/s
step  3860 | lm 5.742 | pred 2.840 | 5073 tok/s
step  3880 | lm 5.884 | pred 2.841 | 5069 tok/s
step  3900 | lm 5.675 | pred 2.847 | 5069 tok/s
step  3920 | lm 5.853 | pred 2.845 | 5070 tok/s
step  3940 | lm 5.458 | pred 2.841 | 5070 tok/s
step  3960 | lm 5.899 | pred 2.841 | 5070 tok/s
step  3980 | lm 6.349 | pred 2.848 | 5071 tok/s
  eval step 4000: lm 5.824 pred 2.846 hit@k [h1: 0.118 | h2: 0.128 | h4: 0.130]
step  4000 | lm 5.799 | pred 2.846 | 5069 tok/s
step  4020 | lm 5.799 | pred 2.846 | 5069 tok/s
step  4040 | lm 5.678 | pred 2.846 | 5069 tok/s
step  4060 | lm 6.999 | pred 2.852 | 5070 tok/s
step  4080 | lm 5.532 | pred 2.842 | 5070 tok/s
step  4100 | lm 5.524 | pred 2.846 | 5070 tok/s
step  4120 | lm 5.424 | pred 2.840 | 5070 tok/s
