Warning: You are sending unauthenticated requests to the HF Hub. Please set a HF_TOKEN to enable higher rate limits and faster downloads.
Fetching 3 files:   0%|          | 0/3 [00:00<?, ?it/s]Fetching 3 files: 100%|██████████| 3/3 [00:00<00:00, 26546.23it/s]
Loading weights:   0%|          | 0/179 [00:00<?, ?it/s]Loading weights:   3%|▎         | 5/179 [00:00<00:04, 38.77it/s]Loading weights:  15%|█▍        | 26/179 [00:00<00:04, 37.98it/s]Loading weights:  17%|█▋        | 30/179 [00:00<00:04, 35.83it/s]Loading weights:  27%|██▋       | 49/179 [00:01<00:03, 35.95it/s]Loading weights:  33%|███▎      | 59/179 [00:01<00:03, 37.78it/s]Loading weights:  40%|███▉      | 71/179 [00:01<00:02, 48.22it/s]Loading weights:  52%|█████▏    | 93/179 [00:01<00:01, 70.88it/s]Loading weights:  58%|█████▊    | 104/179 [00:02<00:01, 59.52it/s]Loading weights:  70%|███████   | 126/179 [00:02<00:00, 79.84it/s]Loading weights:  83%|████████▎ | 148/179 [00:02<00:00, 72.97it/s]Loading weights:  95%|█████████▍| 170/179 [00:02<00:00, 91.64it/s]Loading weights: 100%|██████████| 179/179 [00:02<00:00, 65.58it/s]
mode=joint lambda_pred=0.0 horizons=(1, 2, 4) | trainable 11.7M / 7.05B
step     0 | lm 9.457 | pred 4.268 | 224 tok/s
step    20 | lm 10.241 | pred 4.279 | 982 tok/s
step    40 | lm 9.251 | pred 4.278 | 1088 tok/s
step    60 | lm 7.170 | pred 4.273 | 1133 tok/s
step    80 | lm 5.815 | pred 4.277 | 1157 tok/s
step   100 | lm 5.517 | pred 4.272 | 1171 tok/s
step   120 | lm 5.280 | pred 4.284 | 1181 tok/s
step   140 | lm 5.148 | pred 4.279 | 1189 tok/s
step   160 | lm 5.216 | pred 4.277 | 1194 tok/s
step   180 | lm 4.905 | pred 4.271 | 1199 tok/s
step   200 | lm 5.117 | pred 4.273 | 1203 tok/s
step   220 | lm 5.247 | pred 4.275 | 1206 tok/s
step   240 | lm 5.319 | pred 4.270 | 1209 tok/s
step   260 | lm 4.624 | pred 4.282 | 1212 tok/s
step   280 | lm 5.221 | pred 4.271 | 1213 tok/s
step   300 | lm 5.647 | pred 4.263 | 1215 tok/s
step   320 | lm 5.151 | pred 4.279 | 1217 tok/s
step   340 | lm 4.898 | pred 4.275 | 1218 tok/s
step   360 | lm 4.839 | pred 4.271 | 1219 tok/s
step   380 | lm 4.901 | pred 4.278 | 1220 tok/s
step   400 | lm 5.105 | pred 4.268 | 1221 tok/s
step   420 | lm 4.993 | pred 4.270 | 1222 tok/s
step   440 | lm 4.815 | pred 4.273 | 1223 tok/s
step   460 | lm 5.526 | pred 4.270 | 1224 tok/s
step   480 | lm 4.948 | pred 4.270 | 1224 tok/s
step   500 | lm 4.932 | pred 4.274 | 1225 tok/s
step   520 | lm 4.889 | pred 4.271 | 1225 tok/s
step   540 | lm 5.159 | pred 4.272 | 1226 tok/s
step   560 | lm 4.438 | pred 4.275 | 1226 tok/s
step   580 | lm 4.863 | pred 4.266 | 1226 tok/s
step   600 | lm 4.512 | pred 4.271 | 1227 tok/s
step   620 | lm 4.282 | pred 4.272 | 1227 tok/s
step   640 | lm 4.621 | pred 4.276 | 1227 tok/s
step   660 | lm 4.578 | pred 4.274 | 1228 tok/s
step   680 | lm 4.845 | pred 4.274 | 1228 tok/s
step   700 | lm 4.825 | pred 4.271 | 1228 tok/s
step   720 | lm 5.151 | pred 4.271 | 1229 tok/s
step   740 | lm 5.177 | pred 4.269 | 1229 tok/s
step   760 | lm 4.478 | pred 4.277 | 1229 tok/s
step   780 | lm 4.341 | pred 4.282 | 1230 tok/s
step   800 | lm 4.405 | pred 4.276 | 1230 tok/s
step   820 | lm 4.934 | pred 4.272 | 1230 tok/s
step   840 | lm 4.337 | pred 4.278 | 1230 tok/s
step   860 | lm 4.569 | pred 4.284 | 1230 tok/s
step   880 | lm 4.365 | pred 4.276 | 1231 tok/s
step   900 | lm 4.971 | pred 4.281 | 1231 tok/s
step   920 | lm 4.504 | pred 4.276 | 1231 tok/s
step   940 | lm 4.627 | pred 4.273 | 1231 tok/s
step   960 | lm 4.875 | pred 4.277 | 1232 tok/s
step   980 | lm 4.457 | pred 4.274 | 1232 tok/s
  eval step 1000: lm 4.508 pred 4.274 hit@k [h1: 0.124 | h2: 0.123 | h4: 0.123] | ent 3.852 persist 0.125 util_max 0.063
step  1000 | lm 4.274 | pred 4.273 | 1221 tok/s
step  1020 | lm 4.833 | pred 4.273 | 1221 tok/s
step  1040 | lm 4.342 | pred 4.275 | 1222 tok/s
step  1060 | lm 4.485 | pred 4.277 | 1222 tok/s
step  1080 | lm 4.737 | pred 4.274 | 1223 tok/s
step  1100 | lm 4.824 | pred 4.272 | 1223 tok/s
step  1120 | lm 4.748 | pred 4.270 | 1223 tok/s
step  1140 | lm 4.368 | pred 4.275 | 1223 tok/s
step  1160 | lm 4.341 | pred 4.278 | 1224 tok/s
step  1180 | lm 4.463 | pred 4.273 | 1224 tok/s
step  1200 | lm 4.390 | pred 4.285 | 1224 tok/s
step  1220 | lm 4.829 | pred 4.279 | 1224 tok/s
step  1240 | lm 4.389 | pred 4.274 | 1225 tok/s
step  1260 | lm 4.538 | pred 4.274 | 1225 tok/s
step  1280 | lm 4.529 | pred 4.274 | 1225 tok/s
step  1300 | lm 4.642 | pred 4.272 | 1225 tok/s
step  1320 | lm 4.910 | pred 4.274 | 1226 tok/s
step  1340 | lm 3.755 | pred 4.275 | 1226 tok/s
step  1360 | lm 4.723 | pred 4.272 | 1226 tok/s
step  1380 | lm 4.665 | pred 4.282 | 1226 tok/s
step  1400 | lm 5.468 | pred 4.278 | 1226 tok/s
step  1420 | lm 4.517 | pred 4.277 | 1226 tok/s
step  1440 | lm 4.674 | pred 4.272 | 1227 tok/s
step  1460 | lm 4.726 | pred 4.286 | 1227 tok/s
step  1480 | lm 4.465 | pred 4.278 | 1227 tok/s
step  1500 | lm 4.636 | pred 4.271 | 1227 tok/s
step  1520 | lm 4.620 | pred 4.274 | 1227 tok/s
step  1540 | lm 4.596 | pred 4.275 | 1228 tok/s
step  1560 | lm 4.736 | pred 4.275 | 1228 tok/s
step  1580 | lm 4.808 | pred 4.272 | 1228 tok/s
step  1600 | lm 4.877 | pred 4.270 | 1228 tok/s
step  1620 | lm 4.427 | pred 4.275 | 1228 tok/s
step  1640 | lm 4.859 | pred 4.275 | 1228 tok/s
step  1660 | lm 4.389 | pred 4.274 | 1229 tok/s
step  1680 | lm 4.651 | pred 4.278 | 1229 tok/s
step  1700 | lm 4.639 | pred 4.276 | 1229 tok/s
step  1720 | lm 4.460 | pred 4.277 | 1229 tok/s
step  1740 | lm 4.380 | pred 4.281 | 1229 tok/s
step  1760 | lm 4.788 | pred 4.273 | 1229 tok/s
step  1780 | lm 4.067 | pred 4.273 | 1229 tok/s
step  1800 | lm 4.562 | pred 4.277 | 1229 tok/s
step  1820 | lm 4.499 | pred 4.270 | 1230 tok/s
step  1840 | lm 4.892 | pred 4.280 | 1230 tok/s
step  1860 | lm 3.971 | pred 4.270 | 1230 tok/s
step  1880 | lm 4.702 | pred 4.271 | 1230 tok/s
step  1900 | lm 4.371 | pred 4.279 | 1230 tok/s
step  1920 | lm 4.149 | pred 4.273 | 1230 tok/s
step  1940 | lm 4.649 | pred 4.276 | 1230 tok/s
step  1960 | lm 4.388 | pred 4.277 | 1230 tok/s
step  1980 | lm 4.921 | pred 4.272 | 1231 tok/s
  eval step 2000: lm 4.404 pred 4.275 hit@k [h1: 0.124 | h2: 0.123 | h4: 0.123] | ent 3.849 persist 0.126 util_max 0.061
step  2000 | lm 4.512 | pred 4.277 | 1225 tok/s
step  2020 | lm 4.519 | pred 4.278 | 1225 tok/s
step  2040 | lm 4.282 | pred 4.277 | 1226 tok/s
step  2060 | lm 4.507 | pred 4.273 | 1226 tok/s
step  2080 | lm 4.796 | pred 4.277 | 1226 tok/s
step  2100 | lm 4.474 | pred 4.273 | 1226 tok/s
step  2120 | lm 5.245 | pred 4.272 | 1226 tok/s
step  2140 | lm 4.543 | pred 4.278 | 1226 tok/s
step  2160 | lm 4.601 | pred 4.275 | 1226 tok/s
step  2180 | lm 4.554 | pred 4.277 | 1226 tok/s
step  2200 | lm 4.459 | pred 4.274 | 1227 tok/s
step  2220 | lm 4.160 | pred 4.272 | 1227 tok/s
step  2240 | lm 3.991 | pred 4.280 | 1227 tok/s
step  2260 | lm 4.497 | pred 4.287 | 1227 tok/s
step  2280 | lm 4.687 | pred 4.277 | 1227 tok/s
step  2300 | lm 4.856 | pred 4.273 | 1227 tok/s
step  2320 | lm 5.025 | pred 4.272 | 1227 tok/s
step  2340 | lm 4.610 | pred 4.271 | 1227 tok/s
step  2360 | lm 4.399 | pred 4.279 | 1228 tok/s
step  2380 | lm 4.445 | pred 4.273 | 1228 tok/s
step  2400 | lm 4.124 | pred 4.276 | 1228 tok/s
step  2420 | lm 4.301 | pred 4.273 | 1228 tok/s
step  2440 | lm 4.302 | pred 4.276 | 1228 tok/s
step  2460 | lm 4.152 | pred 4.275 | 1228 tok/s
step  2480 | lm 4.966 | pred 4.274 | 1228 tok/s
step  2500 | lm 4.053 | pred 4.281 | 1228 tok/s
step  2520 | lm 4.505 | pred 4.277 | 1228 tok/s
step  2540 | lm 4.568 | pred 4.273 | 1228 tok/s
step  2560 | lm 4.373 | pred 4.275 | 1228 tok/s
step  2580 | lm 4.573 | pred 4.273 | 1229 tok/s
step  2600 | lm 4.819 | pred 4.278 | 1229 tok/s
step  2620 | lm 4.387 | pred 4.275 | 1229 tok/s
step  2640 | lm 4.405 | pred 4.275 | 1229 tok/s
step  2660 | lm 5.173 | pred 4.280 | 1229 tok/s
step  2680 | lm 5.144 | pred 4.271 | 1229 tok/s
step  2700 | lm 4.222 | pred 4.278 | 1229 tok/s
step  2720 | lm 4.480 | pred 4.280 | 1229 tok/s
step  2740 | lm 4.487 | pred 4.277 | 1229 tok/s
step  2760 | lm 4.466 | pred 4.269 | 1229 tok/s
step  2780 | lm 4.734 | pred 4.276 | 1229 tok/s
step  2800 | lm 4.538 | pred 4.279 | 1230 tok/s
step  2820 | lm 4.608 | pred 4.275 | 1230 tok/s
step  2840 | lm 4.277 | pred 4.274 | 1230 tok/s
step  2860 | lm 4.601 | pred 4.274 | 1230 tok/s
step  2880 | lm 4.855 | pred 4.277 | 1230 tok/s
step  2900 | lm 4.559 | pred 4.276 | 1230 tok/s
step  2920 | lm 4.311 | pred 4.276 | 1230 tok/s
step  2940 | lm 4.734 | pred 4.274 | 1230 tok/s
step  2960 | lm 4.333 | pred 4.275 | 1230 tok/s
step  2980 | lm 4.693 | pred 4.276 | 1230 tok/s
  eval step 3000: lm 4.359 pred 4.276 hit@k [h1: 0.124 | h2: 0.123 | h4: 0.123] | ent 3.846 persist 0.125 util_max 0.060
step  3000 | lm 5.075 | pred 4.275 | 1227 tok/s
step  3020 | lm 4.131 | pred 4.273 | 1227 tok/s
step  3040 | lm 4.811 | pred 4.271 | 1227 tok/s
step  3060 | lm 4.064 | pred 4.274 | 1227 tok/s
step  3080 | lm 4.369 | pred 4.272 | 1227 tok/s
step  3100 | lm 4.581 | pred 4.277 | 1227 tok/s
step  3120 | lm 4.548 | pred 4.275 | 1227 tok/s
step  3140 | lm 4.920 | pred 4.278 | 1227 tok/s
step  3160 | lm 4.253 | pred 4.274 | 1227 tok/s
step  3180 | lm 4.529 | pred 4.270 | 1227 tok/s
step  3200 | lm 4.281 | pred 4.276 | 1227 tok/s
step  3220 | lm 4.897 | pred 4.272 | 1227 tok/s
step  3240 | lm 4.773 | pred 4.268 | 1227 tok/s
step  3260 | lm 4.894 | pred 4.274 | 1228 tok/s
step  3280 | lm 4.475 | pred 4.270 | 1228 tok/s
step  3300 | lm 4.807 | pred 4.274 | 1228 tok/s
step  3320 | lm 4.660 | pred 4.275 | 1228 tok/s
step  3340 | lm 4.452 | pred 4.273 | 1228 tok/s
step  3360 | lm 4.792 | pred 4.279 | 1228 tok/s
step  3380 | lm 4.342 | pred 4.279 | 1228 tok/s
step  3400 | lm 4.191 | pred 4.279 | 1228 tok/s
step  3420 | lm 4.038 | pred 4.277 | 1228 tok/s
step  3440 | lm 4.537 | pred 4.278 | 1228 tok/s
step  3460 | lm 4.689 | pred 4.275 | 1228 tok/s
step  3480 | lm 4.500 | pred 4.277 | 1228 tok/s
step  3500 | lm 4.605 | pred 4.274 | 1228 tok/s
step  3520 | lm 4.734 | pred 4.282 | 1228 tok/s
step  3540 | lm 4.249 | pred 4.273 | 1228 tok/s
step  3560 | lm 4.965 | pred 4.271 | 1228 tok/s
step  3580 | lm 4.177 | pred 4.271 | 1228 tok/s
step  3600 | lm 4.388 | pred 4.274 | 1229 tok/s
step  3620 | lm 4.564 | pred 4.272 | 1229 tok/s
step  3640 | lm 4.524 | pred 4.273 | 1229 tok/s
step  3660 | lm 3.896 | pred 4.279 | 1229 tok/s
step  3680 | lm 4.335 | pred 4.276 | 1229 tok/s
step  3700 | lm 4.154 | pred 4.278 | 1229 tok/s
step  3720 | lm 4.403 | pred 4.277 | 1229 tok/s
step  3740 | lm 4.156 | pred 4.271 | 1229 tok/s
step  3760 | lm 4.206 | pred 4.273 | 1229 tok/s
step  3780 | lm 4.580 | pred 4.274 | 1229 tok/s
step  3800 | lm 4.461 | pred 4.275 | 1229 tok/s
step  3820 | lm 4.135 | pred 4.273 | 1229 tok/s
step  3840 | lm 4.357 | pred 4.279 | 1229 tok/s
step  3860 | lm 4.720 | pred 4.276 | 1229 tok/s
step  3880 | lm 4.214 | pred 4.274 | 1229 tok/s
step  3900 | lm 4.692 | pred 4.273 | 1229 tok/s
step  3920 | lm 4.417 | pred 4.280 | 1229 tok/s
step  3940 | lm 4.894 | pred 4.279 | 1229 tok/s
step  3960 | lm 4.533 | pred 4.275 | 1229 tok/s
step  3980 | lm 4.736 | pred 4.273 | 1229 tok/s
  eval step 4000: lm 4.309 pred 4.275 hit@k [h1: 0.124 | h2: 0.124 | h4: 0.123] | ent 3.847 persist 0.125 util_max 0.060
step  4000 | lm 4.461 | pred 4.274 | 1227 tok/s
step  4020 | lm 4.638 | pred 4.274 | 1227 tok/s
step  4040 | lm 4.192 | pred 4.273 | 1227 tok/s
step  4060 | lm 4.522 | pred 4.274 | 1227 tok/s
step  4080 | lm 4.107 | pred 4.277 | 1227 tok/s
step  4100 | lm 3.620 | pred 4.280 | 1227 tok/s
step  4120 | lm 4.662 | pred 4.275 | 1227 tok/s
step  4140 | lm 4.848 | pred 4.272 | 1227 tok/s
step  4160 | lm 4.257 | pred 4.273 | 1227 tok/s
step  4180 | lm 4.904 | pred 4.274 | 1227 tok/s
step  4200 | lm 3.909 | pred 4.278 | 1227 tok/s
step  4220 | lm 4.520 | pred 4.273 | 1227 tok/s
step  4240 | lm 5.025 | pred 4.278 | 1227 tok/s
step  4260 | lm 4.613 | pred 4.273 | 1227 tok/s
step  4280 | lm 3.808 | pred 4.280 | 1227 tok/s
step  4300 | lm 4.992 | pred 4.280 | 1228 tok/s
step  4320 | lm 4.724 | pred 4.277 | 1228 tok/s
step  4340 | lm 4.449 | pred 4.273 | 1228 tok/s
step  4360 | lm 4.620 | pred 4.273 | 1228 tok/s
step  4380 | lm 4.527 | pred 4.276 | 1228 tok/s
step  4400 | lm 4.352 | pred 4.276 | 1228 tok/s
step  4420 | lm 4.140 | pred 4.272 | 1228 tok/s
step  4440 | lm 4.705 | pred 4.277 | 1228 tok/s
step  4460 | lm 4.668 | pred 4.271 | 1228 tok/s
step  4480 | lm 4.822 | pred 4.277 | 1228 tok/s
step  4500 | lm 4.667 | pred 4.273 | 1228 tok/s
step  4520 | lm 4.566 | pred 4.274 | 1228 tok/s
step  4540 | lm 4.708 | pred 4.275 | 1228 tok/s
step  4560 | lm 4.609 | pred 4.276 | 1228 tok/s
step  4580 | lm 4.716 | pred 4.275 | 1228 tok/s
step  4600 | lm 4.729 | pred 4.276 | 1228 tok/s
step  4620 | lm 4.733 | pred 4.276 | 1228 tok/s
step  4640 | lm 4.473 | pred 4.281 | 1228 tok/s
step  4660 | lm 4.520 | pred 4.274 | 1228 tok/s
step  4680 | lm 4.322 | pred 4.278 | 1228 tok/s
step  4700 | lm 4.684 | pred 4.275 | 1228 tok/s
step  4720 | lm 4.678 | pred 4.275 | 1228 tok/s
step  4740 | lm 4.446 | pred 4.275 | 1228 tok/s
step  4760 | lm 4.288 | pred 4.278 | 1229 tok/s
step  4780 | lm 4.856 | pred 4.276 | 1229 tok/s
