params: 94M total / 56M active | mode=joint lambda_pred=0.0
Warning: You are sending unauthenticated requests to the HF Hub. Please set a HF_TOKEN to enable higher rate limits and faster downloads.
step     0 | lm 10.998 | pred 2.146 | 614 tok/s
step    20 | lm 10.569 | pred 2.146 | 7859 tok/s
step    40 | lm 9.337 | pred 2.150 | 11104 tok/s
step    60 | lm 8.449 | pred 2.120 | 12941 tok/s
step    80 | lm 7.531 | pred 2.182 | 14119 tok/s
step   100 | lm 7.706 | pred 2.117 | 14936 tok/s
step   120 | lm 7.443 | pred 2.119 | 15545 tok/s
step   140 | lm 7.439 | pred 2.125 | 15972 tok/s
step   160 | lm 7.679 | pred 2.130 | 16314 tok/s
step   180 | lm 7.317 | pred 2.143 | 16614 tok/s
step   200 | lm 6.848 | pred 2.146 | 16875 tok/s
step   220 | lm 7.502 | pred 2.139 | 17093 tok/s
step   240 | lm 7.495 | pred 2.147 | 17288 tok/s
step   260 | lm 7.168 | pred 2.133 | 17450 tok/s
step   280 | lm 7.247 | pred 2.140 | 17592 tok/s
step   300 | lm 7.429 | pred 2.140 | 17722 tok/s
step   320 | lm 7.417 | pred 2.147 | 17838 tok/s
step   340 | lm 6.723 | pred 2.149 | 17941 tok/s
step   360 | lm 7.001 | pred 2.150 | 18036 tok/s
step   380 | lm 6.929 | pred 2.148 | 18123 tok/s
step   400 | lm 7.069 | pred 2.145 | 18198 tok/s
step   420 | lm 6.949 | pred 2.145 | 18265 tok/s
step   440 | lm 7.251 | pred 2.137 | 18327 tok/s
step   460 | lm 6.853 | pred 2.146 | 18384 tok/s
step   480 | lm 6.995 | pred 2.137 | 18435 tok/s
  eval step 500: lm 6.733 pred 2.142 hit@k [h1: 0.252 | h2: 0.257 | h4: 0.260]
step   500 | lm 6.338 | pred 2.144 | 18355 tok/s
step   520 | lm 6.618 | pred 2.143 | 18405 tok/s
step   540 | lm 6.750 | pred 2.147 | 18452 tok/s
step   560 | lm 6.900 | pred 2.143 | 18497 tok/s
step   580 | lm 6.889 | pred 2.138 | 18538 tok/s
step   600 | lm 6.920 | pred 2.139 | 18579 tok/s
step   620 | lm 6.692 | pred 2.139 | 18615 tok/s
step   640 | lm 6.728 | pred 2.144 | 18650 tok/s
step   660 | lm 6.977 | pred 2.146 | 18685 tok/s
step   680 | lm 6.382 | pred 2.145 | 18715 tok/s
step   700 | lm 6.716 | pred 2.145 | 18743 tok/s
step   720 | lm 6.532 | pred 2.149 | 18770 tok/s
step   740 | lm 7.232 | pred 2.145 | 18798 tok/s
step   760 | lm 6.628 | pred 2.139 | 18821 tok/s
step   780 | lm 6.516 | pred 2.141 | 18844 tok/s
step   800 | lm 6.725 | pred 2.142 | 18866 tok/s
step   820 | lm 6.800 | pred 2.138 | 18887 tok/s
step   840 | lm 6.951 | pred 2.140 | 18905 tok/s
step   860 | lm 6.872 | pred 2.146 | 18919 tok/s
step   880 | lm 6.548 | pred 2.141 | 18939 tok/s
step   900 | lm 6.614 | pred 2.140 | 18957 tok/s
step   920 | lm 7.073 | pred 2.143 | 18975 tok/s
step   940 | lm 6.843 | pred 2.142 | 18991 tok/s
step   960 | lm 6.765 | pred 2.139 | 19007 tok/s
step   980 | lm 6.579 | pred 2.138 | 19022 tok/s
  eval step 1000: lm 6.614 pred 2.140 hit@k [h1: 0.258 | h2: 0.254 | h4: 0.255]
step  1000 | lm 6.704 | pred 2.142 | 18966 tok/s
step  1020 | lm 6.510 | pred 2.139 | 18981 tok/s
step  1040 | lm 6.663 | pred 2.141 | 18996 tok/s
step  1060 | lm 6.414 | pred 2.142 | 19010 tok/s
step  1080 | lm 6.673 | pred 2.140 | 19025 tok/s
step  1100 | lm 6.634 | pred 2.138 | 19039 tok/s
step  1120 | lm 6.881 | pred 2.143 | 19051 tok/s
step  1140 | lm 6.783 | pred 2.144 | 19062 tok/s
step  1160 | lm 6.604 | pred 2.140 | 19075 tok/s
step  1180 | lm 6.554 | pred 2.141 | 19087 tok/s
step  1200 | lm 7.015 | pred 2.143 | 19099 tok/s
step  1220 | lm 6.560 | pred 2.137 | 19111 tok/s
step  1240 | lm 6.839 | pred 2.140 | 19122 tok/s
step  1260 | lm 6.585 | pred 2.133 | 19132 tok/s
step  1280 | lm 6.568 | pred 2.142 | 19140 tok/s
step  1300 | lm 6.372 | pred 2.140 | 19149 tok/s
step  1320 | lm 6.783 | pred 2.141 | 19158 tok/s
step  1340 | lm 6.343 | pred 2.139 | 19167 tok/s
step  1360 | lm 6.751 | pred 2.142 | 19176 tok/s
step  1380 | lm 6.912 | pred 2.142 | 19184 tok/s
step  1400 | lm 6.715 | pred 2.137 | 19192 tok/s
step  1420 | lm 6.636 | pred 2.141 | 19199 tok/s
step  1440 | lm 6.800 | pred 2.140 | 19198 tok/s
step  1460 | lm 6.375 | pred 2.139 | 19200 tok/s
step  1480 | lm 7.100 | pred 2.142 | 19206 tok/s
  eval step 1500: lm 6.586 pred 2.138 hit@k [h1: 0.260 | h2: 0.256 | h4: 0.248]
step  1500 | lm 6.771 | pred 2.135 | 19167 tok/s
step  1520 | lm 6.647 | pred 2.142 | 19175 tok/s
step  1540 | lm 6.150 | pred 2.135 | 19183 tok/s
step  1560 | lm 6.655 | pred 2.137 | 19190 tok/s
step  1580 | lm 6.466 | pred 2.138 | 19193 tok/s
step  1600 | lm 6.387 | pred 2.136 | 19195 tok/s
step  1620 | lm 6.466 | pred 2.142 | 19200 tok/s
step  1640 | lm 6.700 | pred 2.138 | 19207 tok/s
step  1660 | lm 6.424 | pred 2.132 | 19214 tok/s
step  1680 | lm 6.199 | pred 2.135 | 19221 tok/s
step  1700 | lm 6.038 | pred 2.137 | 19227 tok/s
step  1720 | lm 6.371 | pred 2.140 | 19232 tok/s
step  1740 | lm 6.701 | pred 2.138 | 19238 tok/s
step  1760 | lm 6.682 | pred 2.137 | 19244 tok/s
step  1780 | lm 6.570 | pred 2.135 | 19250 tok/s
step  1800 | lm 6.575 | pred 2.137 | 19257 tok/s
step  1820 | lm 6.070 | pred 2.137 | 19263 tok/s
step  1840 | lm 6.343 | pred 2.138 | 19268 tok/s
step  1860 | lm 6.750 | pred 2.135 | 19273 tok/s
step  1880 | lm 6.321 | pred 2.139 | 19278 tok/s
step  1900 | lm 6.511 | pred 2.136 | 19283 tok/s
step  1920 | lm 6.199 | pred 2.136 | 19288 tok/s
step  1940 | lm 6.080 | pred 2.138 | 19293 tok/s
step  1960 | lm 6.213 | pred 2.138 | 19297 tok/s
step  1980 | lm 6.264 | pred 2.138 | 19302 tok/s
  eval step 2000: lm 6.350 pred 2.135 hit@k [h1: 0.256 | h2: 0.260 | h4: 0.252]
step  2000 | lm 6.183 | pred 2.136 | 19270 tok/s
step  2020 | lm 6.595 | pred 2.140 | 19275 tok/s
step  2040 | lm 6.251 | pred 2.138 | 19280 tok/s
step  2060 | lm 5.740 | pred 2.136 | 19285 tok/s
step  2080 | lm 6.238 | pred 2.139 | 19290 tok/s
step  2100 | lm 6.330 | pred 2.136 | 19294 tok/s
step  2120 | lm 6.637 | pred 2.135 | 19298 tok/s
step  2140 | lm 6.847 | pred 2.141 | 19302 tok/s
step  2160 | lm 6.374 | pred 2.137 | 19307 tok/s
step  2180 | lm 6.556 | pred 2.137 | 19311 tok/s
step  2200 | lm 6.452 | pred 2.134 | 19315 tok/s
step  2220 | lm 5.940 | pred 2.133 | 19318 tok/s
step  2240 | lm 6.246 | pred 2.136 | 19323 tok/s
step  2260 | lm 6.488 | pred 2.137 | 19327 tok/s
step  2280 | lm 6.222 | pred 2.135 | 19331 tok/s
step  2300 | lm 6.354 | pred 2.134 | 19334 tok/s
step  2320 | lm 6.188 | pred 2.137 | 19338 tok/s
step  2340 | lm 6.027 | pred 2.134 | 19341 tok/s
step  2360 | lm 6.345 | pred 2.138 | 19345 tok/s
step  2380 | lm 6.518 | pred 2.134 | 19348 tok/s
step  2400 | lm 6.266 | pred 2.135 | 19352 tok/s
step  2420 | lm 5.925 | pred 2.138 | 19355 tok/s
step  2440 | lm 6.448 | pred 2.136 | 19358 tok/s
step  2460 | lm 6.077 | pred 2.135 | 19361 tok/s
step  2480 | lm 6.369 | pred 2.137 | 19364 tok/s
  eval step 2500: lm 6.351 pred 2.134 hit@k [h1: 0.249 | h2: 0.264 | h4: 0.251]
step  2500 | lm 6.580 | pred 2.134 | 19339 tok/s
step  2520 | lm 6.080 | pred 2.136 | 19343 tok/s
step  2540 | lm 6.310 | pred 2.135 | 19347 tok/s
step  2560 | lm 6.444 | pred 2.137 | 19350 tok/s
step  2580 | lm 6.189 | pred 2.135 | 19353 tok/s
step  2600 | lm 6.017 | pred 2.138 | 19357 tok/s
step  2620 | lm 5.868 | pred 2.132 | 19359 tok/s
step  2640 | lm 6.612 | pred 2.133 | 19363 tok/s
step  2660 | lm 6.198 | pred 2.139 | 19366 tok/s
step  2680 | lm 6.346 | pred 2.135 | 19370 tok/s
step  2700 | lm 6.391 | pred 2.134 | 19372 tok/s
step  2720 | lm 6.416 | pred 2.136 | 19374 tok/s
step  2740 | lm 5.909 | pred 2.132 | 19378 tok/s
step  2760 | lm 6.482 | pred 2.136 | 19380 tok/s
step  2780 | lm 5.931 | pred 2.137 | 19383 tok/s
step  2800 | lm 6.611 | pred 2.135 | 19386 tok/s
step  2820 | lm 6.180 | pred 2.135 | 19388 tok/s
step  2840 | lm 6.164 | pred 2.136 | 19391 tok/s
step  2860 | lm 6.552 | pred 2.129 | 19392 tok/s
step  2880 | lm 6.421 | pred 2.133 | 19392 tok/s
step  2900 | lm 5.822 | pred 2.136 | 19393 tok/s
step  2920 | lm 6.129 | pred 2.133 | 19396 tok/s
step  2940 | lm 5.900 | pred 2.134 | 19399 tok/s
step  2960 | lm 6.082 | pred 2.132 | 19402 tok/s
step  2980 | lm 5.866 | pred 2.135 | 19404 tok/s
  eval step 3000: lm 6.151 pred 2.134 hit@k [h1: 0.257 | h2: 0.253 | h4: 0.255]
step  3000 | lm 6.180 | pred 2.136 | 19383 tok/s
step  3020 | lm 6.413 | pred 2.136 | 19383 tok/s
step  3040 | lm 6.111 | pred 2.132 | 19383 tok/s
step  3060 | lm 5.856 | pred 2.134 | 19384 tok/s
step  3080 | lm 6.192 | pred 2.133 | 19387 tok/s
step  3100 | lm 5.705 | pred 2.134 | 19389 tok/s
step  3120 | lm 6.020 | pred 2.134 | 19392 tok/s
step  3140 | lm 6.477 | pred 2.131 | 19394 tok/s
step  3160 | lm 6.980 | pred 2.133 | 19397 tok/s
step  3180 | lm 6.085 | pred 2.133 | 19399 tok/s
step  3200 | lm 5.884 | pred 2.134 | 19401 tok/s
step  3220 | lm 6.128 | pred 2.131 | 19403 tok/s
step  3240 | lm 6.167 | pred 2.136 | 19406 tok/s
step  3260 | lm 5.754 | pred 2.134 | 19408 tok/s
step  3280 | lm 6.077 | pred 2.132 | 19410 tok/s
step  3300 | lm 5.984 | pred 2.132 | 19413 tok/s
step  3320 | lm 6.082 | pred 2.135 | 19415 tok/s
step  3340 | lm 6.473 | pred 2.133 | 19416 tok/s
step  3360 | lm 6.002 | pred 2.133 | 19418 tok/s
step  3380 | lm 6.253 | pred 2.135 | 19421 tok/s
step  3400 | lm 5.968 | pred 2.134 | 19423 tok/s
step  3420 | lm 6.053 | pred 2.133 | 19425 tok/s
step  3440 | lm 6.384 | pred 2.130 | 19426 tok/s
step  3460 | lm 6.303 | pred 2.134 | 19428 tok/s
step  3480 | lm 6.113 | pred 2.132 | 19430 tok/s
  eval step 3500: lm 5.906 pred 2.132 hit@k [h1: 0.256 | h2: 0.260 | h4: 0.249]
step  3500 | lm 5.995 | pred 2.133 | 19412 tok/s
step  3520 | lm 5.902 | pred 2.131 | 19414 tok/s
step  3540 | lm 5.502 | pred 2.134 | 19416 tok/s
step  3560 | lm 6.060 | pred 2.132 | 19419 tok/s
step  3580 | lm 6.020 | pred 2.135 | 19421 tok/s
step  3600 | lm 6.123 | pred 2.133 | 19423 tok/s
step  3620 | lm 6.243 | pred 2.133 | 19425 tok/s
step  3640 | lm 6.684 | pred 2.132 | 19427 tok/s
step  3660 | lm 6.247 | pred 2.130 | 19429 tok/s
step  3680 | lm 5.822 | pred 2.132 | 19431 tok/s
step  3700 | lm 6.118 | pred 2.134 | 19433 tok/s
step  3720 | lm 5.972 | pred 2.130 | 19434 tok/s
step  3740 | lm 6.109 | pred 2.129 | 19435 tok/s
step  3760 | lm 5.774 | pred 2.134 | 19437 tok/s
step  3780 | lm 6.148 | pred 2.130 | 19439 tok/s
step  3800 | lm 5.956 | pred 2.131 | 19441 tok/s
step  3820 | lm 6.128 | pred 2.133 | 19443 tok/s
step  3840 | lm 6.261 | pred 2.129 | 19445 tok/s
step  3860 | lm 5.893 | pred 2.133 | 19446 tok/s
step  3880 | lm 6.093 | pred 2.130 | 19448 tok/s
step  3900 | lm 5.949 | pred 2.132 | 19450 tok/s
step  3920 | lm 6.078 | pred 2.131 | 19451 tok/s
step  3940 | lm 5.657 | pred 2.133 | 19453 tok/s
step  3960 | lm 6.154 | pred 2.130 | 19455 tok/s
step  3980 | lm 6.566 | pred 2.130 | 19456 tok/s
  eval step 4000: lm 6.056 pred 2.130 hit@k [h1: 0.257 | h2: 0.258 | h4: 0.253]
step  4000 | lm 6.132 | pred 2.131 | 19439 tok/s
step  4020 | lm 6.001 | pred 2.134 | 19440 tok/s
step  4040 | lm 5.922 | pred 2.131 | 19442 tok/s
step  4060 | lm 7.116 | pred 2.131 | 19443 tok/s
step  4080 | lm 5.729 | pred 2.132 | 19445 tok/s
step  4100 | lm 5.742 | pred 2.133 | 19447 tok/s
step  4120 | lm 5.589 | pred 2.136 | 19449 tok/s
step  4140 | lm 5.695 | pred 2.130 | 19451 tok/s
step  4160 | lm 5.804 | pred 2.131 | 19453 tok/s
step  4180 | lm 5.811 | pred 2.132 | 19455 tok/s
step  4200 | lm 6.162 | pred 2.132 | 19456 tok/s
step  4220 | lm 6.141 | pred 2.131 | 19457 tok/s
step  4240 | lm 5.938 | pred 2.130 | 19458 tok/s
step  4260 | lm 5.833 | pred 2.132 | 19460 tok/s
step  4280 | lm 6.072 | pred 2.133 | 19462 tok/s
step  4300 | lm 6.066 | pred 2.133 | 19461 tok/s
step  4320 | lm 6.169 | pred 2.133 | 19461 tok/s
step  4340 | lm 6.043 | pred 2.131 | 19462 tok/s
step  4360 | lm 6.125 | pred 2.132 | 19464 tok/s
step  4380 | lm 5.978 | pred 2.133 | 19464 tok/s
step  4400 | lm 6.357 | pred 2.132 | 19465 tok/s
step  4420 | lm 5.858 | pred 2.131 | 19465 tok/s
step  4440 | lm 6.255 | pred 2.132 | 19466 tok/s
step  4460 | lm 5.766 | pred 2.131 | 19467 tok/s
step  4480 | lm 5.841 | pred 2.134 | 19467 tok/s
  eval step 4500: lm 5.784 pred 2.131 hit@k [h1: 0.257 | h2: 0.262 | h4: 0.242]
step  4500 | lm 5.857 | pred 2.133 | 19449 tok/s
step  4520 | lm 5.811 | pred 2.131 | 19450 tok/s
step  4540 | lm 6.023 | pred 2.128 | 19452 tok/s
step  4560 | lm 6.566 | pred 2.128 | 19453 tok/s
step  4580 | lm 5.884 | pred 2.132 | 19454 tok/s
step  4600 | lm 5.873 | pred 2.132 | 19455 tok/s
step  4620 | lm 5.972 | pred 2.127 | 19457 tok/s
step  4640 | lm 5.848 | pred 2.131 | 19458 tok/s
step  4660 | lm 6.042 | pred 2.131 | 19460 tok/s
step  4680 | lm 5.767 | pred 2.130 | 19461 tok/s
step  4700 | lm 6.037 | pred 2.132 | 19463 tok/s
step  4720 | lm 6.978 | pred 2.135 | 19464 tok/s
step  4740 | lm 5.988 | pred 2.131 | 19465 tok/s
step  4760 | lm 6.157 | pred 2.127 | 19467 tok/s
step  4780 | lm 5.849 | pred 2.127 | 19468 tok/s
step  4800 | lm 5.603 | pred 2.130 | 19470 tok/s
step  4820 | lm 5.803 | pred 2.131 | 19471 tok/s
step  4840 | lm 5.672 | pred 2.130 | 19472 tok/s
step  4860 | lm 6.539 | pred 2.128 | 19474 tok/s
step  4880 | lm 5.955 | pred 2.129 | 19475 tok/s
step  4900 | lm 5.585 | pred 2.131 | 19476 tok/s
step  4920 | lm 5.794 | pred 2.131 | 19477 tok/s
step  4940 | lm 5.914 | pred 2.132 | 19479 tok/s
step  4960 | lm 5.896 | pred 2.131 | 19480 tok/s
step  4980 | lm 5.726 | pred 2.130 | 19482 tok/s
  eval step 5000: lm 5.915 pred 2.130 hit@k [h1: 0.258 | h2: 0.262 | h4: 0.247]
step  5000 | lm 6.184 | pred 2.131 | 19469 tok/s
step  5020 | lm 6.350 | pred 2.128 | 19470 tok/s
step  5040 | lm 5.408 | pred 2.131 | 19471 tok/s
step  5060 | lm 6.233 | pred 2.127 | 19472 tok/s
step  5080 | lm 5.592 | pred 2.131 | 19473 tok/s
step  5100 | lm 6.248 | pred 2.124 | 19475 tok/s
step  5120 | lm 5.839 | pred 2.131 | 19476 tok/s
step  5140 | lm 6.930 | pred 2.124 | 19477 tok/s
step  5160 | lm 5.742 | pred 2.131 | 19478 tok/s
step  5180 | lm 5.740 | pred 2.131 | 19479 tok/s
step  5200 | lm 5.591 | pred 2.131 | 19480 tok/s
step  5220 | lm 5.412 | pred 2.128 | 19480 tok/s
step  5240 | lm 6.409 | pred 2.132 | 19480 tok/s
step  5260 | lm 5.923 | pred 2.130 | 19480 tok/s
step  5280 | lm 5.760 | pred 2.130 | 19481 tok/s
step  5300 | lm 5.572 | pred 2.134 | 19482 tok/s
step  5320 | lm 5.872 | pred 2.133 | 19483 tok/s
step  5340 | lm 6.073 | pred 2.130 | 19484 tok/s
step  5360 | lm 5.892 | pred 2.131 | 19485 tok/s
step  5380 | lm 5.928 | pred 2.130 | 19486 tok/s
step  5400 | lm 5.974 | pred 2.131 | 19487 tok/s
step  5420 | lm 6.385 | pred 2.131 | 19488 tok/s
step  5440 | lm 5.671 | pred 2.129 | 19489 tok/s
step  5460 | lm 5.925 | pred 2.129 | 19489 tok/s
step  5480 | lm 6.045 | pred 2.130 | 19490 tok/s
  eval step 5500: lm 6.193 pred 2.130 hit@k [h1: 0.254 | h2: 0.265 | h4: 0.251]
step  5500 | lm 5.641 | pred 2.130 | 19478 tok/s
step  5520 | lm 5.929 | pred 2.129 | 19479 tok/s
step  5540 | lm 5.797 | pred 2.129 | 19480 tok/s
step  5560 | lm 5.926 | pred 2.130 | 19482 tok/s
step  5580 | lm 6.069 | pred 2.127 | 19483 tok/s
step  5600 | lm 5.191 | pred 2.132 | 19484 tok/s
step  5620 | lm 5.947 | pred 2.131 | 19485 tok/s
step  5640 | lm 5.786 | pred 2.129 | 19486 tok/s
step  5660 | lm 6.001 | pred 2.128 | 19487 tok/s
step  5680 | lm 5.847 | pred 2.131 | 19488 tok/s
step  5700 | lm 5.744 | pred 2.132 | 19489 tok/s
step  5720 | lm 5.828 | pred 2.131 | 19490 tok/s
step  5740 | lm 5.624 | pred 2.131 | 19490 tok/s
step  5760 | lm 5.510 | pred 2.135 | 19490 tok/s
step  5780 | lm 5.556 | pred 2.129 | 19491 tok/s
step  5800 | lm 6.052 | pred 2.134 | 19492 tok/s
step  5820 | lm 5.532 | pred 2.132 | 19493 tok/s
step  5840 | lm 6.177 | pred 2.132 | 19494 tok/s
step  5860 | lm 5.956 | pred 2.132 | 19495 tok/s
step  5880 | lm 6.147 | pred 2.131 | 19496 tok/s
step  5900 | lm 5.638 | pred 2.133 | 19497 tok/s
step  5920 | lm 5.706 | pred 2.131 | 19498 tok/s
step  5940 | lm 5.465 | pred 2.127 | 19499 tok/s
step  5960 | lm 5.906 | pred 2.131 | 19500 tok/s
step  5980 | lm 6.452 | pred 2.130 | 19501 tok/s
  eval step 6000: lm 6.285 pred 2.129 hit@k [h1: 0.256 | h2: 0.255 | h4: 0.260]
saved ckpt_h124_base.pt
Fatal Python error: PyGILState_Release: thread state 0x7fd995741750 must be current when releasing
Python runtime state: finalizing (tstate=0x0000000000a7f5b0)

Thread 0x00007fdcb47e9780 (most recent call first):
  <no Python frame>

Extension modules: numpy._core._multiarray_umath, numpy.linalg._umath_linalg, torch._C, torch._C._dynamo.autograd_compiler, torch._C._dynamo.eval_frame, torch._C._dynamo.guards, torch._C._dynamo.utils, torch._C._fft, torch._C._linalg, torch._C._nested, torch._C._nn, torch._C._sparse, torch._C._special, numpy.random._common, numpy.random.bit_generator, numpy.random._bounded_integers, numpy.random._pcg64, numpy.random._generator, numpy.random._mt19937, numpy.random._philox, numpy.random._sfc64, numpy.random.mtrand, pyarrow.lib, _cyutility, pandas._libs._cyutility, pandas._libs.tslibs.ccalendar, pandas._libs.tslibs.np_datetime, pandas._libs.tslibs.dtypes, pandas._libs.tslibs.base, pandas._libs.tslibs.nattype, pandas._libs.tslibs.timezones, pandas._libs.properties, pandas._libs.tslibs.fields, pandas._libs.tslibs.timedeltas, pandas._libs.tslibs.tzconversion, pandas._libs.tslibs.timestamps, pandas._libs.tslibs.offsets, pandas._libs.tslibs.strptime, pandas._libs.tslibs.parsing, pandas._libs.tslibs.conversion, pandas._libs.tslibs.period, pandas._libs.tslibs.vectorized, pandas._libs.ops_dispatch, pandas._libs.missing, pandas._libs.hashtable, pandas._libs.algos, pandas._libs.interval, pandas._libs.lib, pyarrow._compute, pandas._libs.ops, pandas._libs.hashing, pandas._libs.arrays, pandas._libs.tslib, pandas._libs.sparse, pandas._libs.internals, pandas._libs.indexing, pandas._libs.index, pandas._libs.writers, pandas._libs.join, pandas._libs.window.aggregations, pandas._libs.window.indexers, pandas._libs.reshape, pandas._libs.groupby, pandas._libs.json, pandas._libs.parsers, pandas._libs.testing, pyarrow._acero, pyarrow._fs, pyarrow._csv, pyarrow._json, pyarrow._substrait, pyarrow._dataset, pyarrow._dataset_orc, pyarrow._parquet, pyarrow._azurefs, pyarrow._hdfs, pyarrow._gcsfs, pyarrow._s3fs, pyarrow._parquet_encryption, pyarrow._dataset_parquet_encryption, pyarrow._dataset_parquet, yaml._yaml, charset_normalizer.md, charset_normalizer.cd, requests.packages.charset_normalizer.md, requests.packages.chardet.md, requests.packages.charset_normalizer.cd, requests.packages.chardet.cd, multidict._multidict, yarl._quoting_c, propcache._helpers_c, aiohttp._http_writer, aiohttp._http_parser, aiohttp._websocket.mask, aiohttp._websocket.reader_c, frozenlist._frozenlist, xxhash._xxhash, regex._regex (total: 98)
./run_h124_rest.sh: line 4: 1316992 Aborted                 $PY -u train.py --tier B --horizons 1,2,4 --lambda-pred 0.0 --steps 6000 --batch 8 --eval-every 500 --device cuda --save ckpt_h124_base.pt
params: 94M total / 56M active | mode=posthoc lambda_pred=1.0
Warning: You are sending unauthenticated requests to the HF Hub. Please set a HF_TOKEN to enable higher rate limits and faster downloads.
step     0 | lm 6.041 | pred 2.130 | 639 tok/s
step    20 | lm 5.937 | pred 2.103 | 11566 tok/s
step    40 | lm 5.872 | pred 2.031 | 19882 tok/s
step    60 | lm 5.865 | pred 1.937 | 26461 tok/s
step    80 | lm 5.793 | pred 1.800 | 31742 tok/s
step   100 | lm 6.202 | pred 1.698 | 36104 tok/s
step   120 | lm 5.923 | pred 1.625 | 39713 tok/s
step   140 | lm 6.020 | pred 1.552 | 42858 tok/s
step   160 | lm 6.267 | pred 1.515 | 45549 tok/s
step   180 | lm 6.155 | pred 1.454 | 47916 tok/s
step   200 | lm 5.585 | pred 1.432 | 49954 tok/s
step   220 | lm 6.212 | pred 1.416 | 51751 tok/s
step   240 | lm 6.338 | pred 1.394 | 53327 tok/s
step   260 | lm 6.111 | pred 1.353 | 54758 tok/s
step   280 | lm 6.146 | pred 1.371 | 56056 tok/s
step   300 | lm 6.326 | pred 1.350 | 57223 tok/s
step   320 | lm 6.240 | pred 1.332 | 58287 tok/s
step   340 | lm 5.581 | pred 1.335 | 59274 tok/s
step   360 | lm 6.129 | pred 1.314 | 60165 tok/s
step   380 | lm 5.867 | pred 1.322 | 60991 tok/s
step   400 | lm 6.046 | pred 1.312 | 61739 tok/s
step   420 | lm 6.071 | pred 1.289 | 62442 tok/s
step   440 | lm 6.203 | pred 1.280 | 63093 tok/s
step   460 | lm 5.882 | pred 1.284 | 63700 tok/s
step   480 | lm 6.134 | pred 1.279 | 64304 tok/s
  eval step 500: lm 5.958 pred 1.284 hit@k [h1: 0.840 | h2: 0.808 | h4: 0.731]
step   500 | lm 5.723 | pred 1.255 | 63193 tok/s
step   520 | lm 5.639 | pred 1.279 | 63701 tok/s
step   540 | lm 5.929 | pred 1.273 | 64219 tok/s
step   560 | lm 6.131 | pred 1.269 | 64706 tok/s
step   580 | lm 5.918 | pred 1.286 | 65198 tok/s
step   600 | lm 5.984 | pred 1.285 | 65628 tok/s
step   620 | lm 5.870 | pred 1.267 | 66044 tok/s
step   640 | lm 5.852 | pred 1.273 | 66417 tok/s
step   660 | lm 6.094 | pred 1.277 | 66787 tok/s
step   680 | lm 5.565 | pred 1.272 | 67127 tok/s
step   700 | lm 6.001 | pred 1.258 | 67474 tok/s
step   720 | lm 5.760 | pred 1.284 | 67776 tok/s
step   740 | lm 6.685 | pred 1.282 | 68084 tok/s
step   760 | lm 6.046 | pred 1.265 | 68348 tok/s
step   780 | lm 5.736 | pred 1.272 | 68628 tok/s
step   800 | lm 5.805 | pred 1.281 | 68903 tok/s
step   820 | lm 6.055 | pred 1.266 | 69181 tok/s
step   840 | lm 6.211 | pred 1.271 | 69438 tok/s
step   860 | lm 6.207 | pred 1.261 | 69684 tok/s
step   880 | lm 5.797 | pred 1.262 | 69902 tok/s
step   900 | lm 5.829 | pred 1.258 | 70141 tok/s
step   920 | lm 6.419 | pred 1.274 | 70371 tok/s
step   940 | lm 6.103 | pred 1.272 | 70595 tok/s
step   960 | lm 6.010 | pred 1.281 | 70797 tok/s
step   980 | lm 5.888 | pred 1.266 | 70990 tok/s
  eval step 1000: lm 5.996 pred 1.267 hit@k [h1: 0.845 | h2: 0.813 | h4: 0.735]
step  1000 | lm 6.158 | pred 1.259 | 70216 tok/s
step  1020 | lm 5.835 | pred 1.268 | 70406 tok/s
step  1040 | lm 6.077 | pred 1.258 | 70590 tok/s
step  1060 | lm 5.760 | pred 1.262 | 70761 tok/s
step  1080 | lm 6.056 | pred 1.269 | 70927 tok/s
step  1100 | lm 6.002 | pred 1.261 | 71102 tok/s
step  1120 | lm 6.321 | pred 1.277 | 71255 tok/s
step  1140 | lm 6.293 | pred 1.258 | 71418 tok/s
step  1160 | lm 6.014 | pred 1.265 | 71571 tok/s
step  1180 | lm 6.027 | pred 1.266 | 71729 tok/s
step  1200 | lm 6.156 | pred 1.316 | 71881 tok/s
step  1220 | lm 6.111 | pred 1.249 | 72020 tok/s
step  1240 | lm 6.364 | pred 1.261 | 72153 tok/s
step  1260 | lm 5.992 | pred 1.300 | 72288 tok/s
step  1280 | lm 5.993 | pred 1.263 | 72401 tok/s
step  1300 | lm 5.717 | pred 1.267 | 72526 tok/s
step  1320 | lm 5.982 | pred 1.285 | 72656 tok/s
step  1340 | lm 5.579 | pred 1.269 | 72788 tok/s
step  1360 | lm 6.089 | pred 1.272 | 72901 tok/s
step  1380 | lm 6.417 | pred 1.254 | 73010 tok/s
step  1400 | lm 6.178 | pred 1.266 | 73115 tok/s
step  1420 | lm 6.082 | pred 1.277 | 73227 tok/s
step  1440 | lm 6.286 | pred 1.266 | 73335 tok/s
step  1460 | lm 5.743 | pred 1.256 | 73440 tok/s
step  1480 | lm 6.513 | pred 1.276 | 73541 tok/s
  eval step 1500: lm 6.031 pred 1.265 hit@k [h1: 0.846 | h2: 0.815 | h4: 0.736]
step  1500 | lm 6.229 | pred 1.264 | 72963 tok/s
step  1520 | lm 6.084 | pred 1.261 | 73066 tok/s
step  1540 | lm 5.581 | pred 1.260 | 73177 tok/s
step  1560 | lm 6.145 | pred 1.258 | 73281 tok/s
step  1580 | lm 5.917 | pred 1.268 | 73367 tok/s
step  1600 | lm 5.912 | pred 1.252 | 73460 tok/s
step  1620 | lm 5.950 | pred 1.269 | 73556 tok/s
step  1640 | lm 6.238 | pred 1.263 | 73638 tok/s
step  1660 | lm 5.870 | pred 1.258 | 73733 tok/s
step  1680 | lm 5.581 | pred 1.269 | 73814 tok/s
step  1700 | lm 5.448 | pred 1.288 | 73875 tok/s
step  1720 | lm 5.891 | pred 1.260 | 73953 tok/s
step  1740 | lm 6.194 | pred 1.260 | 74040 tok/s
step  1760 | lm 6.221 | pred 1.258 | 74126 tok/s
step  1780 | lm 6.041 | pred 1.273 | 74213 tok/s
step  1800 | lm 6.076 | pred 1.266 | 74296 tok/s
step  1820 | lm 5.510 | pred 1.262 | 74374 tok/s
step  1840 | lm 5.926 | pred 1.254 | 74437 tok/s
step  1860 | lm 6.284 | pred 1.280 | 74506 tok/s
step  1880 | lm 5.928 | pred 1.248 | 74574 tok/s
step  1900 | lm 5.866 | pred 1.273 | 74648 tok/s
step  1920 | lm 5.797 | pred 1.253 | 74720 tok/s
step  1940 | lm 5.603 | pred 1.269 | 74791 tok/s
step  1960 | lm 5.769 | pred 1.264 | 74854 tok/s
step  1980 | lm 5.848 | pred 1.255 | 74920 tok/s
  eval step 2000: lm 5.909 pred 1.266 hit@k [h1: 0.847 | h2: 0.815 | h4: 0.735]
saved ckpt_h124_posthoc.pt
